cellbender:remove-background: Command:
cellbender remove-background --input /home/dennis00/Yi_lab/raw_h5_data/Jorstad_h5/set_Q19.26.015.h5 --output /home/dennis00/Yi_lab/cellbent_output_RAW/Jorstad/set_Q19.26.015.h5 --cuda --expected-cells 12000 --total-droplets-included 20000 --low-count-threshold 15 --learning-rate 1e-4 --fpr 0.01 --epochs 150
cellbender:remove-background: 2023-10-15 16:14:29
cellbender:remove-background: Running remove-background
cellbender:remove-background: Loading data from file /home/dennis00/Yi_lab/raw_h5_data/Jorstad_h5/set_Q19.26.015.h5
cellbender:remove-background: CellRanger v2 format
cellbender:remove-background: Trimming dataset for inference.
cellbender:remove-background: Including 28413 genes that have nonzero counts.
cellbender:remove-background: Prior on counts in empty droplets is 12087
cellbender:remove-background: Prior on counts for cells is 12637
cellbender:remove-background: Excluding barcodes with counts below 6043
cellbender:remove-background: Using 12000 probable cell barcodes, plus an additional 8000 barcodes, and 9422 empty droplets.
cellbender:remove-background: Largest surely-empty droplet has 10792.0 UMI counts.
cellbender:remove-background: Running inference...
cellbender:remove-background: [epoch 001]  average training loss: 16755.2120
cellbender:remove-background: [epoch 002]  average training loss: 15427.8216  (10.6 seconds per epoch)
cellbender:remove-background: [epoch 003]  average training loss: 15438.2278
cellbender:remove-background: [epoch 004]  average training loss: 15434.9927
cellbender:remove-background: [epoch 005]  average training loss: 15422.4583
cellbender:remove-background: [epoch 005] average test loss: 15290.1267
cellbender:remove-background: [epoch 006]  average training loss: 15409.5244
cellbender:remove-background: [epoch 007]  average training loss: 15406.0126
cellbender:remove-background: [epoch 008]  average training loss: 15361.5347
cellbender:remove-background: [epoch 009]  average training loss: 15328.8371
