[1] 6802
'select()' returned 1:1 mapping between keys and columns
'select()' returned 1:1 mapping between keys and columns
'select()' returned 1:many mapping between keys and columns
[1] 6805
[1] 11938
'select()' returned 1:1 mapping between keys and columns
'select()' returned 1:1 mapping between keys and columns
'select()' returned 1:many mapping between keys and columns
[1] 11941
[1] 10812
'select()' returned 1:1 mapping between keys and columns
'select()' returned 1:1 mapping between keys and columns
'select()' returned 1:many mapping between keys and columns
[1] 10815
[1] 3530
'select()' returned 1:1 mapping between keys and columns
'select()' returned 1:1 mapping between keys and columns
'select()' returned 1:1 mapping between keys and columns
[1] 3532
[1] 7464
'select()' returned 1:1 mapping between keys and columns
'select()' returned 1:many mapping between keys and columns
'select()' returned 1:many mapping between keys and columns
[1] 7467
[1] 5851
'select()' returned 1:1 mapping between keys and columns
'select()' returned 1:many mapping between keys and columns
'select()' returned 1:many mapping between keys and columns
[1] 5854
[1] 8783
'select()' returned 1:1 mapping between keys and columns
'select()' returned 1:1 mapping between keys and columns
'select()' returned 1:many mapping between keys and columns
[1] 8786
[1] 12569
'select()' returned 1:1 mapping between keys and columns
'select()' returned 1:1 mapping between keys and columns
'select()' returned 1:many mapping between keys and columns
[1] 12572
[1] 11670
'select()' returned 1:1 mapping between keys and columns
'select()' returned 1:1 mapping between keys and columns
'select()' returned 1:many mapping between keys and columns
[1] 11673
[1] 6697
'select()' returned 1:1 mapping between keys and columns
'select()' returned 1:1 mapping between keys and columns
'select()' returned 1:1 mapping between keys and columns
[1] 6699
[1] 8815
'select()' returned 1:1 mapping between keys and columns
'select()' returned 1:1 mapping between keys and columns
'select()' returned 1:many mapping between keys and columns
[1] 8818
[1] 8490
'select()' returned 1:1 mapping between keys and columns
'select()' returned 1:1 mapping between keys and columns
'select()' returned 1:many mapping between keys and columns
[1] 8493
[1] 6802
'select()' returned 1:1 mapping between keys and columns
'select()' returned 1:1 mapping between keys and columns
'select()' returned 1:many mapping between keys and columns
[1] 6805
[1] 11938
'select()' returned 1:1 mapping between keys and columns
'select()' returned 1:1 mapping between keys and columns
'select()' returned 1:many mapping between keys and columns
[1] 11941
[1] 10812
'select()' returned 1:1 mapping between keys and columns
'select()' returned 1:1 mapping between keys and columns
'select()' returned 1:many mapping between keys and columns
[1] 10815
[1] 3530
'select()' returned 1:1 mapping between keys and columns
'select()' returned 1:1 mapping between keys and columns
'select()' returned 1:1 mapping between keys and columns
[1] 3532
[1] 7464
'select()' returned 1:1 mapping between keys and columns
'select()' returned 1:many mapping between keys and columns
'select()' returned 1:many mapping between keys and columns
[1] 7467
[1] 5851
'select()' returned 1:1 mapping between keys and columns
'select()' returned 1:many mapping between keys and columns
'select()' returned 1:many mapping between keys and columns
[1] 5854
[1] 8783
'select()' returned 1:1 mapping between keys and columns
'select()' returned 1:1 mapping between keys and columns
'select()' returned 1:many mapping between keys and columns
[1] 8786
[1] 12569
'select()' returned 1:1 mapping between keys and columns
'select()' returned 1:1 mapping between keys and columns
'select()' returned 1:many mapping between keys and columns
[1] 12572
[1] 11670
'select()' returned 1:1 mapping between keys and columns
'select()' returned 1:1 mapping between keys and columns
'select()' returned 1:many mapping between keys and columns
[1] 11673
[1] 6697
'select()' returned 1:1 mapping between keys and columns
'select()' returned 1:1 mapping between keys and columns
'select()' returned 1:1 mapping between keys and columns
[1] 6699
[1] 8815
'select()' returned 1:1 mapping between keys and columns
'select()' returned 1:1 mapping between keys and columns
'select()' returned 1:many mapping between keys and columns
[1] 8818
[1] 8490
'select()' returned 1:1 mapping between keys and columns
'select()' returned 1:1 mapping between keys and columns
'select()' returned 1:many mapping between keys and columns
[1] 8493
[1] 6802
'select()' returned 1:1 mapping between keys and columns
'select()' returned 1:1 mapping between keys and columns
'select()' returned 1:many mapping between keys and columns
[1] 6805
[1] 11938
'select()' returned 1:1 mapping between keys and columns
'select()' returned 1:1 mapping between keys and columns
'select()' returned 1:many mapping between keys and columns
[1] 11941
[1] 10812
'select()' returned 1:1 mapping between keys and columns
'select()' returned 1:1 mapping between keys and columns
'select()' returned 1:many mapping between keys and columns
[1] 10815
[1] 3530
'select()' returned 1:1 mapping between keys and columns
'select()' returned 1:1 mapping between keys and columns
'select()' returned 1:1 mapping between keys and columns
[1] 3532
[1] 7464
'select()' returned 1:1 mapping between keys and columns
'select()' returned 1:many mapping between keys and columns
'select()' returned 1:many mapping between keys and columns
[1] 7467
[1] 5851
'select()' returned 1:1 mapping between keys and columns
'select()' returned 1:many mapping between keys and columns
'select()' returned 1:many mapping between keys and columns
[1] 5854
[1] 8783
'select()' returned 1:1 mapping between keys and columns
'select()' returned 1:1 mapping between keys and columns
'select()' returned 1:many mapping between keys and columns
[1] 8786
[1] 12569
'select()' returned 1:1 mapping between keys and columns
'select()' returned 1:1 mapping between keys and columns
'select()' returned 1:many mapping between keys and columns
[1] 12572
[1] 11670
'select()' returned 1:1 mapping between keys and columns
'select()' returned 1:1 mapping between keys and columns
'select()' returned 1:many mapping between keys and columns
[1] 11673
[1] 6697
'select()' returned 1:1 mapping between keys and columns
'select()' returned 1:1 mapping between keys and columns
'select()' returned 1:1 mapping between keys and columns
[1] 6699
[1] 8815
'select()' returned 1:1 mapping between keys and columns
'select()' returned 1:1 mapping between keys and columns
'select()' returned 1:many mapping between keys and columns
[1] 8818
[1] 8490
'select()' returned 1:1 mapping between keys and columns
'select()' returned 1:1 mapping between keys and columns
'select()' returned 1:many mapping between keys and columns
[1] 8493
[1] 6802
'select()' returned 1:1 mapping between keys and columns
'select()' returned 1:1 mapping between keys and columns
'select()' returned 1:many mapping between keys and columns
[1] 6805
[1] 11938
'select()' returned 1:1 mapping between keys and columns
'select()' returned 1:1 mapping between keys and columns
'select()' returned 1:many mapping between keys and columns
[1] 11941
[1] 10812
'select()' returned 1:1 mapping between keys and columns
'select()' returned 1:1 mapping between keys and columns
'select()' returned 1:many mapping between keys and columns
[1] 10815
[1] 3530
'select()' returned 1:1 mapping between keys and columns
'select()' returned 1:1 mapping between keys and columns
'select()' returned 1:1 mapping between keys and columns
[1] 3532
[1] 7464
'select()' returned 1:1 mapping between keys and columns
'select()' returned 1:many mapping between keys and columns
'select()' returned 1:many mapping between keys and columns
[1] 7467
[1] 5851
'select()' returned 1:1 mapping between keys and columns
'select()' returned 1:many mapping between keys and columns
'select()' returned 1:many mapping between keys and columns
[1] 5854
[1] 8783
'select()' returned 1:1 mapping between keys and columns
'select()' returned 1:1 mapping between keys and columns
'select()' returned 1:many mapping between keys and columns
[1] 8786
[1] 12569
'select()' returned 1:1 mapping between keys and columns
'select()' returned 1:1 mapping between keys and columns
'select()' returned 1:many mapping between keys and columns
[1] 12572
[1] 11670
'select()' returned 1:1 mapping between keys and columns
'select()' returned 1:1 mapping between keys and columns
'select()' returned 1:many mapping between keys and columns
[1] 11673
[1] 6697
'select()' returned 1:1 mapping between keys and columns
'select()' returned 1:1 mapping between keys and columns
'select()' returned 1:1 mapping between keys and columns
[1] 6699
[1] 8815
'select()' returned 1:1 mapping between keys and columns
'select()' returned 1:1 mapping between keys and columns
'select()' returned 1:many mapping between keys and columns
[1] 8818
[1] 8490
'select()' returned 1:1 mapping between keys and columns
'select()' returned 1:1 mapping between keys and columns
'select()' returned 1:many mapping between keys and columns
[1] 8493
[1] 6802
'select()' returned 1:1 mapping between keys and columns
'select()' returned 1:1 mapping between keys and columns
'select()' returned 1:many mapping between keys and columns
[1] 6805
[1] 11938
'select()' returned 1:1 mapping between keys and columns
'select()' returned 1:1 mapping between keys and columns
'select()' returned 1:many mapping between keys and columns
[1] 11941
[1] 10812
'select()' returned 1:1 mapping between keys and columns
'select()' returned 1:1 mapping between keys and columns
'select()' returned 1:many mapping between keys and columns
[1] 10815
[1] 3530
'select()' returned 1:1 mapping between keys and columns
'select()' returned 1:1 mapping between keys and columns
'select()' returned 1:1 mapping between keys and columns
[1] 3532
[1] 7464
'select()' returned 1:1 mapping between keys and columns
'select()' returned 1:many mapping between keys and columns
'select()' returned 1:many mapping between keys and columns
[1] 7467
[1] 5851
'select()' returned 1:1 mapping between keys and columns
'select()' returned 1:many mapping between keys and columns
'select()' returned 1:many mapping between keys and columns
[1] 5854
[1] 8783
'select()' returned 1:1 mapping between keys and columns
'select()' returned 1:1 mapping between keys and columns
'select()' returned 1:many mapping between keys and columns
[1] 8786
[1] 12569
'select()' returned 1:1 mapping between keys and columns
'select()' returned 1:1 mapping between keys and columns
'select()' returned 1:many mapping between keys and columns
[1] 12572
[1] 11670
'select()' returned 1:1 mapping between keys and columns
'select()' returned 1:1 mapping between keys and columns
'select()' returned 1:many mapping between keys and columns
[1] 11673
[1] 6697
'select()' returned 1:1 mapping between keys and columns
'select()' returned 1:1 mapping between keys and columns
'select()' returned 1:1 mapping between keys and columns
[1] 6699
[1] 8815
'select()' returned 1:1 mapping between keys and columns
'select()' returned 1:1 mapping between keys and columns
'select()' returned 1:many mapping between keys and columns
[1] 8818
[1] 8490
'select()' returned 1:1 mapping between keys and columns
'select()' returned 1:1 mapping between keys and columns
'select()' returned 1:many mapping between keys and columns
[1] 8493
[1] 6802
'select()' returned 1:1 mapping between keys and columns
'select()' returned 1:1 mapping between keys and columns
'select()' returned 1:many mapping between keys and columns
[1] 6805
[1] 11938
'select()' returned 1:1 mapping between keys and columns
'select()' returned 1:1 mapping between keys and columns
'select()' returned 1:many mapping between keys and columns
[1] 11941
[1] 10812
'select()' returned 1:1 mapping between keys and columns
'select()' returned 1:1 mapping between keys and columns
'select()' returned 1:many mapping between keys and columns
[1] 10815
[1] 3530
'select()' returned 1:1 mapping between keys and columns
'select()' returned 1:1 mapping between keys and columns
'select()' returned 1:1 mapping between keys and columns
[1] 3532
[1] 7464
'select()' returned 1:1 mapping between keys and columns
'select()' returned 1:many mapping between keys and columns
'select()' returned 1:many mapping between keys and columns
[1] 7467
[1] 5851
'select()' returned 1:1 mapping between keys and columns
'select()' returned 1:many mapping between keys and columns
'select()' returned 1:many mapping between keys and columns
[1] 5854
[1] 8783
'select()' returned 1:1 mapping between keys and columns
'select()' returned 1:1 mapping between keys and columns
'select()' returned 1:many mapping between keys and columns
[1] 8786
[1] 12569
'select()' returned 1:1 mapping between keys and columns
'select()' returned 1:1 mapping between keys and columns
'select()' returned 1:many mapping between keys and columns
[1] 12572
[1] 11670
'select()' returned 1:1 mapping between keys and columns
'select()' returned 1:1 mapping between keys and columns
'select()' returned 1:many mapping between keys and columns
[1] 11673
[1] 6697
'select()' returned 1:1 mapping between keys and columns
'select()' returned 1:1 mapping between keys and columns
'select()' returned 1:1 mapping between keys and columns
[1] 6699
[1] 8815
'select()' returned 1:1 mapping between keys and columns
'select()' returned 1:1 mapping between keys and columns
'select()' returned 1:many mapping between keys and columns
[1] 8818
[1] 8490
'select()' returned 1:1 mapping between keys and columns
'select()' returned 1:1 mapping between keys and columns
'select()' returned 1:many mapping between keys and columns
[1] 8493
[1] 6802
'select()' returned 1:1 mapping between keys and columns
'select()' returned 1:1 mapping between keys and columns
'select()' returned 1:many mapping between keys and columns
[1] 6805
[1] 11938
'select()' returned 1:1 mapping between keys and columns
'select()' returned 1:1 mapping between keys and columns
'select()' returned 1:many mapping between keys and columns
[1] 11941
[1] 10812
'select()' returned 1:1 mapping between keys and columns
'select()' returned 1:1 mapping between keys and columns
'select()' returned 1:many mapping between keys and columns
[1] 10815
[1] 3530
'select()' returned 1:1 mapping between keys and columns
'select()' returned 1:1 mapping between keys and columns
'select()' returned 1:1 mapping between keys and columns
[1] 3532
[1] 7464
'select()' returned 1:1 mapping between keys and columns
'select()' returned 1:many mapping between keys and columns
'select()' returned 1:many mapping between keys and columns
[1] 7467
[1] 5851
'select()' returned 1:1 mapping between keys and columns
'select()' returned 1:many mapping between keys and columns
'select()' returned 1:many mapping between keys and columns
[1] 5854
[1] 8783
'select()' returned 1:1 mapping between keys and columns
'select()' returned 1:1 mapping between keys and columns
'select()' returned 1:many mapping between keys and columns
[1] 8786
[1] 12569
'select()' returned 1:1 mapping between keys and columns
'select()' returned 1:1 mapping between keys and columns
'select()' returned 1:many mapping between keys and columns
[1] 12572
[1] 11670
'select()' returned 1:1 mapping between keys and columns
'select()' returned 1:1 mapping between keys and columns
'select()' returned 1:many mapping between keys and columns
[1] 11673
[1] 6697
'select()' returned 1:1 mapping between keys and columns
'select()' returned 1:1 mapping between keys and columns
'select()' returned 1:1 mapping between keys and columns
[1] 6699
[1] 8815
'select()' returned 1:1 mapping between keys and columns
'select()' returned 1:1 mapping between keys and columns
'select()' returned 1:many mapping between keys and columns
[1] 8818
[1] 8490
'select()' returned 1:1 mapping between keys and columns
'select()' returned 1:1 mapping between keys and columns
'select()' returned 1:many mapping between keys and columns
[1] 8493
[1] 6802
'select()' returned 1:1 mapping between keys and columns
'select()' returned 1:1 mapping between keys and columns
'select()' returned 1:many mapping between keys and columns
[1] 6805
[1] 11938
'select()' returned 1:1 mapping between keys and columns
'select()' returned 1:1 mapping between keys and columns
'select()' returned 1:many mapping between keys and columns
[1] 11941
[1] 10812
'select()' returned 1:1 mapping between keys and columns
'select()' returned 1:1 mapping between keys and columns
'select()' returned 1:many mapping between keys and columns
[1] 10815
[1] 3530
'select()' returned 1:1 mapping between keys and columns
'select()' returned 1:1 mapping between keys and columns
'select()' returned 1:1 mapping between keys and columns
[1] 3532
[1] 7464
'select()' returned 1:1 mapping between keys and columns
'select()' returned 1:many mapping between keys and columns
'select()' returned 1:many mapping between keys and columns
[1] 7467
[1] 5851
'select()' returned 1:1 mapping between keys and columns
'select()' returned 1:many mapping between keys and columns
'select()' returned 1:many mapping between keys and columns
[1] 5854
[1] 8783
'select()' returned 1:1 mapping between keys and columns
'select()' returned 1:1 mapping between keys and columns
'select()' returned 1:many mapping between keys and columns
[1] 8786
[1] 12569
'select()' returned 1:1 mapping between keys and columns
'select()' returned 1:1 mapping between keys and columns
'select()' returned 1:many mapping between keys and columns
[1] 12572
[1] 11670
'select()' returned 1:1 mapping between keys and columns
'select()' returned 1:1 mapping between keys and columns
'select()' returned 1:many mapping between keys and columns
[1] 11673
[1] 6697
'select()' returned 1:1 mapping between keys and columns
'select()' returned 1:1 mapping between keys and columns
'select()' returned 1:1 mapping between keys and columns
[1] 6699
[1] 8815
'select()' returned 1:1 mapping between keys and columns
'select()' returned 1:1 mapping between keys and columns
'select()' returned 1:many mapping between keys and columns
[1] 8818
[1] 8490
'select()' returned 1:1 mapping between keys and columns
'select()' returned 1:1 mapping between keys and columns
'select()' returned 1:many mapping between keys and columns
[1] 8493
[1] 6802
'select()' returned 1:1 mapping between keys and columns
'select()' returned 1:1 mapping between keys and columns
'select()' returned 1:many mapping between keys and columns
[1] 6805
[1] 11938
'select()' returned 1:1 mapping between keys and columns
'select()' returned 1:1 mapping between keys and columns
'select()' returned 1:many mapping between keys and columns
[1] 11941
[1] 10812
'select()' returned 1:1 mapping between keys and columns
'select()' returned 1:1 mapping between keys and columns
'select()' returned 1:many mapping between keys and columns
[1] 10815
[1] 3530
'select()' returned 1:1 mapping between keys and columns
'select()' returned 1:1 mapping between keys and columns
'select()' returned 1:1 mapping between keys and columns
[1] 3532
[1] 7464
'select()' returned 1:1 mapping between keys and columns
'select()' returned 1:many mapping between keys and columns
'select()' returned 1:many mapping between keys and columns
[1] 7467
[1] 5851
'select()' returned 1:1 mapping between keys and columns
'select()' returned 1:many mapping between keys and columns
'select()' returned 1:many mapping between keys and columns
[1] 5854
[1] 8783
'select()' returned 1:1 mapping between keys and columns
'select()' returned 1:1 mapping between keys and columns
'select()' returned 1:many mapping between keys and columns
[1] 8786
[1] 12569
'select()' returned 1:1 mapping between keys and columns
'select()' returned 1:1 mapping between keys and columns
'select()' returned 1:many mapping between keys and columns
[1] 12572
[1] 11670
'select()' returned 1:1 mapping between keys and columns
'select()' returned 1:1 mapping between keys and columns
'select()' returned 1:many mapping between keys and columns
[1] 11673
[1] 6697
'select()' returned 1:1 mapping between keys and columns
'select()' returned 1:1 mapping between keys and columns
'select()' returned 1:1 mapping between keys and columns
[1] 6699
[1] 8815
'select()' returned 1:1 mapping between keys and columns
'select()' returned 1:1 mapping between keys and columns
'select()' returned 1:many mapping between keys and columns
[1] 8818
[1] 8490
'select()' returned 1:1 mapping between keys and columns
'select()' returned 1:1 mapping between keys and columns
'select()' returned 1:many mapping between keys and columns
[1] 8493
GO_term_combined3.R
SLURM Job ID        : 12833
