[1] "/home/local/ADS/dennis00/Yi_Lab/Lab_WorkDir/Dennis/Evolution/pbres/pseudo_bulk_analysis_results_018/Ma/Ma_df_human_chimp.rds_sce.rdscounts_ls.rds/"
[1] "Astro_#chimp-vs-Astro_#human_compare_B_vs_A_all_genes.csv"   
[2] "Astro_#chimp-vs-Astro_#human_compare_B_vs_A_signif_genes.csv"
[3] "Astro_#chimp-vs-Astro_#human_dispersion_plot.png"            
[4] "Astro_#chimp-vs-Astro_#human_specific_heatmap.png"           
[5] "Astro_#chimp-vs-Astro_#human_specific_PCAplot.png"           
[6] "Excite_#chimp-vs-Excite_#human_compare_B_vs_A_all_genes.csv" 
[1] "Astro_#chimp-vs-Astro_#human_compare_B_vs_A_all_genes.csv"   
[2] "Astro_#chimp-vs-Astro_#human_compare_B_vs_A_signif_genes.csv"
[3] "Astro_#chimp-vs-Astro_#human_dispersion_plot.png"            
[4] "Astro_#chimp-vs-Astro_#human_specific_heatmap.png"           
[5] "Astro_#chimp-vs-Astro_#human_specific_PCAplot.png"           
Rows: 10192 Columns: 6
── Column specification ────────────────────────────────────────────────────────
Delimiter: ","
chr (1): gene
dbl (5): baseMean, log2FoldChange, lfcSE, pvalue, padj

ℹ Use `spec()` to retrieve the full column specification for this data.
ℹ Specify the column types or set `show_col_types = FALSE` to quiet this message.
Rows: 9500 Columns: 6
── Column specification ────────────────────────────────────────────────────────
Delimiter: ","
chr (1): gene
dbl (5): baseMean, log2FoldChange, lfcSE, pvalue, padj

ℹ Use `spec()` to retrieve the full column specification for this data.
ℹ Specify the column types or set `show_col_types = FALSE` to quiet this message.
Rows: 10249 Columns: 6
── Column specification ────────────────────────────────────────────────────────
Delimiter: ","
chr (1): gene
dbl (5): baseMean, log2FoldChange, lfcSE, pvalue, padj

ℹ Use `spec()` to retrieve the full column specification for this data.
ℹ Specify the column types or set `show_col_types = FALSE` to quiet this message.
# A tibble: 10,192 × 6
   gene    baseMean log2FoldChange lfcSE  pvalue   padj
   <chr>      <dbl>          <dbl> <dbl>   <dbl>  <dbl>
 1 PRDM16   4117.          -0.0695 0.209 0.650   0.858 
 2 PEX10     129.          -0.244  0.305 0.147   0.411 
 3 PEX14     866.          -0.0102 0.193 0.945   0.987 
 4 PLCH2      47.2          0.0623 0.495 0.674   0.871 
 5 SPSB1      66.5         -0.0116 0.323 0.935   0.983 
 6 SLC2A5     75.4          0.0877 0.348 0.544   0.803 
 7 PLEKHM2   909.          -0.149  0.183 0.306   0.615 
 8 NMNAT1    295.           0.107  0.213 0.490   0.767 
 9 DISP3     295.          -0.140  0.296 0.374   0.674 
10 MMEL1       9.72        -1.38   1.55  0.00989 0.0707
# ℹ 10,182 more rows
[1] 811
[1] 2358
[1] 7599
[1] "Excite_#chimp-vs-Excite_#human_compare_B_vs_A_all_genes.csv"   
[2] "Excite_#chimp-vs-Excite_#human_compare_B_vs_A_signif_genes.csv"
[3] "Excite_#chimp-vs-Excite_#human_dispersion_plot.png"            
[4] "Excite_#chimp-vs-Excite_#human_specific_heatmap.png"           
[5] "Excite_#chimp-vs-Excite_#human_specific_PCAplot.png"           
Rows: 12727 Columns: 6
── Column specification ────────────────────────────────────────────────────────
Delimiter: ","
chr (1): gene
dbl (5): baseMean, log2FoldChange, lfcSE, pvalue, padj

ℹ Use `spec()` to retrieve the full column specification for this data.
ℹ Specify the column types or set `show_col_types = FALSE` to quiet this message.
Rows: 12805 Columns: 6
── Column specification ────────────────────────────────────────────────────────
Delimiter: ","
chr (1): gene
dbl (5): baseMean, log2FoldChange, lfcSE, pvalue, padj

ℹ Use `spec()` to retrieve the full column specification for this data.
ℹ Specify the column types or set `show_col_types = FALSE` to quiet this message.
Rows: 12786 Columns: 6
── Column specification ────────────────────────────────────────────────────────
Delimiter: ","
chr (1): gene
dbl (5): baseMean, log2FoldChange, lfcSE, pvalue, padj

ℹ Use `spec()` to retrieve the full column specification for this data.
ℹ Specify the column types or set `show_col_types = FALSE` to quiet this message.
# A tibble: 12,727 × 6
   gene    baseMean log2FoldChange lfcSE    pvalue    padj
   <chr>      <dbl>          <dbl> <dbl>     <dbl>   <dbl>
 1 PRDM16     354.          0.470  0.602 0.0863    0.223  
 2 PEX10     2003.         -0.101  0.217 0.598     0.763  
 3 PEX14     7971.         -0.321  0.204 0.0782    0.209  
 4 PLCH2     2944.          0.0447 0.370 0.858     0.926  
 5 SPSB1     1361.          0.607  0.479 0.0350    0.119  
 6 SLC2A5     168.         -2.21   0.980 0.0000819 0.00119
 7 PLEKHM2  10505.          0.509  0.165 0.000876  0.00754
 8 NMNAT1    2801.         -0.0519 0.294 0.823     0.906  
 9 CCDC27      26.4         0.0306 0.499 0.893     0.946  
10 DISP3     1101.          0.821  0.405 0.00372   0.0224 
# ℹ 12,717 more rows
[1] 1249
[1] 3114
[1] 9204
[1] "Inhibit_#chimp-vs-Inhibit_#human_compare_B_vs_A_all_genes.csv"   
[2] "Inhibit_#chimp-vs-Inhibit_#human_compare_B_vs_A_signif_genes.csv"
[3] "Inhibit_#chimp-vs-Inhibit_#human_dispersion_plot.png"            
[4] "Inhibit_#chimp-vs-Inhibit_#human_specific_heatmap.png"           
[5] "Inhibit_#chimp-vs-Inhibit_#human_specific_PCAplot.png"           
Rows: 12120 Columns: 6
── Column specification ────────────────────────────────────────────────────────
Delimiter: ","
chr (1): gene
dbl (5): baseMean, log2FoldChange, lfcSE, pvalue, padj

ℹ Use `spec()` to retrieve the full column specification for this data.
ℹ Specify the column types or set `show_col_types = FALSE` to quiet this message.
Rows: 12160 Columns: 6
── Column specification ────────────────────────────────────────────────────────
Delimiter: ","
chr (1): gene
dbl (5): baseMean, log2FoldChange, lfcSE, pvalue, padj

ℹ Use `spec()` to retrieve the full column specification for this data.
ℹ Specify the column types or set `show_col_types = FALSE` to quiet this message.
Rows: 12140 Columns: 6
── Column specification ────────────────────────────────────────────────────────
Delimiter: ","
chr (1): gene
dbl (5): baseMean, log2FoldChange, lfcSE, pvalue, padj

ℹ Use `spec()` to retrieve the full column specification for this data.
ℹ Specify the column types or set `show_col_types = FALSE` to quiet this message.
# A tibble: 12,120 × 6
   gene    baseMean log2FoldChange lfcSE   pvalue    padj
   <chr>      <dbl>          <dbl> <dbl>    <dbl>   <dbl>
 1 PRDM16      40.2       -0.00481 0.363 0.973    0.989  
 2 PEX10      664.        -0.0256  0.207 0.870    0.945  
 3 PEX14     2585.        -0.206   0.147 0.107    0.323  
 4 PLCH2     1671.         0.174   0.218 0.278    0.546  
 5 SPSB1      184.         0.183   0.342 0.269    0.537  
 6 SLC2A5      57.1       -0.0918  0.358 0.538    0.765  
 7 PLEKHM2   2845.         0.363   0.161 0.00789  0.0605 
 8 NMNAT1     928.        -0.0384  0.234 0.812    0.922  
 9 DISP3      475.         0.512   0.344 0.0117   0.0784 
10 MMEL1       49.1        1.68    0.916 0.000297 0.00592
# ℹ 12,110 more rows
[1] 728
[1] 3068
[1] 9113
[1] "Microglia_#chimp-vs-Microglia_#human_compare_B_vs_A_all_genes.csv"   
[2] "Microglia_#chimp-vs-Microglia_#human_compare_B_vs_A_signif_genes.csv"
[3] "Microglia_#chimp-vs-Microglia_#human_dispersion_plot.png"            
[4] "Microglia_#chimp-vs-Microglia_#human_specific_heatmap.png"           
[5] "Microglia_#chimp-vs-Microglia_#human_specific_PCAplot.png"           
Rows: 7300 Columns: 6
── Column specification ────────────────────────────────────────────────────────
Delimiter: ","
chr (1): gene
dbl (5): baseMean, log2FoldChange, lfcSE, pvalue, padj

ℹ Use `spec()` to retrieve the full column specification for this data.
ℹ Specify the column types or set `show_col_types = FALSE` to quiet this message.
Rows: 7668 Columns: 6
── Column specification ────────────────────────────────────────────────────────
Delimiter: ","
chr (1): gene
dbl (5): baseMean, log2FoldChange, lfcSE, pvalue, padj

ℹ Use `spec()` to retrieve the full column specification for this data.
ℹ Specify the column types or set `show_col_types = FALSE` to quiet this message.
Rows: 7902 Columns: 6
── Column specification ────────────────────────────────────────────────────────
Delimiter: ","
chr (1): gene
dbl (5): baseMean, log2FoldChange, lfcSE, pvalue, padj

ℹ Use `spec()` to retrieve the full column specification for this data.
ℹ Specify the column types or set `show_col_types = FALSE` to quiet this message.
# A tibble: 7,300 × 6
   gene    baseMean log2FoldChange lfcSE       pvalue       padj
   <chr>      <dbl>          <dbl> <dbl>        <dbl>      <dbl>
 1 PEX10       19.7       -0.154   0.340 0.328        0.660     
 2 PEX14      155.         0.108   0.203 0.444        0.750     
 3 SPSB1       52.7        3.41    0.644 0.0000000388 0.00000354
 4 SLC2A5     954.         0.854   0.318 0.000185     0.00399   
 5 PLEKHM2    227.        -0.0151  0.167 0.906        0.970     
 6 NMNAT1      58.5        0.0415  0.243 0.776        0.919     
 7 TMEM51     142.        -0.833   0.331 0.000309     0.00602   
 8 FBXO42     246.        -0.227   0.192 0.106        0.365     
 9 CLCN6       78.9       -0.00552 0.268 0.970        0.991     
10 RER1        69.2       -0.413   0.384 0.0378       0.193     
# ℹ 7,290 more rows
[1] 478
[1] 1144
[1] 6099
[1] "Oligo_#chimp-vs-Oligo_#human_compare_B_vs_A_all_genes.csv"   
[2] "Oligo_#chimp-vs-Oligo_#human_compare_B_vs_A_signif_genes.csv"
[3] "Oligo_#chimp-vs-Oligo_#human_dispersion_plot.png"            
[4] "Oligo_#chimp-vs-Oligo_#human_specific_heatmap.png"           
[5] "Oligo_#chimp-vs-Oligo_#human_specific_PCAplot.png"           
Rows: 9944 Columns: 6
── Column specification ────────────────────────────────────────────────────────
Delimiter: ","
chr (1): gene
dbl (5): baseMean, log2FoldChange, lfcSE, pvalue, padj

ℹ Use `spec()` to retrieve the full column specification for this data.
ℹ Specify the column types or set `show_col_types = FALSE` to quiet this message.
Rows: 9626 Columns: 6
── Column specification ────────────────────────────────────────────────────────
Delimiter: ","
chr (1): gene
dbl (5): baseMean, log2FoldChange, lfcSE, pvalue, padj

ℹ Use `spec()` to retrieve the full column specification for this data.
ℹ Specify the column types or set `show_col_types = FALSE` to quiet this message.
Rows: 9831 Columns: 6
── Column specification ────────────────────────────────────────────────────────
Delimiter: ","
chr (1): gene
dbl (5): baseMean, log2FoldChange, lfcSE, pvalue, padj

ℹ Use `spec()` to retrieve the full column specification for this data.
ℹ Specify the column types or set `show_col_types = FALSE` to quiet this message.
# A tibble: 9,944 × 6
   gene    baseMean log2FoldChange lfcSE        pvalue        padj
   <chr>      <dbl>          <dbl> <dbl>         <dbl>       <dbl>
 1 PRDM16      16.2        -0.0906 0.511 0.580         0.804      
 2 PEX10      272.         -0.0691 0.246 0.645         0.842      
 3 PEX14      863.         -0.0383 0.168 0.769         0.908      
 4 PLCH2      353.         -6.49   1.19  0.00000000307 0.000000166
 5 SPSB1     1779.          0.516  0.390 0.0162        0.0900     
 6 SLC2A5      13.8        -0.0278 0.470 0.858         0.944      
 7 PLEKHM2    871.          0.196  0.168 0.136         0.366      
 8 NMNAT1     445.         -0.117  0.247 0.440         0.707      
 9 FBXO42    1796.         -0.266  0.135 0.0200        0.105      
10 CLCN6      359.         -0.0874 0.195 0.533         0.779      
# ℹ 9,934 more rows
[1] 779
[1] 2129
[1] 7402
[1] "OPC_#chimp-vs-OPC_#human_compare_B_vs_A_all_genes.csv"   
[2] "OPC_#chimp-vs-OPC_#human_compare_B_vs_A_signif_genes.csv"
[3] "OPC_#chimp-vs-OPC_#human_dispersion_plot.png"            
[4] "OPC_#chimp-vs-OPC_#human_specific_heatmap.png"           
[5] "OPC_#chimp-vs-OPC_#human_specific_PCAplot.png"           
Rows: 9510 Columns: 6
── Column specification ────────────────────────────────────────────────────────
Delimiter: ","
chr (1): gene
dbl (5): baseMean, log2FoldChange, lfcSE, pvalue, padj

ℹ Use `spec()` to retrieve the full column specification for this data.
ℹ Specify the column types or set `show_col_types = FALSE` to quiet this message.
Rows: 9027 Columns: 6
── Column specification ────────────────────────────────────────────────────────
Delimiter: ","
chr (1): gene
dbl (5): baseMean, log2FoldChange, lfcSE, pvalue, padj

ℹ Use `spec()` to retrieve the full column specification for this data.
ℹ Specify the column types or set `show_col_types = FALSE` to quiet this message.
Rows: 9580 Columns: 6
── Column specification ────────────────────────────────────────────────────────
Delimiter: ","
chr (1): gene
dbl (5): baseMean, log2FoldChange, lfcSE, pvalue, padj

ℹ Use `spec()` to retrieve the full column specification for this data.
ℹ Specify the column types or set `show_col_types = FALSE` to quiet this message.
# A tibble: 9,510 × 6
   gene    baseMean log2FoldChange lfcSE  pvalue   padj
   <chr>      <dbl>          <dbl> <dbl>   <dbl>  <dbl>
 1 PRDM16     30.0         -0.0456 0.340 0.661   0.888 
 2 PEX10      79.8         -0.115  0.279 0.339   0.695 
 3 PEX14     259.          -0.0893 0.156 0.402   0.745 
 4 PLCH2       9.64         0.0178 0.351 0.859   0.961 
 5 SPSB1     204.           0.170  0.252 0.184   0.524 
 6 SLC2A5     14.9         -0.0664 0.401 0.521   0.817 
 7 PLEKHM2   294.           0.0800 0.177 0.469   0.787 
 8 NMNAT1     99.5         -0.0840 0.236 0.469   0.787 
 9 DISP3      28.8         -0.0278 0.275 0.798   0.943 
10 TMEM51     94.5         -0.723  0.449 0.00210 0.0322
# ℹ 9,500 more rows
[1] 419
[1] 2168
[1] 7020
$Astro
[1] 237

$Excite
[1] 456

$Inhibit
[1] 282

$Microglia
[1] 106

$Oligo
[1] 274

$OPC
[1] 177

$Astro
[1] 147

$Excite
[1] 302

$Inhibit
[1] 139

$Microglia
[1] 56

$Oligo
[1] 188

$OPC
[1] 85

[1] "/home/local/ADS/dennis00/Yi_Lab/Lab_WorkDir/Dennis/Evolution/Gene_Lists/cellbender_processed_data/original_018/Repeat_1/Ma/Ma_original_HUMAN_URGene_numbers.rds"
                     x  freq
1  ADARB2 KCNG1_#chimp  2354
2  ADARB2 KCNG1_#macak  2008
3         Astro_#chimp 14670
4         Astro_#macak 10909
5          Endo_#chimp  5236
6          Endo_#macak  4426
7        Immune_#chimp   592
8        Immune_#macak   951
9       L2-3 IT_#chimp 20151
10      L2-3 IT_#macak 18120
11    L3-5 IT-1_#chimp  4710
12    L3-5 IT-1_#macak  5875
13    L3-5 IT-2_#chimp  3770
14    L3-5 IT-2_#macak  4487
15    L3-5 IT-3_#chimp  5746
16    L3-5 IT-3_#macak  6589
17      L5-6 NP_#chimp  1207
18      L5-6 NP_#macak  1515
19        L5 ET_#chimp    82
20        L5 ET_#macak   145
21        L6 CT_#chimp  2017
22        L6 CT_#macak  3145
23      L6 IT-1_#chimp  2289
24      L6 IT-1_#macak  3981
25      L6 IT-2_#chimp  1155
26      L6 IT-2_#macak   974
27          L6B_#chimp  2031
28          L6B_#macak  2733
29   LAMP5 LHX6_#chimp  1143
30   LAMP5 LHX6_#macak   936
31   LAMP5 RELN_#chimp  2662
32   LAMP5 RELN_#macak  1949
33        Micro_#chimp  5740
34        Micro_#macak  8049
35        Oligo_#chimp 45949
36        Oligo_#macak 21456
37          OPC_#chimp  5362
38          OPC_#macak  6275
39           PC_#chimp  4179
40           PC_#macak  3400
41    PVALB ChC_#chimp   775
42    PVALB ChC_#macak  1146
43        PVALB_#chimp  6530
44        PVALB_#macak  4959
45           RB_#chimp   131
46           RB_#macak   111
47          SMC_#chimp  1768
48          SMC_#macak  1078
49      SST HGF_#chimp   188
50      SST HGF_#macak   303
51      SST NPY_#chimp   128
52      SST NPY_#macak    65
53          SST_#chimp  7530
54          SST_#macak  5481
55          VIP_#chimp  4964
56          VIP_#macak  4642
57         VLMC_#chimp  1170
58         VLMC_#macak  2484
DE_genes_calculation_human_FC.R
SLURM Job ID        : 15524
