[1] "/home/local/ADS/dennis00/Yi_Lab/Lab_WorkDir/Dennis/Evolution/pbres/pseudo_bulk_analysis_results_018/Caglayan/Caglayan_df_human_chimp.rds_sce.rdscounts_ls.rds/"
[1] "Astro_#chimp-vs-Astro_#human_compare_B_vs_A_all_genes.csv"   
[2] "Astro_#chimp-vs-Astro_#human_compare_B_vs_A_signif_genes.csv"
[3] "Astro_#chimp-vs-Astro_#human_dispersion_plot.png"            
[4] "Astro_#chimp-vs-Astro_#human_specific_heatmap.png"           
[5] "Astro_#chimp-vs-Astro_#human_specific_PCAplot.png"           
[6] "Excite_#chimp-vs-Excite_#human_compare_B_vs_A_all_genes.csv" 
[1] "Astro_#chimp-vs-Astro_#human_compare_B_vs_A_all_genes.csv"   
[2] "Astro_#chimp-vs-Astro_#human_compare_B_vs_A_signif_genes.csv"
[3] "Astro_#chimp-vs-Astro_#human_dispersion_plot.png"            
[4] "Astro_#chimp-vs-Astro_#human_specific_heatmap.png"           
[5] "Astro_#chimp-vs-Astro_#human_specific_PCAplot.png"           
Rows: 7486 Columns: 6
── Column specification ────────────────────────────────────────────────────────
Delimiter: ","
chr (1): gene
dbl (5): baseMean, log2FoldChange, lfcSE, pvalue, padj

ℹ Use `spec()` to retrieve the full column specification for this data.
ℹ Specify the column types or set `show_col_types = FALSE` to quiet this message.
Rows: 8527 Columns: 6
── Column specification ────────────────────────────────────────────────────────
Delimiter: ","
chr (1): gene
dbl (5): baseMean, log2FoldChange, lfcSE, pvalue, padj

ℹ Use `spec()` to retrieve the full column specification for this data.
ℹ Specify the column types or set `show_col_types = FALSE` to quiet this message.
Rows: 7476 Columns: 6
── Column specification ────────────────────────────────────────────────────────
Delimiter: ","
chr (1): gene
dbl (5): baseMean, log2FoldChange, lfcSE, pvalue, padj

ℹ Use `spec()` to retrieve the full column specification for this data.
ℹ Specify the column types or set `show_col_types = FALSE` to quiet this message.
[1] "Excite_#chimp-vs-Excite_#human_compare_B_vs_A_all_genes.csv"   
[2] "Excite_#chimp-vs-Excite_#human_compare_B_vs_A_signif_genes.csv"
[3] "Excite_#chimp-vs-Excite_#human_dispersion_plot.png"            
[4] "Excite_#chimp-vs-Excite_#human_specific_heatmap.png"           
[5] "Excite_#chimp-vs-Excite_#human_specific_PCAplot.png"           
Rows: 12394 Columns: 6
── Column specification ────────────────────────────────────────────────────────
Delimiter: ","
chr (1): gene
dbl (5): baseMean, log2FoldChange, lfcSE, pvalue, padj

ℹ Use `spec()` to retrieve the full column specification for this data.
ℹ Specify the column types or set `show_col_types = FALSE` to quiet this message.
Rows: 12283 Columns: 6
── Column specification ────────────────────────────────────────────────────────
Delimiter: ","
chr (1): gene
dbl (5): baseMean, log2FoldChange, lfcSE, pvalue, padj

ℹ Use `spec()` to retrieve the full column specification for this data.
ℹ Specify the column types or set `show_col_types = FALSE` to quiet this message.
Rows: 12437 Columns: 6
── Column specification ────────────────────────────────────────────────────────
Delimiter: ","
chr (1): gene
dbl (5): baseMean, log2FoldChange, lfcSE, pvalue, padj

ℹ Use `spec()` to retrieve the full column specification for this data.
ℹ Specify the column types or set `show_col_types = FALSE` to quiet this message.
[1] "Inhibit_#chimp-vs-Inhibit_#human_compare_B_vs_A_all_genes.csv"   
[2] "Inhibit_#chimp-vs-Inhibit_#human_compare_B_vs_A_signif_genes.csv"
[3] "Inhibit_#chimp-vs-Inhibit_#human_dispersion_plot.png"            
[4] "Inhibit_#chimp-vs-Inhibit_#human_specific_heatmap.png"           
[5] "Inhibit_#chimp-vs-Inhibit_#human_specific_PCAplot.png"           
Rows: 11409 Columns: 6
── Column specification ────────────────────────────────────────────────────────
Delimiter: ","
chr (1): gene
dbl (5): baseMean, log2FoldChange, lfcSE, pvalue, padj

ℹ Use `spec()` to retrieve the full column specification for this data.
ℹ Specify the column types or set `show_col_types = FALSE` to quiet this message.
Rows: 11065 Columns: 6
── Column specification ────────────────────────────────────────────────────────
Delimiter: ","
chr (1): gene
dbl (5): baseMean, log2FoldChange, lfcSE, pvalue, padj

ℹ Use `spec()` to retrieve the full column specification for this data.
ℹ Specify the column types or set `show_col_types = FALSE` to quiet this message.
Rows: 11375 Columns: 6
── Column specification ────────────────────────────────────────────────────────
Delimiter: ","
chr (1): gene
dbl (5): baseMean, log2FoldChange, lfcSE, pvalue, padj

ℹ Use `spec()` to retrieve the full column specification for this data.
ℹ Specify the column types or set `show_col_types = FALSE` to quiet this message.
[1] "Microglia_#chimp-vs-Microglia_#human_compare_B_vs_A_all_genes.csv"   
[2] "Microglia_#chimp-vs-Microglia_#human_compare_B_vs_A_signif_genes.csv"
[3] "Microglia_#chimp-vs-Microglia_#human_dispersion_plot.png"            
[4] "Microglia_#chimp-vs-Microglia_#human_specific_heatmap.png"           
[5] "Microglia_#chimp-vs-Microglia_#human_specific_PCAplot.png"           
Rows: 4305 Columns: 6
── Column specification ────────────────────────────────────────────────────────
Delimiter: ","
chr (1): gene
dbl (5): baseMean, log2FoldChange, lfcSE, pvalue, padj

ℹ Use `spec()` to retrieve the full column specification for this data.
ℹ Specify the column types or set `show_col_types = FALSE` to quiet this message.
Rows: 4344 Columns: 6
── Column specification ────────────────────────────────────────────────────────
Delimiter: ","
chr (1): gene
dbl (5): baseMean, log2FoldChange, lfcSE, pvalue, padj

ℹ Use `spec()` to retrieve the full column specification for this data.
ℹ Specify the column types or set `show_col_types = FALSE` to quiet this message.
Rows: 4450 Columns: 6
── Column specification ────────────────────────────────────────────────────────
Delimiter: ","
chr (1): gene
dbl (5): baseMean, log2FoldChange, lfcSE, pvalue, padj

ℹ Use `spec()` to retrieve the full column specification for this data.
ℹ Specify the column types or set `show_col_types = FALSE` to quiet this message.
[1] "Oligo_#chimp-vs-Oligo_#human_compare_B_vs_A_all_genes.csv"   
[2] "Oligo_#chimp-vs-Oligo_#human_compare_B_vs_A_signif_genes.csv"
[3] "Oligo_#chimp-vs-Oligo_#human_dispersion_plot.png"            
[4] "Oligo_#chimp-vs-Oligo_#human_specific_heatmap.png"           
[5] "Oligo_#chimp-vs-Oligo_#human_specific_PCAplot.png"           
Rows: 7991 Columns: 6
── Column specification ────────────────────────────────────────────────────────
Delimiter: ","
chr (1): gene
dbl (5): baseMean, log2FoldChange, lfcSE, pvalue, padj

ℹ Use `spec()` to retrieve the full column specification for this data.
ℹ Specify the column types or set `show_col_types = FALSE` to quiet this message.
Rows: 9335 Columns: 6
── Column specification ────────────────────────────────────────────────────────
Delimiter: ","
chr (1): gene
dbl (5): baseMean, log2FoldChange, lfcSE, pvalue, padj

ℹ Use `spec()` to retrieve the full column specification for this data.
ℹ Specify the column types or set `show_col_types = FALSE` to quiet this message.
Rows: 8209 Columns: 6
── Column specification ────────────────────────────────────────────────────────
Delimiter: ","
chr (1): gene
dbl (5): baseMean, log2FoldChange, lfcSE, pvalue, padj

ℹ Use `spec()` to retrieve the full column specification for this data.
ℹ Specify the column types or set `show_col_types = FALSE` to quiet this message.
[1] "OPC_#chimp-vs-OPC_#human_compare_B_vs_A_all_genes.csv"   
[2] "OPC_#chimp-vs-OPC_#human_compare_B_vs_A_signif_genes.csv"
[3] "OPC_#chimp-vs-OPC_#human_dispersion_plot.png"            
[4] "OPC_#chimp-vs-OPC_#human_specific_heatmap.png"           
[5] "OPC_#chimp-vs-OPC_#human_specific_PCAplot.png"           
Rows: 6414 Columns: 6
── Column specification ────────────────────────────────────────────────────────
Delimiter: ","
chr (1): gene
dbl (5): baseMean, log2FoldChange, lfcSE, pvalue, padj

ℹ Use `spec()` to retrieve the full column specification for this data.
ℹ Specify the column types or set `show_col_types = FALSE` to quiet this message.
Rows: 6812 Columns: 6
── Column specification ────────────────────────────────────────────────────────
Delimiter: ","
chr (1): gene
dbl (5): baseMean, log2FoldChange, lfcSE, pvalue, padj

ℹ Use `spec()` to retrieve the full column specification for this data.
ℹ Specify the column types or set `show_col_types = FALSE` to quiet this message.
Rows: 6424 Columns: 6
── Column specification ────────────────────────────────────────────────────────
Delimiter: ","
chr (1): gene
dbl (5): baseMean, log2FoldChange, lfcSE, pvalue, padj

ℹ Use `spec()` to retrieve the full column specification for this data.
ℹ Specify the column types or set `show_col_types = FALSE` to quiet this message.
[1] "/home/local/ADS/dennis00/Yi_Lab/Lab_WorkDir/Dennis/Evolution/pbres/pseudo_bulk_analysis_results_018/Ma/Ma_df_human_chimp.rds_sce.rdscounts_ls.rds/"
[1] "Astro_#chimp-vs-Astro_#human_compare_B_vs_A_all_genes.csv"   
[2] "Astro_#chimp-vs-Astro_#human_compare_B_vs_A_signif_genes.csv"
[3] "Astro_#chimp-vs-Astro_#human_dispersion_plot.png"            
[4] "Astro_#chimp-vs-Astro_#human_specific_heatmap.png"           
[5] "Astro_#chimp-vs-Astro_#human_specific_PCAplot.png"           
[6] "Excite_#chimp-vs-Excite_#human_compare_B_vs_A_all_genes.csv" 
[1] "Astro_#chimp-vs-Astro_#human_compare_B_vs_A_all_genes.csv"   
[2] "Astro_#chimp-vs-Astro_#human_compare_B_vs_A_signif_genes.csv"
[3] "Astro_#chimp-vs-Astro_#human_dispersion_plot.png"            
[4] "Astro_#chimp-vs-Astro_#human_specific_heatmap.png"           
[5] "Astro_#chimp-vs-Astro_#human_specific_PCAplot.png"           
Rows: 10192 Columns: 6
── Column specification ────────────────────────────────────────────────────────
Delimiter: ","
chr (1): gene
dbl (5): baseMean, log2FoldChange, lfcSE, pvalue, padj

ℹ Use `spec()` to retrieve the full column specification for this data.
ℹ Specify the column types or set `show_col_types = FALSE` to quiet this message.
Rows: 9500 Columns: 6
── Column specification ────────────────────────────────────────────────────────
Delimiter: ","
chr (1): gene
dbl (5): baseMean, log2FoldChange, lfcSE, pvalue, padj

ℹ Use `spec()` to retrieve the full column specification for this data.
ℹ Specify the column types or set `show_col_types = FALSE` to quiet this message.
Rows: 10249 Columns: 6
── Column specification ────────────────────────────────────────────────────────
Delimiter: ","
chr (1): gene
dbl (5): baseMean, log2FoldChange, lfcSE, pvalue, padj

ℹ Use `spec()` to retrieve the full column specification for this data.
ℹ Specify the column types or set `show_col_types = FALSE` to quiet this message.
[1] "Excite_#chimp-vs-Excite_#human_compare_B_vs_A_all_genes.csv"   
[2] "Excite_#chimp-vs-Excite_#human_compare_B_vs_A_signif_genes.csv"
[3] "Excite_#chimp-vs-Excite_#human_dispersion_plot.png"            
[4] "Excite_#chimp-vs-Excite_#human_specific_heatmap.png"           
[5] "Excite_#chimp-vs-Excite_#human_specific_PCAplot.png"           
Rows: 12727 Columns: 6
── Column specification ────────────────────────────────────────────────────────
Delimiter: ","
chr (1): gene
dbl (5): baseMean, log2FoldChange, lfcSE, pvalue, padj

ℹ Use `spec()` to retrieve the full column specification for this data.
ℹ Specify the column types or set `show_col_types = FALSE` to quiet this message.
Rows: 12805 Columns: 6
── Column specification ────────────────────────────────────────────────────────
Delimiter: ","
chr (1): gene
dbl (5): baseMean, log2FoldChange, lfcSE, pvalue, padj

ℹ Use `spec()` to retrieve the full column specification for this data.
ℹ Specify the column types or set `show_col_types = FALSE` to quiet this message.
Rows: 12786 Columns: 6
── Column specification ────────────────────────────────────────────────────────
Delimiter: ","
chr (1): gene
dbl (5): baseMean, log2FoldChange, lfcSE, pvalue, padj

ℹ Use `spec()` to retrieve the full column specification for this data.
ℹ Specify the column types or set `show_col_types = FALSE` to quiet this message.
[1] "Inhibit_#chimp-vs-Inhibit_#human_compare_B_vs_A_all_genes.csv"   
[2] "Inhibit_#chimp-vs-Inhibit_#human_compare_B_vs_A_signif_genes.csv"
[3] "Inhibit_#chimp-vs-Inhibit_#human_dispersion_plot.png"            
[4] "Inhibit_#chimp-vs-Inhibit_#human_specific_heatmap.png"           
[5] "Inhibit_#chimp-vs-Inhibit_#human_specific_PCAplot.png"           
Rows: 12120 Columns: 6
── Column specification ────────────────────────────────────────────────────────
Delimiter: ","
chr (1): gene
dbl (5): baseMean, log2FoldChange, lfcSE, pvalue, padj

ℹ Use `spec()` to retrieve the full column specification for this data.
ℹ Specify the column types or set `show_col_types = FALSE` to quiet this message.
Rows: 12160 Columns: 6
── Column specification ────────────────────────────────────────────────────────
Delimiter: ","
chr (1): gene
dbl (5): baseMean, log2FoldChange, lfcSE, pvalue, padj

ℹ Use `spec()` to retrieve the full column specification for this data.
ℹ Specify the column types or set `show_col_types = FALSE` to quiet this message.
Rows: 12140 Columns: 6
── Column specification ────────────────────────────────────────────────────────
Delimiter: ","
chr (1): gene
dbl (5): baseMean, log2FoldChange, lfcSE, pvalue, padj

ℹ Use `spec()` to retrieve the full column specification for this data.
ℹ Specify the column types or set `show_col_types = FALSE` to quiet this message.
[1] "Microglia_#chimp-vs-Microglia_#human_compare_B_vs_A_all_genes.csv"   
[2] "Microglia_#chimp-vs-Microglia_#human_compare_B_vs_A_signif_genes.csv"
[3] "Microglia_#chimp-vs-Microglia_#human_dispersion_plot.png"            
[4] "Microglia_#chimp-vs-Microglia_#human_specific_heatmap.png"           
[5] "Microglia_#chimp-vs-Microglia_#human_specific_PCAplot.png"           
Rows: 7300 Columns: 6
── Column specification ────────────────────────────────────────────────────────
Delimiter: ","
chr (1): gene
dbl (5): baseMean, log2FoldChange, lfcSE, pvalue, padj

ℹ Use `spec()` to retrieve the full column specification for this data.
ℹ Specify the column types or set `show_col_types = FALSE` to quiet this message.
Rows: 7668 Columns: 6
── Column specification ────────────────────────────────────────────────────────
Delimiter: ","
chr (1): gene
dbl (5): baseMean, log2FoldChange, lfcSE, pvalue, padj

ℹ Use `spec()` to retrieve the full column specification for this data.
ℹ Specify the column types or set `show_col_types = FALSE` to quiet this message.
Rows: 7902 Columns: 6
── Column specification ────────────────────────────────────────────────────────
Delimiter: ","
chr (1): gene
dbl (5): baseMean, log2FoldChange, lfcSE, pvalue, padj

ℹ Use `spec()` to retrieve the full column specification for this data.
ℹ Specify the column types or set `show_col_types = FALSE` to quiet this message.
[1] "Oligo_#chimp-vs-Oligo_#human_compare_B_vs_A_all_genes.csv"   
[2] "Oligo_#chimp-vs-Oligo_#human_compare_B_vs_A_signif_genes.csv"
[3] "Oligo_#chimp-vs-Oligo_#human_dispersion_plot.png"            
[4] "Oligo_#chimp-vs-Oligo_#human_specific_heatmap.png"           
[5] "Oligo_#chimp-vs-Oligo_#human_specific_PCAplot.png"           
Rows: 9944 Columns: 6
── Column specification ────────────────────────────────────────────────────────
Delimiter: ","
chr (1): gene
dbl (5): baseMean, log2FoldChange, lfcSE, pvalue, padj

ℹ Use `spec()` to retrieve the full column specification for this data.
ℹ Specify the column types or set `show_col_types = FALSE` to quiet this message.
Rows: 9626 Columns: 6
── Column specification ────────────────────────────────────────────────────────
Delimiter: ","
chr (1): gene
dbl (5): baseMean, log2FoldChange, lfcSE, pvalue, padj

ℹ Use `spec()` to retrieve the full column specification for this data.
ℹ Specify the column types or set `show_col_types = FALSE` to quiet this message.
Rows: 9831 Columns: 6
── Column specification ────────────────────────────────────────────────────────
Delimiter: ","
chr (1): gene
dbl (5): baseMean, log2FoldChange, lfcSE, pvalue, padj

ℹ Use `spec()` to retrieve the full column specification for this data.
ℹ Specify the column types or set `show_col_types = FALSE` to quiet this message.
[1] "OPC_#chimp-vs-OPC_#human_compare_B_vs_A_all_genes.csv"   
[2] "OPC_#chimp-vs-OPC_#human_compare_B_vs_A_signif_genes.csv"
[3] "OPC_#chimp-vs-OPC_#human_dispersion_plot.png"            
[4] "OPC_#chimp-vs-OPC_#human_specific_heatmap.png"           
[5] "OPC_#chimp-vs-OPC_#human_specific_PCAplot.png"           
Rows: 9510 Columns: 6
── Column specification ────────────────────────────────────────────────────────
Delimiter: ","
chr (1): gene
dbl (5): baseMean, log2FoldChange, lfcSE, pvalue, padj

ℹ Use `spec()` to retrieve the full column specification for this data.
ℹ Specify the column types or set `show_col_types = FALSE` to quiet this message.
Rows: 9027 Columns: 6
── Column specification ────────────────────────────────────────────────────────
Delimiter: ","
chr (1): gene
dbl (5): baseMean, log2FoldChange, lfcSE, pvalue, padj

ℹ Use `spec()` to retrieve the full column specification for this data.
ℹ Specify the column types or set `show_col_types = FALSE` to quiet this message.
Rows: 9580 Columns: 6
── Column specification ────────────────────────────────────────────────────────
Delimiter: ","
chr (1): gene
dbl (5): baseMean, log2FoldChange, lfcSE, pvalue, padj

ℹ Use `spec()` to retrieve the full column specification for this data.
ℹ Specify the column types or set `show_col_types = FALSE` to quiet this message.
[1] "/home/local/ADS/dennis00/Yi_Lab/Lab_WorkDir/Dennis/Evolution/pbres/pseudo_bulk_analysis_results_018/Caglayan/Caglayan_df_human_chimp.rds_sce.rdscounts_ls.rds/"
[1] "Astro_#chimp-vs-Astro_#human_compare_B_vs_A_all_genes.csv"   
[2] "Astro_#chimp-vs-Astro_#human_compare_B_vs_A_signif_genes.csv"
[3] "Astro_#chimp-vs-Astro_#human_dispersion_plot.png"            
[4] "Astro_#chimp-vs-Astro_#human_specific_heatmap.png"           
[5] "Astro_#chimp-vs-Astro_#human_specific_PCAplot.png"           
[6] "Excite_#chimp-vs-Excite_#human_compare_B_vs_A_all_genes.csv" 
[1] "Astro_#chimp-vs-Astro_#human_compare_B_vs_A_all_genes.csv"   
[2] "Astro_#chimp-vs-Astro_#human_compare_B_vs_A_signif_genes.csv"
[3] "Astro_#chimp-vs-Astro_#human_dispersion_plot.png"            
[4] "Astro_#chimp-vs-Astro_#human_specific_heatmap.png"           
[5] "Astro_#chimp-vs-Astro_#human_specific_PCAplot.png"           
Rows: 7486 Columns: 6
── Column specification ────────────────────────────────────────────────────────
Delimiter: ","
chr (1): gene
dbl (5): baseMean, log2FoldChange, lfcSE, pvalue, padj

ℹ Use `spec()` to retrieve the full column specification for this data.
ℹ Specify the column types or set `show_col_types = FALSE` to quiet this message.
Rows: 8527 Columns: 6
── Column specification ────────────────────────────────────────────────────────
Delimiter: ","
chr (1): gene
dbl (5): baseMean, log2FoldChange, lfcSE, pvalue, padj

ℹ Use `spec()` to retrieve the full column specification for this data.
ℹ Specify the column types or set `show_col_types = FALSE` to quiet this message.
Rows: 7476 Columns: 6
── Column specification ────────────────────────────────────────────────────────
Delimiter: ","
chr (1): gene
dbl (5): baseMean, log2FoldChange, lfcSE, pvalue, padj

ℹ Use `spec()` to retrieve the full column specification for this data.
ℹ Specify the column types or set `show_col_types = FALSE` to quiet this message.
[1] "Excite_#chimp-vs-Excite_#human_compare_B_vs_A_all_genes.csv"   
[2] "Excite_#chimp-vs-Excite_#human_compare_B_vs_A_signif_genes.csv"
[3] "Excite_#chimp-vs-Excite_#human_dispersion_plot.png"            
[4] "Excite_#chimp-vs-Excite_#human_specific_heatmap.png"           
[5] "Excite_#chimp-vs-Excite_#human_specific_PCAplot.png"           
Rows: 12394 Columns: 6
── Column specification ────────────────────────────────────────────────────────
Delimiter: ","
chr (1): gene
dbl (5): baseMean, log2FoldChange, lfcSE, pvalue, padj

ℹ Use `spec()` to retrieve the full column specification for this data.
ℹ Specify the column types or set `show_col_types = FALSE` to quiet this message.
Rows: 12283 Columns: 6
── Column specification ────────────────────────────────────────────────────────
Delimiter: ","
chr (1): gene
dbl (5): baseMean, log2FoldChange, lfcSE, pvalue, padj

ℹ Use `spec()` to retrieve the full column specification for this data.
ℹ Specify the column types or set `show_col_types = FALSE` to quiet this message.
Rows: 12437 Columns: 6
── Column specification ────────────────────────────────────────────────────────
Delimiter: ","
chr (1): gene
dbl (5): baseMean, log2FoldChange, lfcSE, pvalue, padj

ℹ Use `spec()` to retrieve the full column specification for this data.
ℹ Specify the column types or set `show_col_types = FALSE` to quiet this message.
[1] "Inhibit_#chimp-vs-Inhibit_#human_compare_B_vs_A_all_genes.csv"   
[2] "Inhibit_#chimp-vs-Inhibit_#human_compare_B_vs_A_signif_genes.csv"
[3] "Inhibit_#chimp-vs-Inhibit_#human_dispersion_plot.png"            
[4] "Inhibit_#chimp-vs-Inhibit_#human_specific_heatmap.png"           
[5] "Inhibit_#chimp-vs-Inhibit_#human_specific_PCAplot.png"           
Rows: 11409 Columns: 6
── Column specification ────────────────────────────────────────────────────────
Delimiter: ","
chr (1): gene
dbl (5): baseMean, log2FoldChange, lfcSE, pvalue, padj

ℹ Use `spec()` to retrieve the full column specification for this data.
ℹ Specify the column types or set `show_col_types = FALSE` to quiet this message.
Rows: 11065 Columns: 6
── Column specification ────────────────────────────────────────────────────────
Delimiter: ","
chr (1): gene
dbl (5): baseMean, log2FoldChange, lfcSE, pvalue, padj

ℹ Use `spec()` to retrieve the full column specification for this data.
ℹ Specify the column types or set `show_col_types = FALSE` to quiet this message.
Rows: 11375 Columns: 6
── Column specification ────────────────────────────────────────────────────────
Delimiter: ","
chr (1): gene
dbl (5): baseMean, log2FoldChange, lfcSE, pvalue, padj

ℹ Use `spec()` to retrieve the full column specification for this data.
ℹ Specify the column types or set `show_col_types = FALSE` to quiet this message.
[1] "Microglia_#chimp-vs-Microglia_#human_compare_B_vs_A_all_genes.csv"   
[2] "Microglia_#chimp-vs-Microglia_#human_compare_B_vs_A_signif_genes.csv"
[3] "Microglia_#chimp-vs-Microglia_#human_dispersion_plot.png"            
[4] "Microglia_#chimp-vs-Microglia_#human_specific_heatmap.png"           
[5] "Microglia_#chimp-vs-Microglia_#human_specific_PCAplot.png"           
Rows: 4305 Columns: 6
── Column specification ────────────────────────────────────────────────────────
Delimiter: ","
chr (1): gene
dbl (5): baseMean, log2FoldChange, lfcSE, pvalue, padj

ℹ Use `spec()` to retrieve the full column specification for this data.
ℹ Specify the column types or set `show_col_types = FALSE` to quiet this message.
Rows: 4344 Columns: 6
── Column specification ────────────────────────────────────────────────────────
Delimiter: ","
chr (1): gene
dbl (5): baseMean, log2FoldChange, lfcSE, pvalue, padj

ℹ Use `spec()` to retrieve the full column specification for this data.
ℹ Specify the column types or set `show_col_types = FALSE` to quiet this message.
Rows: 4450 Columns: 6
── Column specification ────────────────────────────────────────────────────────
Delimiter: ","
chr (1): gene
dbl (5): baseMean, log2FoldChange, lfcSE, pvalue, padj

ℹ Use `spec()` to retrieve the full column specification for this data.
ℹ Specify the column types or set `show_col_types = FALSE` to quiet this message.
[1] "Oligo_#chimp-vs-Oligo_#human_compare_B_vs_A_all_genes.csv"   
[2] "Oligo_#chimp-vs-Oligo_#human_compare_B_vs_A_signif_genes.csv"
[3] "Oligo_#chimp-vs-Oligo_#human_dispersion_plot.png"            
[4] "Oligo_#chimp-vs-Oligo_#human_specific_heatmap.png"           
[5] "Oligo_#chimp-vs-Oligo_#human_specific_PCAplot.png"           
Rows: 7991 Columns: 6
── Column specification ────────────────────────────────────────────────────────
Delimiter: ","
chr (1): gene
dbl (5): baseMean, log2FoldChange, lfcSE, pvalue, padj

ℹ Use `spec()` to retrieve the full column specification for this data.
ℹ Specify the column types or set `show_col_types = FALSE` to quiet this message.
Rows: 9335 Columns: 6
── Column specification ────────────────────────────────────────────────────────
Delimiter: ","
chr (1): gene
dbl (5): baseMean, log2FoldChange, lfcSE, pvalue, padj

ℹ Use `spec()` to retrieve the full column specification for this data.
ℹ Specify the column types or set `show_col_types = FALSE` to quiet this message.
Rows: 8209 Columns: 6
── Column specification ────────────────────────────────────────────────────────
Delimiter: ","
chr (1): gene
dbl (5): baseMean, log2FoldChange, lfcSE, pvalue, padj

ℹ Use `spec()` to retrieve the full column specification for this data.
ℹ Specify the column types or set `show_col_types = FALSE` to quiet this message.
[1] "OPC_#chimp-vs-OPC_#human_compare_B_vs_A_all_genes.csv"   
[2] "OPC_#chimp-vs-OPC_#human_compare_B_vs_A_signif_genes.csv"
[3] "OPC_#chimp-vs-OPC_#human_dispersion_plot.png"            
[4] "OPC_#chimp-vs-OPC_#human_specific_heatmap.png"           
[5] "OPC_#chimp-vs-OPC_#human_specific_PCAplot.png"           
Rows: 6414 Columns: 6
── Column specification ────────────────────────────────────────────────────────
Delimiter: ","
chr (1): gene
dbl (5): baseMean, log2FoldChange, lfcSE, pvalue, padj

ℹ Use `spec()` to retrieve the full column specification for this data.
ℹ Specify the column types or set `show_col_types = FALSE` to quiet this message.
Rows: 6812 Columns: 6
── Column specification ────────────────────────────────────────────────────────
Delimiter: ","
chr (1): gene
dbl (5): baseMean, log2FoldChange, lfcSE, pvalue, padj

ℹ Use `spec()` to retrieve the full column specification for this data.
ℹ Specify the column types or set `show_col_types = FALSE` to quiet this message.
Rows: 6424 Columns: 6
── Column specification ────────────────────────────────────────────────────────
Delimiter: ","
chr (1): gene
dbl (5): baseMean, log2FoldChange, lfcSE, pvalue, padj

ℹ Use `spec()` to retrieve the full column specification for this data.
ℹ Specify the column types or set `show_col_types = FALSE` to quiet this message.
[1] "/home/local/ADS/dennis00/Yi_Lab/Lab_WorkDir/Dennis/Evolution/pbres/pseudo_bulk_analysis_results_018/Ma/Ma_df_human_chimp.rds_sce.rdscounts_ls.rds/"
[1] "Astro_#chimp-vs-Astro_#human_compare_B_vs_A_all_genes.csv"   
[2] "Astro_#chimp-vs-Astro_#human_compare_B_vs_A_signif_genes.csv"
[3] "Astro_#chimp-vs-Astro_#human_dispersion_plot.png"            
[4] "Astro_#chimp-vs-Astro_#human_specific_heatmap.png"           
[5] "Astro_#chimp-vs-Astro_#human_specific_PCAplot.png"           
[6] "Excite_#chimp-vs-Excite_#human_compare_B_vs_A_all_genes.csv" 
[1] "Astro_#chimp-vs-Astro_#human_compare_B_vs_A_all_genes.csv"   
[2] "Astro_#chimp-vs-Astro_#human_compare_B_vs_A_signif_genes.csv"
[3] "Astro_#chimp-vs-Astro_#human_dispersion_plot.png"            
[4] "Astro_#chimp-vs-Astro_#human_specific_heatmap.png"           
[5] "Astro_#chimp-vs-Astro_#human_specific_PCAplot.png"           
Rows: 10192 Columns: 6
── Column specification ────────────────────────────────────────────────────────
Delimiter: ","
chr (1): gene
dbl (5): baseMean, log2FoldChange, lfcSE, pvalue, padj

ℹ Use `spec()` to retrieve the full column specification for this data.
ℹ Specify the column types or set `show_col_types = FALSE` to quiet this message.
Rows: 9500 Columns: 6
── Column specification ────────────────────────────────────────────────────────
Delimiter: ","
chr (1): gene
dbl (5): baseMean, log2FoldChange, lfcSE, pvalue, padj

ℹ Use `spec()` to retrieve the full column specification for this data.
ℹ Specify the column types or set `show_col_types = FALSE` to quiet this message.
Rows: 10249 Columns: 6
── Column specification ────────────────────────────────────────────────────────
Delimiter: ","
chr (1): gene
dbl (5): baseMean, log2FoldChange, lfcSE, pvalue, padj

ℹ Use `spec()` to retrieve the full column specification for this data.
ℹ Specify the column types or set `show_col_types = FALSE` to quiet this message.
[1] "Excite_#chimp-vs-Excite_#human_compare_B_vs_A_all_genes.csv"   
[2] "Excite_#chimp-vs-Excite_#human_compare_B_vs_A_signif_genes.csv"
[3] "Excite_#chimp-vs-Excite_#human_dispersion_plot.png"            
[4] "Excite_#chimp-vs-Excite_#human_specific_heatmap.png"           
[5] "Excite_#chimp-vs-Excite_#human_specific_PCAplot.png"           
Rows: 12727 Columns: 6
── Column specification ────────────────────────────────────────────────────────
Delimiter: ","
chr (1): gene
dbl (5): baseMean, log2FoldChange, lfcSE, pvalue, padj

ℹ Use `spec()` to retrieve the full column specification for this data.
ℹ Specify the column types or set `show_col_types = FALSE` to quiet this message.
Rows: 12805 Columns: 6
── Column specification ────────────────────────────────────────────────────────
Delimiter: ","
chr (1): gene
dbl (5): baseMean, log2FoldChange, lfcSE, pvalue, padj

ℹ Use `spec()` to retrieve the full column specification for this data.
ℹ Specify the column types or set `show_col_types = FALSE` to quiet this message.
Rows: 12786 Columns: 6
── Column specification ────────────────────────────────────────────────────────
Delimiter: ","
chr (1): gene
dbl (5): baseMean, log2FoldChange, lfcSE, pvalue, padj

ℹ Use `spec()` to retrieve the full column specification for this data.
ℹ Specify the column types or set `show_col_types = FALSE` to quiet this message.
[1] "Inhibit_#chimp-vs-Inhibit_#human_compare_B_vs_A_all_genes.csv"   
[2] "Inhibit_#chimp-vs-Inhibit_#human_compare_B_vs_A_signif_genes.csv"
[3] "Inhibit_#chimp-vs-Inhibit_#human_dispersion_plot.png"            
[4] "Inhibit_#chimp-vs-Inhibit_#human_specific_heatmap.png"           
[5] "Inhibit_#chimp-vs-Inhibit_#human_specific_PCAplot.png"           
Rows: 12120 Columns: 6
── Column specification ────────────────────────────────────────────────────────
Delimiter: ","
chr (1): gene
dbl (5): baseMean, log2FoldChange, lfcSE, pvalue, padj

ℹ Use `spec()` to retrieve the full column specification for this data.
ℹ Specify the column types or set `show_col_types = FALSE` to quiet this message.
Rows: 12160 Columns: 6
── Column specification ────────────────────────────────────────────────────────
Delimiter: ","
chr (1): gene
dbl (5): baseMean, log2FoldChange, lfcSE, pvalue, padj

ℹ Use `spec()` to retrieve the full column specification for this data.
ℹ Specify the column types or set `show_col_types = FALSE` to quiet this message.
Rows: 12140 Columns: 6
── Column specification ────────────────────────────────────────────────────────
Delimiter: ","
chr (1): gene
dbl (5): baseMean, log2FoldChange, lfcSE, pvalue, padj

ℹ Use `spec()` to retrieve the full column specification for this data.
ℹ Specify the column types or set `show_col_types = FALSE` to quiet this message.
[1] "Microglia_#chimp-vs-Microglia_#human_compare_B_vs_A_all_genes.csv"   
[2] "Microglia_#chimp-vs-Microglia_#human_compare_B_vs_A_signif_genes.csv"
[3] "Microglia_#chimp-vs-Microglia_#human_dispersion_plot.png"            
[4] "Microglia_#chimp-vs-Microglia_#human_specific_heatmap.png"           
[5] "Microglia_#chimp-vs-Microglia_#human_specific_PCAplot.png"           
Rows: 7300 Columns: 6
── Column specification ────────────────────────────────────────────────────────
Delimiter: ","
chr (1): gene
dbl (5): baseMean, log2FoldChange, lfcSE, pvalue, padj

ℹ Use `spec()` to retrieve the full column specification for this data.
ℹ Specify the column types or set `show_col_types = FALSE` to quiet this message.
Rows: 7668 Columns: 6
── Column specification ────────────────────────────────────────────────────────
Delimiter: ","
chr (1): gene
dbl (5): baseMean, log2FoldChange, lfcSE, pvalue, padj

ℹ Use `spec()` to retrieve the full column specification for this data.
ℹ Specify the column types or set `show_col_types = FALSE` to quiet this message.
Rows: 7902 Columns: 6
── Column specification ────────────────────────────────────────────────────────
Delimiter: ","
chr (1): gene
dbl (5): baseMean, log2FoldChange, lfcSE, pvalue, padj

ℹ Use `spec()` to retrieve the full column specification for this data.
ℹ Specify the column types or set `show_col_types = FALSE` to quiet this message.
[1] "Oligo_#chimp-vs-Oligo_#human_compare_B_vs_A_all_genes.csv"   
[2] "Oligo_#chimp-vs-Oligo_#human_compare_B_vs_A_signif_genes.csv"
[3] "Oligo_#chimp-vs-Oligo_#human_dispersion_plot.png"            
[4] "Oligo_#chimp-vs-Oligo_#human_specific_heatmap.png"           
[5] "Oligo_#chimp-vs-Oligo_#human_specific_PCAplot.png"           
Rows: 9944 Columns: 6
── Column specification ────────────────────────────────────────────────────────
Delimiter: ","
chr (1): gene
dbl (5): baseMean, log2FoldChange, lfcSE, pvalue, padj

ℹ Use `spec()` to retrieve the full column specification for this data.
ℹ Specify the column types or set `show_col_types = FALSE` to quiet this message.
Rows: 9626 Columns: 6
── Column specification ────────────────────────────────────────────────────────
Delimiter: ","
chr (1): gene
dbl (5): baseMean, log2FoldChange, lfcSE, pvalue, padj

ℹ Use `spec()` to retrieve the full column specification for this data.
ℹ Specify the column types or set `show_col_types = FALSE` to quiet this message.
Rows: 9831 Columns: 6
── Column specification ────────────────────────────────────────────────────────
Delimiter: ","
chr (1): gene
dbl (5): baseMean, log2FoldChange, lfcSE, pvalue, padj

ℹ Use `spec()` to retrieve the full column specification for this data.
ℹ Specify the column types or set `show_col_types = FALSE` to quiet this message.
[1] "OPC_#chimp-vs-OPC_#human_compare_B_vs_A_all_genes.csv"   
[2] "OPC_#chimp-vs-OPC_#human_compare_B_vs_A_signif_genes.csv"
[3] "OPC_#chimp-vs-OPC_#human_dispersion_plot.png"            
[4] "OPC_#chimp-vs-OPC_#human_specific_heatmap.png"           
[5] "OPC_#chimp-vs-OPC_#human_specific_PCAplot.png"           
Rows: 9510 Columns: 6
── Column specification ────────────────────────────────────────────────────────
Delimiter: ","
chr (1): gene
dbl (5): baseMean, log2FoldChange, lfcSE, pvalue, padj

ℹ Use `spec()` to retrieve the full column specification for this data.
ℹ Specify the column types or set `show_col_types = FALSE` to quiet this message.
Rows: 9027 Columns: 6
── Column specification ────────────────────────────────────────────────────────
Delimiter: ","
chr (1): gene
dbl (5): baseMean, log2FoldChange, lfcSE, pvalue, padj

ℹ Use `spec()` to retrieve the full column specification for this data.
ℹ Specify the column types or set `show_col_types = FALSE` to quiet this message.
Rows: 9580 Columns: 6
── Column specification ────────────────────────────────────────────────────────
Delimiter: ","
chr (1): gene
dbl (5): baseMean, log2FoldChange, lfcSE, pvalue, padj

ℹ Use `spec()` to retrieve the full column specification for this data.
ℹ Specify the column types or set `show_col_types = FALSE` to quiet this message.
[1] "/home/local/ADS/dennis00/Yi_Lab/Lab_WorkDir/Dennis/Evolution/pbres/pseudo_bulk_analysis_results_018/Caglayan/Caglayan_df_human_chimp.rds_sce.rdscounts_ls.rds/"
[1] "Astro_#chimp-vs-Astro_#human_compare_B_vs_A_all_genes.csv"   
[2] "Astro_#chimp-vs-Astro_#human_compare_B_vs_A_signif_genes.csv"
[3] "Astro_#chimp-vs-Astro_#human_dispersion_plot.png"            
[4] "Astro_#chimp-vs-Astro_#human_specific_heatmap.png"           
[5] "Astro_#chimp-vs-Astro_#human_specific_PCAplot.png"           
[6] "Excite_#chimp-vs-Excite_#human_compare_B_vs_A_all_genes.csv" 
[1] "Astro_#chimp-vs-Astro_#human_compare_B_vs_A_all_genes.csv"   
[2] "Astro_#chimp-vs-Astro_#human_compare_B_vs_A_signif_genes.csv"
[3] "Astro_#chimp-vs-Astro_#human_dispersion_plot.png"            
[4] "Astro_#chimp-vs-Astro_#human_specific_heatmap.png"           
[5] "Astro_#chimp-vs-Astro_#human_specific_PCAplot.png"           
Rows: 7486 Columns: 6
── Column specification ────────────────────────────────────────────────────────
Delimiter: ","
chr (1): gene
dbl (5): baseMean, log2FoldChange, lfcSE, pvalue, padj

ℹ Use `spec()` to retrieve the full column specification for this data.
ℹ Specify the column types or set `show_col_types = FALSE` to quiet this message.
Rows: 8527 Columns: 6
── Column specification ────────────────────────────────────────────────────────
Delimiter: ","
chr (1): gene
dbl (5): baseMean, log2FoldChange, lfcSE, pvalue, padj

ℹ Use `spec()` to retrieve the full column specification for this data.
ℹ Specify the column types or set `show_col_types = FALSE` to quiet this message.
Rows: 7476 Columns: 6
── Column specification ────────────────────────────────────────────────────────
Delimiter: ","
chr (1): gene
dbl (5): baseMean, log2FoldChange, lfcSE, pvalue, padj

ℹ Use `spec()` to retrieve the full column specification for this data.
ℹ Specify the column types or set `show_col_types = FALSE` to quiet this message.
[1] "Excite_#chimp-vs-Excite_#human_compare_B_vs_A_all_genes.csv"   
[2] "Excite_#chimp-vs-Excite_#human_compare_B_vs_A_signif_genes.csv"
[3] "Excite_#chimp-vs-Excite_#human_dispersion_plot.png"            
[4] "Excite_#chimp-vs-Excite_#human_specific_heatmap.png"           
[5] "Excite_#chimp-vs-Excite_#human_specific_PCAplot.png"           
Rows: 12394 Columns: 6
── Column specification ────────────────────────────────────────────────────────
Delimiter: ","
chr (1): gene
dbl (5): baseMean, log2FoldChange, lfcSE, pvalue, padj

ℹ Use `spec()` to retrieve the full column specification for this data.
ℹ Specify the column types or set `show_col_types = FALSE` to quiet this message.
Rows: 12283 Columns: 6
── Column specification ────────────────────────────────────────────────────────
Delimiter: ","
chr (1): gene
dbl (5): baseMean, log2FoldChange, lfcSE, pvalue, padj

ℹ Use `spec()` to retrieve the full column specification for this data.
ℹ Specify the column types or set `show_col_types = FALSE` to quiet this message.
Rows: 12437 Columns: 6
── Column specification ────────────────────────────────────────────────────────
Delimiter: ","
chr (1): gene
dbl (5): baseMean, log2FoldChange, lfcSE, pvalue, padj

ℹ Use `spec()` to retrieve the full column specification for this data.
ℹ Specify the column types or set `show_col_types = FALSE` to quiet this message.
[1] "Inhibit_#chimp-vs-Inhibit_#human_compare_B_vs_A_all_genes.csv"   
[2] "Inhibit_#chimp-vs-Inhibit_#human_compare_B_vs_A_signif_genes.csv"
[3] "Inhibit_#chimp-vs-Inhibit_#human_dispersion_plot.png"            
[4] "Inhibit_#chimp-vs-Inhibit_#human_specific_heatmap.png"           
[5] "Inhibit_#chimp-vs-Inhibit_#human_specific_PCAplot.png"           
Rows: 11409 Columns: 6
── Column specification ────────────────────────────────────────────────────────
Delimiter: ","
chr (1): gene
dbl (5): baseMean, log2FoldChange, lfcSE, pvalue, padj

ℹ Use `spec()` to retrieve the full column specification for this data.
ℹ Specify the column types or set `show_col_types = FALSE` to quiet this message.
Rows: 11065 Columns: 6
── Column specification ────────────────────────────────────────────────────────
Delimiter: ","
chr (1): gene
dbl (5): baseMean, log2FoldChange, lfcSE, pvalue, padj

ℹ Use `spec()` to retrieve the full column specification for this data.
ℹ Specify the column types or set `show_col_types = FALSE` to quiet this message.
Rows: 11375 Columns: 6
── Column specification ────────────────────────────────────────────────────────
Delimiter: ","
chr (1): gene
dbl (5): baseMean, log2FoldChange, lfcSE, pvalue, padj

ℹ Use `spec()` to retrieve the full column specification for this data.
ℹ Specify the column types or set `show_col_types = FALSE` to quiet this message.
[1] "Microglia_#chimp-vs-Microglia_#human_compare_B_vs_A_all_genes.csv"   
[2] "Microglia_#chimp-vs-Microglia_#human_compare_B_vs_A_signif_genes.csv"
[3] "Microglia_#chimp-vs-Microglia_#human_dispersion_plot.png"            
[4] "Microglia_#chimp-vs-Microglia_#human_specific_heatmap.png"           
[5] "Microglia_#chimp-vs-Microglia_#human_specific_PCAplot.png"           
Rows: 4305 Columns: 6
── Column specification ────────────────────────────────────────────────────────
Delimiter: ","
chr (1): gene
dbl (5): baseMean, log2FoldChange, lfcSE, pvalue, padj

ℹ Use `spec()` to retrieve the full column specification for this data.
ℹ Specify the column types or set `show_col_types = FALSE` to quiet this message.
Rows: 4344 Columns: 6
── Column specification ────────────────────────────────────────────────────────
Delimiter: ","
chr (1): gene
dbl (5): baseMean, log2FoldChange, lfcSE, pvalue, padj

ℹ Use `spec()` to retrieve the full column specification for this data.
ℹ Specify the column types or set `show_col_types = FALSE` to quiet this message.
Rows: 4450 Columns: 6
── Column specification ────────────────────────────────────────────────────────
Delimiter: ","
chr (1): gene
dbl (5): baseMean, log2FoldChange, lfcSE, pvalue, padj

ℹ Use `spec()` to retrieve the full column specification for this data.
ℹ Specify the column types or set `show_col_types = FALSE` to quiet this message.
[1] "Oligo_#chimp-vs-Oligo_#human_compare_B_vs_A_all_genes.csv"   
[2] "Oligo_#chimp-vs-Oligo_#human_compare_B_vs_A_signif_genes.csv"
[3] "Oligo_#chimp-vs-Oligo_#human_dispersion_plot.png"            
[4] "Oligo_#chimp-vs-Oligo_#human_specific_heatmap.png"           
[5] "Oligo_#chimp-vs-Oligo_#human_specific_PCAplot.png"           
Rows: 7991 Columns: 6
── Column specification ────────────────────────────────────────────────────────
Delimiter: ","
chr (1): gene
dbl (5): baseMean, log2FoldChange, lfcSE, pvalue, padj

ℹ Use `spec()` to retrieve the full column specification for this data.
ℹ Specify the column types or set `show_col_types = FALSE` to quiet this message.
Rows: 9335 Columns: 6
── Column specification ────────────────────────────────────────────────────────
Delimiter: ","
chr (1): gene
dbl (5): baseMean, log2FoldChange, lfcSE, pvalue, padj

ℹ Use `spec()` to retrieve the full column specification for this data.
ℹ Specify the column types or set `show_col_types = FALSE` to quiet this message.
Rows: 8209 Columns: 6
── Column specification ────────────────────────────────────────────────────────
Delimiter: ","
chr (1): gene
dbl (5): baseMean, log2FoldChange, lfcSE, pvalue, padj

ℹ Use `spec()` to retrieve the full column specification for this data.
ℹ Specify the column types or set `show_col_types = FALSE` to quiet this message.
[1] "OPC_#chimp-vs-OPC_#human_compare_B_vs_A_all_genes.csv"   
[2] "OPC_#chimp-vs-OPC_#human_compare_B_vs_A_signif_genes.csv"
[3] "OPC_#chimp-vs-OPC_#human_dispersion_plot.png"            
[4] "OPC_#chimp-vs-OPC_#human_specific_heatmap.png"           
[5] "OPC_#chimp-vs-OPC_#human_specific_PCAplot.png"           
Rows: 6414 Columns: 6
── Column specification ────────────────────────────────────────────────────────
Delimiter: ","
chr (1): gene
dbl (5): baseMean, log2FoldChange, lfcSE, pvalue, padj

ℹ Use `spec()` to retrieve the full column specification for this data.
ℹ Specify the column types or set `show_col_types = FALSE` to quiet this message.
Rows: 6812 Columns: 6
── Column specification ────────────────────────────────────────────────────────
Delimiter: ","
chr (1): gene
dbl (5): baseMean, log2FoldChange, lfcSE, pvalue, padj

ℹ Use `spec()` to retrieve the full column specification for this data.
ℹ Specify the column types or set `show_col_types = FALSE` to quiet this message.
Rows: 6424 Columns: 6
── Column specification ────────────────────────────────────────────────────────
Delimiter: ","
chr (1): gene
dbl (5): baseMean, log2FoldChange, lfcSE, pvalue, padj

ℹ Use `spec()` to retrieve the full column specification for this data.
ℹ Specify the column types or set `show_col_types = FALSE` to quiet this message.
[1] "/home/local/ADS/dennis00/Yi_Lab/Lab_WorkDir/Dennis/Evolution/pbres/pseudo_bulk_analysis_results_018/Ma/Ma_df_human_chimp.rds_sce.rdscounts_ls.rds/"
[1] "Astro_#chimp-vs-Astro_#human_compare_B_vs_A_all_genes.csv"   
[2] "Astro_#chimp-vs-Astro_#human_compare_B_vs_A_signif_genes.csv"
[3] "Astro_#chimp-vs-Astro_#human_dispersion_plot.png"            
[4] "Astro_#chimp-vs-Astro_#human_specific_heatmap.png"           
[5] "Astro_#chimp-vs-Astro_#human_specific_PCAplot.png"           
[6] "Excite_#chimp-vs-Excite_#human_compare_B_vs_A_all_genes.csv" 
[1] "Astro_#chimp-vs-Astro_#human_compare_B_vs_A_all_genes.csv"   
[2] "Astro_#chimp-vs-Astro_#human_compare_B_vs_A_signif_genes.csv"
[3] "Astro_#chimp-vs-Astro_#human_dispersion_plot.png"            
[4] "Astro_#chimp-vs-Astro_#human_specific_heatmap.png"           
[5] "Astro_#chimp-vs-Astro_#human_specific_PCAplot.png"           
Rows: 10192 Columns: 6
── Column specification ────────────────────────────────────────────────────────
Delimiter: ","
chr (1): gene
dbl (5): baseMean, log2FoldChange, lfcSE, pvalue, padj

ℹ Use `spec()` to retrieve the full column specification for this data.
ℹ Specify the column types or set `show_col_types = FALSE` to quiet this message.
Rows: 9500 Columns: 6
── Column specification ────────────────────────────────────────────────────────
Delimiter: ","
chr (1): gene
dbl (5): baseMean, log2FoldChange, lfcSE, pvalue, padj

ℹ Use `spec()` to retrieve the full column specification for this data.
ℹ Specify the column types or set `show_col_types = FALSE` to quiet this message.
Rows: 10249 Columns: 6
── Column specification ────────────────────────────────────────────────────────
Delimiter: ","
chr (1): gene
dbl (5): baseMean, log2FoldChange, lfcSE, pvalue, padj

ℹ Use `spec()` to retrieve the full column specification for this data.
ℹ Specify the column types or set `show_col_types = FALSE` to quiet this message.
[1] "Excite_#chimp-vs-Excite_#human_compare_B_vs_A_all_genes.csv"   
[2] "Excite_#chimp-vs-Excite_#human_compare_B_vs_A_signif_genes.csv"
[3] "Excite_#chimp-vs-Excite_#human_dispersion_plot.png"            
[4] "Excite_#chimp-vs-Excite_#human_specific_heatmap.png"           
[5] "Excite_#chimp-vs-Excite_#human_specific_PCAplot.png"           
Rows: 12727 Columns: 6
── Column specification ────────────────────────────────────────────────────────
Delimiter: ","
chr (1): gene
dbl (5): baseMean, log2FoldChange, lfcSE, pvalue, padj

ℹ Use `spec()` to retrieve the full column specification for this data.
ℹ Specify the column types or set `show_col_types = FALSE` to quiet this message.
Rows: 12805 Columns: 6
── Column specification ────────────────────────────────────────────────────────
Delimiter: ","
chr (1): gene
dbl (5): baseMean, log2FoldChange, lfcSE, pvalue, padj

ℹ Use `spec()` to retrieve the full column specification for this data.
ℹ Specify the column types or set `show_col_types = FALSE` to quiet this message.
Rows: 12786 Columns: 6
── Column specification ────────────────────────────────────────────────────────
Delimiter: ","
chr (1): gene
dbl (5): baseMean, log2FoldChange, lfcSE, pvalue, padj

ℹ Use `spec()` to retrieve the full column specification for this data.
ℹ Specify the column types or set `show_col_types = FALSE` to quiet this message.
[1] "Inhibit_#chimp-vs-Inhibit_#human_compare_B_vs_A_all_genes.csv"   
[2] "Inhibit_#chimp-vs-Inhibit_#human_compare_B_vs_A_signif_genes.csv"
[3] "Inhibit_#chimp-vs-Inhibit_#human_dispersion_plot.png"            
[4] "Inhibit_#chimp-vs-Inhibit_#human_specific_heatmap.png"           
[5] "Inhibit_#chimp-vs-Inhibit_#human_specific_PCAplot.png"           
Rows: 12120 Columns: 6
── Column specification ────────────────────────────────────────────────────────
Delimiter: ","
chr (1): gene
dbl (5): baseMean, log2FoldChange, lfcSE, pvalue, padj

ℹ Use `spec()` to retrieve the full column specification for this data.
ℹ Specify the column types or set `show_col_types = FALSE` to quiet this message.
Rows: 12160 Columns: 6
── Column specification ────────────────────────────────────────────────────────
Delimiter: ","
chr (1): gene
dbl (5): baseMean, log2FoldChange, lfcSE, pvalue, padj

ℹ Use `spec()` to retrieve the full column specification for this data.
ℹ Specify the column types or set `show_col_types = FALSE` to quiet this message.
Rows: 12140 Columns: 6
── Column specification ────────────────────────────────────────────────────────
Delimiter: ","
chr (1): gene
dbl (5): baseMean, log2FoldChange, lfcSE, pvalue, padj

ℹ Use `spec()` to retrieve the full column specification for this data.
ℹ Specify the column types or set `show_col_types = FALSE` to quiet this message.
[1] "Microglia_#chimp-vs-Microglia_#human_compare_B_vs_A_all_genes.csv"   
[2] "Microglia_#chimp-vs-Microglia_#human_compare_B_vs_A_signif_genes.csv"
[3] "Microglia_#chimp-vs-Microglia_#human_dispersion_plot.png"            
[4] "Microglia_#chimp-vs-Microglia_#human_specific_heatmap.png"           
[5] "Microglia_#chimp-vs-Microglia_#human_specific_PCAplot.png"           
Rows: 7300 Columns: 6
── Column specification ────────────────────────────────────────────────────────
Delimiter: ","
chr (1): gene
dbl (5): baseMean, log2FoldChange, lfcSE, pvalue, padj

ℹ Use `spec()` to retrieve the full column specification for this data.
ℹ Specify the column types or set `show_col_types = FALSE` to quiet this message.
Rows: 7668 Columns: 6
── Column specification ────────────────────────────────────────────────────────
Delimiter: ","
chr (1): gene
dbl (5): baseMean, log2FoldChange, lfcSE, pvalue, padj

ℹ Use `spec()` to retrieve the full column specification for this data.
ℹ Specify the column types or set `show_col_types = FALSE` to quiet this message.
Rows: 7902 Columns: 6
── Column specification ────────────────────────────────────────────────────────
Delimiter: ","
chr (1): gene
dbl (5): baseMean, log2FoldChange, lfcSE, pvalue, padj

ℹ Use `spec()` to retrieve the full column specification for this data.
ℹ Specify the column types or set `show_col_types = FALSE` to quiet this message.
[1] "Oligo_#chimp-vs-Oligo_#human_compare_B_vs_A_all_genes.csv"   
[2] "Oligo_#chimp-vs-Oligo_#human_compare_B_vs_A_signif_genes.csv"
[3] "Oligo_#chimp-vs-Oligo_#human_dispersion_plot.png"            
[4] "Oligo_#chimp-vs-Oligo_#human_specific_heatmap.png"           
[5] "Oligo_#chimp-vs-Oligo_#human_specific_PCAplot.png"           
Rows: 9944 Columns: 6
── Column specification ────────────────────────────────────────────────────────
Delimiter: ","
chr (1): gene
dbl (5): baseMean, log2FoldChange, lfcSE, pvalue, padj

ℹ Use `spec()` to retrieve the full column specification for this data.
ℹ Specify the column types or set `show_col_types = FALSE` to quiet this message.
Rows: 9626 Columns: 6
── Column specification ────────────────────────────────────────────────────────
Delimiter: ","
chr (1): gene
dbl (5): baseMean, log2FoldChange, lfcSE, pvalue, padj

ℹ Use `spec()` to retrieve the full column specification for this data.
ℹ Specify the column types or set `show_col_types = FALSE` to quiet this message.
Rows: 9831 Columns: 6
── Column specification ────────────────────────────────────────────────────────
Delimiter: ","
chr (1): gene
dbl (5): baseMean, log2FoldChange, lfcSE, pvalue, padj

ℹ Use `spec()` to retrieve the full column specification for this data.
ℹ Specify the column types or set `show_col_types = FALSE` to quiet this message.
[1] "OPC_#chimp-vs-OPC_#human_compare_B_vs_A_all_genes.csv"   
[2] "OPC_#chimp-vs-OPC_#human_compare_B_vs_A_signif_genes.csv"
[3] "OPC_#chimp-vs-OPC_#human_dispersion_plot.png"            
[4] "OPC_#chimp-vs-OPC_#human_specific_heatmap.png"           
[5] "OPC_#chimp-vs-OPC_#human_specific_PCAplot.png"           
Rows: 9510 Columns: 6
── Column specification ────────────────────────────────────────────────────────
Delimiter: ","
chr (1): gene
dbl (5): baseMean, log2FoldChange, lfcSE, pvalue, padj

ℹ Use `spec()` to retrieve the full column specification for this data.
ℹ Specify the column types or set `show_col_types = FALSE` to quiet this message.
Rows: 9027 Columns: 6
── Column specification ────────────────────────────────────────────────────────
Delimiter: ","
chr (1): gene
dbl (5): baseMean, log2FoldChange, lfcSE, pvalue, padj

ℹ Use `spec()` to retrieve the full column specification for this data.
ℹ Specify the column types or set `show_col_types = FALSE` to quiet this message.
Rows: 9580 Columns: 6
── Column specification ────────────────────────────────────────────────────────
Delimiter: ","
chr (1): gene
dbl (5): baseMean, log2FoldChange, lfcSE, pvalue, padj

ℹ Use `spec()` to retrieve the full column specification for this data.
ℹ Specify the column types or set `show_col_types = FALSE` to quiet this message.
DE_genes_calculation_chimp_FC_all_restables.R
SLURM Job ID        : 15534
