[1] "STRINGR IMPORTED"
<hash> containing 5 key-value pair(s).
  Caglayan : Cagleyan_seurat_object.rds
  Jorstad : Jorstad_seurat_object.rds
  Kanton : Kanton_seurat_object_ortho.rds
  Khrameeva : Khrameeva_seurat_object.rds
  Ma : Ma_seurat_object.rds
Formal class 'Seurat' [package "SeuratObject"] with 13 slots
  ..@ assays      :List of 1
  .. ..$ RNA:Formal class 'Assay' [package "SeuratObject"] with 8 slots
  .. .. .. ..@ counts       :Formal class 'dgCMatrix' [package "Matrix"] with 6 slots
  .. .. .. .. .. ..@ i       : int [1:41200335] 91 211 212 217 271 323 333 358 559 566 ...
  .. .. .. .. .. ..@ p       : int [1:72230] 0 172 419 855 1272 1440 1616 1784 2121 2315 ...
  .. .. .. .. .. ..@ Dim     : int [1:2] 11141 72229
  .. .. .. .. .. ..@ Dimnames:List of 2
  .. .. .. .. .. .. ..$ : chr [1:11141] "PRDM16" "PEX14" "PLCH2" "SPSB1" ...
  .. .. .. .. .. .. ..$ : chr [1:72229] "AAACCTGGTGGTACAG-1H" "AAACCTGTCTCGATGA-1H" "AAACGGGCAAGTACCT-1H" "AAACGGGCATGAACCT-1H" ...
  .. .. .. .. .. ..@ x       : num [1:41200335] 1 1 1 1 1 1 1 1 1 1 ...
  .. .. .. .. .. ..@ factors : list()
  .. .. .. ..@ data         :Formal class 'dgCMatrix' [package "Matrix"] with 6 slots
  .. .. .. .. .. ..@ i       : int [1:41200335] 91 211 212 217 271 323 333 358 559 566 ...
  .. .. .. .. .. ..@ p       : int [1:72230] 0 172 419 855 1272 1440 1616 1784 2121 2315 ...
  .. .. .. .. .. ..@ Dim     : int [1:2] 11141 72229
  .. .. .. .. .. ..@ Dimnames:List of 2
  .. .. .. .. .. .. ..$ : chr [1:11141] "PRDM16" "PEX14" "PLCH2" "SPSB1" ...
  .. .. .. .. .. .. ..$ : chr [1:72229] "AAACCTGGTGGTACAG-1H" "AAACCTGTCTCGATGA-1H" "AAACGGGCAAGTACCT-1H" "AAACGGGCATGAACCT-1H" ...
  .. .. .. .. .. ..@ x       : num [1:41200335] 1 1 1 1 1 1 1 1 1 1 ...
  .. .. .. .. .. ..@ factors : list()
  .. .. .. ..@ scale.data   : num[0 , 0 ] 
  .. .. .. ..@ key          : chr "rna_"
  .. .. .. ..@ assay.orig   : NULL
  .. .. .. ..@ var.features : logi(0) 
  .. .. .. ..@ meta.features:'data.frame':	11141 obs. of  0 variables
  .. .. .. ..@ misc         : list()
  ..@ meta.data   :'data.frame':	72229 obs. of  3 variables:
  .. ..$ orig.ident  : Factor w/ 1 level "SeuratProject": 1 1 1 1 1 1 1 1 1 1 ...
  .. ..$ nCount_RNA  : num [1:72229] 222 280 548 527 210 239 192 418 255 239 ...
  .. ..$ nFeature_RNA: int [1:72229] 172 247 436 417 168 176 168 337 194 206 ...
  ..@ active.assay: chr "RNA"
  ..@ active.ident: Factor w/ 1 level "SeuratProject": 1 1 1 1 1 1 1 1 1 1 ...
  .. ..- attr(*, "names")= chr [1:72229] "AAACCTGGTGGTACAG-1H" "AAACCTGTCTCGATGA-1H" "AAACGGGCAAGTACCT-1H" "AAACGGGCATGAACCT-1H" ...
  ..@ graphs      : list()
  ..@ neighbors   : list()
  ..@ reductions  : list()
  ..@ images      : list()
  ..@ project.name: chr "SeuratProject"
  ..@ misc        : list()
  ..@ version     :Classes 'package_version', 'numeric_version'  hidden list of 1
  .. ..$ : int [1:3] 4 1 3
  ..@ commands    : list()
  ..@ tools       : list()
NULL
[1] "df_chimp_macak.rds" "df_human_chimp.rds" "df_human_macak.rds"
[1] "/home/local/ADS/dennis00/Yi_Lab/Lab_WorkDir/Dennis/Evolution/mdata/mdata_003/Kanton/df_chimp_macak.rds"
[1] TRUE
[1] "/home/local/ADS/dennis00/Yi_Lab/Lab_WorkDir/Dennis/Evolution/sces/sce_folder_018/Kanton_df_chimp_macak.rds_sce.rds"
[1] "df_chimp_macak.rds" "df_human_chimp.rds" "df_human_macak.rds"
[1] "/home/local/ADS/dennis00/Yi_Lab/Lab_WorkDir/Dennis/Evolution/mdata/mdata_003/Kanton/df_human_chimp.rds"
[1] TRUE
[1] "/home/local/ADS/dennis00/Yi_Lab/Lab_WorkDir/Dennis/Evolution/sces/sce_folder_018/Kanton_df_human_chimp.rds_sce.rds"
[1] "df_chimp_macak.rds" "df_human_chimp.rds" "df_human_macak.rds"
[1] "/home/local/ADS/dennis00/Yi_Lab/Lab_WorkDir/Dennis/Evolution/mdata/mdata_003/Kanton/df_human_macak.rds"
[1] TRUE
[1] "/home/local/ADS/dennis00/Yi_Lab/Lab_WorkDir/Dennis/Evolution/sces/sce_folder_018/Kanton_df_human_macak.rds_sce.rds"
Formal class 'Seurat' [package "SeuratObject"] with 13 slots
  ..@ assays      :List of 1
  .. ..$ RNA:Formal class 'Assay' [package "SeuratObject"] with 8 slots
  .. .. .. ..@ counts       :Formal class 'dgCMatrix' [package "Matrix"] with 6 slots
  .. .. .. .. .. ..@ i       : int [1:14198672] 15 55 56 64 95 108 109 117 130 140 ...
  .. .. .. .. .. ..@ p       : int [1:34764] 0 911 1367 2175 3154 3947 4638 5611 5788 7086 ...
  .. .. .. .. .. ..@ Dim     : int [1:2] 9420 34763
  .. .. .. .. .. ..@ Dimnames:List of 2
  .. .. .. .. .. .. ..$ : chr [1:9420] "PEX10" "PEX14" "SPSB1" "SLC2A5" ...
  .. .. .. .. .. .. ..$ : chr [1:34763] "AAACCTGAGCAATCTC-1H" "AAACGGGAGCCACTAT-1H" "AAACGGGTCCTATTCA-1H" "AAAGATGGTGTGTGCC-1H" ...
  .. .. .. .. .. ..@ x       : num [1:14198672] 1 1 1 1 1 1 1 2 2 1 ...
  .. .. .. .. .. ..@ factors : list()
  .. .. .. ..@ data         :Formal class 'dgCMatrix' [package "Matrix"] with 6 slots
  .. .. .. .. .. ..@ i       : int [1:14198672] 15 55 56 64 95 108 109 117 130 140 ...
  .. .. .. .. .. ..@ p       : int [1:34764] 0 911 1367 2175 3154 3947 4638 5611 5788 7086 ...
  .. .. .. .. .. ..@ Dim     : int [1:2] 9420 34763
  .. .. .. .. .. ..@ Dimnames:List of 2
  .. .. .. .. .. .. ..$ : chr [1:9420] "PEX10" "PEX14" "SPSB1" "SLC2A5" ...
  .. .. .. .. .. .. ..$ : chr [1:34763] "AAACCTGAGCAATCTC-1H" "AAACGGGAGCCACTAT-1H" "AAACGGGTCCTATTCA-1H" "AAAGATGGTGTGTGCC-1H" ...
  .. .. .. .. .. ..@ x       : num [1:14198672] 1 1 1 1 1 1 1 2 2 1 ...
  .. .. .. .. .. ..@ factors : list()
  .. .. .. ..@ scale.data   : num[0 , 0 ] 
  .. .. .. ..@ key          : chr "rna_"
  .. .. .. ..@ assay.orig   : NULL
  .. .. .. ..@ var.features : logi(0) 
  .. .. .. ..@ meta.features:'data.frame':	9420 obs. of  0 variables
  .. .. .. ..@ misc         : list()
  ..@ meta.data   :'data.frame':	34763 obs. of  3 variables:
  .. ..$ orig.ident  : Factor w/ 1 level "SeuratProject": 1 1 1 1 1 1 1 1 1 1 ...
  .. ..$ nCount_RNA  : num [1:34763] 1197 524 1017 1269 1031 ...
  .. ..$ nFeature_RNA: int [1:34763] 911 456 808 979 793 691 973 177 1298 995 ...
  ..@ active.assay: chr "RNA"
  ..@ active.ident: Factor w/ 1 level "SeuratProject": 1 1 1 1 1 1 1 1 1 1 ...
  .. ..- attr(*, "names")= chr [1:34763] "AAACCTGAGCAATCTC-1H" "AAACGGGAGCCACTAT-1H" "AAACGGGTCCTATTCA-1H" "AAAGATGGTGTGTGCC-1H" ...
  ..@ graphs      : list()
  ..@ neighbors   : list()
  ..@ reductions  : list()
  ..@ images      : list()
  ..@ project.name: chr "SeuratProject"
  ..@ misc        : list()
  ..@ version     :Classes 'package_version', 'numeric_version'  hidden list of 1
  .. ..$ : int [1:3] 4 1 3
  ..@ commands    : list()
  ..@ tools       : list()
NULL
[1] "df_chimp_macak.rds" "df_human_chimp.rds" "df_human_macak.rds"
[1] "/home/local/ADS/dennis00/Yi_Lab/Lab_WorkDir/Dennis/Evolution/mdata/mdata_003/Khrameeva/df_chimp_macak.rds"
[1] TRUE
[1] "/home/local/ADS/dennis00/Yi_Lab/Lab_WorkDir/Dennis/Evolution/sces/sce_folder_018/Khrameeva_df_chimp_macak.rds_sce.rds"
[1] "df_chimp_macak.rds" "df_human_chimp.rds" "df_human_macak.rds"
[1] "/home/local/ADS/dennis00/Yi_Lab/Lab_WorkDir/Dennis/Evolution/mdata/mdata_003/Khrameeva/df_human_chimp.rds"
[1] TRUE
[1] "/home/local/ADS/dennis00/Yi_Lab/Lab_WorkDir/Dennis/Evolution/sces/sce_folder_018/Khrameeva_df_human_chimp.rds_sce.rds"
[1] "df_chimp_macak.rds" "df_human_chimp.rds" "df_human_macak.rds"
[1] "/home/local/ADS/dennis00/Yi_Lab/Lab_WorkDir/Dennis/Evolution/mdata/mdata_003/Khrameeva/df_human_macak.rds"
[1] TRUE
[1] "/home/local/ADS/dennis00/Yi_Lab/Lab_WorkDir/Dennis/Evolution/sces/sce_folder_018/Khrameeva_df_human_macak.rds_sce.rds"
Formal class 'Seurat' [package "SeuratObject"] with 13 slots
  ..@ assays      :List of 1
  .. ..$ RNA:Formal class 'Assay' [package "SeuratObject"] with 8 slots
  .. .. .. ..@ counts       :Formal class 'dgCMatrix' [package "Matrix"] with 6 slots
  .. .. .. .. .. ..@ i       : int [1:1368131890] 16 17 37 112 116 120 141 148 183 303 ...
  .. .. .. .. .. ..@ p       : int [1:794021] 0 662 1503 2319 4600 8479 9163 10725 11335 12206 ...
  .. .. .. .. .. ..@ Dim     : int [1:2] 13316 794020
  .. .. .. .. .. ..@ Dimnames:List of 2
  .. .. .. .. .. .. ..$ : chr [1:13316] "PRDM16" "PEX10" "PEX14" "PLCH2" ...
  .. .. .. .. .. .. ..$ : chr [1:794020] "HSB106_1_AAACCCAAGAGGCGTT-1" "HSB106_1_AAACCCAAGGTAGTCG-1" "HSB106_1_AAACCCAAGGTTATAG-1" "HSB106_1_AAACCCAAGTCGCCCA-1" ...
  .. .. .. .. .. ..@ x       : num [1:1368131890] 1 1 1 1 1 1 1 4 1 1 ...
  .. .. .. .. .. ..@ factors : list()
  .. .. .. ..@ data         :Formal class 'dgCMatrix' [package "Matrix"] with 6 slots
  .. .. .. .. .. ..@ i       : int [1:1368131890] 16 17 37 112 116 120 141 148 183 303 ...
  .. .. .. .. .. ..@ p       : int [1:794021] 0 662 1503 2319 4600 8479 9163 10725 11335 12206 ...
  .. .. .. .. .. ..@ Dim     : int [1:2] 13316 794020
  .. .. .. .. .. ..@ Dimnames:List of 2
  .. .. .. .. .. .. ..$ : chr [1:13316] "PRDM16" "PEX10" "PEX14" "PLCH2" ...
  .. .. .. .. .. .. ..$ : chr [1:794020] "HSB106_1_AAACCCAAGAGGCGTT-1" "HSB106_1_AAACCCAAGGTAGTCG-1" "HSB106_1_AAACCCAAGGTTATAG-1" "HSB106_1_AAACCCAAGTCGCCCA-1" ...
  .. .. .. .. .. ..@ x       : num [1:1368131890] 1 1 1 1 1 1 1 4 1 1 ...
  .. .. .. .. .. ..@ factors : list()
  .. .. .. ..@ scale.data   : num[0 , 0 ] 
  .. .. .. ..@ key          : chr "rna_"
  .. .. .. ..@ assay.orig   : NULL
  .. .. .. ..@ var.features : logi(0) 
  .. .. .. ..@ meta.features:'data.frame':	13316 obs. of  0 variables
  .. .. .. ..@ misc         : list()
  ..@ meta.data   :'data.frame':	794020 obs. of  3 variables:
  .. ..$ orig.ident  : Factor w/ 12 levels "HSB106","HSB189",..: 1 1 1 1 1 1 1 1 1 1 ...
  .. ..$ nCount_RNA  : num [1:794020] 963 1300 1459 5768 10851 ...
  .. ..$ nFeature_RNA: int [1:794020] 662 841 816 2281 3879 684 1562 610 871 1385 ...
  ..@ active.assay: chr "RNA"
  ..@ active.ident: Factor w/ 12 levels "HSB106","HSB189",..: 1 1 1 1 1 1 1 1 1 1 ...
  .. ..- attr(*, "names")= chr [1:794020] "HSB106_1_AAACCCAAGAGGCGTT-1" "HSB106_1_AAACCCAAGGTAGTCG-1" "HSB106_1_AAACCCAAGGTTATAG-1" "HSB106_1_AAACCCAAGTCGCCCA-1" ...
  ..@ graphs      : list()
  ..@ neighbors   : list()
  ..@ reductions  : list()
  ..@ images      : list()
  ..@ project.name: chr "SeuratProject"
  ..@ misc        : list()
  ..@ version     :Classes 'package_version', 'numeric_version'  hidden list of 1
  .. ..$ : int [1:3] 4 1 3
  ..@ commands    : list()
  ..@ tools       : list()
NULL
[1] "df_chimp_macak.rds" "df_human_chimp.rds" "df_human_macak.rds"
[1] "/home/local/ADS/dennis00/Yi_Lab/Lab_WorkDir/Dennis/Evolution/mdata/mdata_003/Ma/df_chimp_macak.rds"
[1] TRUE
[1] "/home/local/ADS/dennis00/Yi_Lab/Lab_WorkDir/Dennis/Evolution/sces/sce_folder_018/Ma_df_chimp_macak.rds_sce.rds"
[1] "df_chimp_macak.rds" "df_human_chimp.rds" "df_human_macak.rds"
[1] "/home/local/ADS/dennis00/Yi_Lab/Lab_WorkDir/Dennis/Evolution/mdata/mdata_003/Ma/df_human_chimp.rds"
[1] TRUE
[1] "/home/local/ADS/dennis00/Yi_Lab/Lab_WorkDir/Dennis/Evolution/sces/sce_folder_018/Ma_df_human_chimp.rds_sce.rds"
[1] "df_chimp_macak.rds" "df_human_chimp.rds" "df_human_macak.rds"
[1] "/home/local/ADS/dennis00/Yi_Lab/Lab_WorkDir/Dennis/Evolution/mdata/mdata_003/Ma/df_human_macak.rds"
[1] TRUE
[1] "/home/local/ADS/dennis00/Yi_Lab/Lab_WorkDir/Dennis/Evolution/sces/sce_folder_018/Ma_df_human_macak.rds_sce.rds"
sgmeta_full_covariates_YS1.5.R
SLURM Job ID        : 9936
