Formal class 'dgCMatrix' [package "Matrix"] with 6 slots
  ..@ i       : int [1:7994681] 1 27 42 90 119 250 269 292 305 427 ...
  ..@ p       : int [1:20189] 0 889 1328 1528 2377 3261 3999 4696 5615 5805 ...
  ..@ Dim     : int [1:2] 24037 20188
  ..@ Dimnames:List of 2
  .. ..$ : chr [1:24037] "ENSMMUG00000005947" "NOC2L" "KLHL17" "PLEKHN1" ...
  .. ..$ : chr [1:20188] "AAACCTGAGCAATCTC-1" "AAACGGGAGCCACTAT-1" "AAACGGGCAGTCTTCC-1" "AAACGGGTCCTATTCA-1" ...
  ..@ x       : num [1:7994681] 1 1 1 1 1 1 1 1 1 1 ...
  ..@ factors : list()
NULL
You created a large dataset with compression and chunking.
The chunk size is equal to the dataset dimensions.
If you want to read subsets of the dataset, you should testsmaller chunk sizes to improve read times.
You created a large dataset with compression and chunking.
The chunk size is equal to the dataset dimensions.
If you want to read subsets of the dataset, you should testsmaller chunk sizes to improve read times.
Error in write10xCounts(paste0(h5_data_path, "Macaque.h5"), counts, barcodes = colnames(counts),  : 
  specified 'path' already exists
Execution halted
h5_3.R
SLURM Job ID        : 7018
