cellbender:remove-background: Command:
cellbender remove-background --input /home/dennis00/Yi_lab/Ma_h5/RMB196_4.h5 --output /home/dennis00/Yi_lab/cellbent_output_RAW/RMB196_4.h5 --cuda --expected-cells 25000 --total-droplets-included 40000 --low-count-threshold 15 --learning-rate 1e-4 --fpr 0.01 --epochs 150
cellbender:remove-background: 2023-07-16 03:12:08
cellbender:remove-background: Running remove-background
cellbender:remove-background: Loading data from file /home/dennis00/Yi_lab/Ma_h5/RMB196_4.h5
cellbender:remove-background: CellRanger v2 format
cellbender:remove-background: Trimming dataset for inference.
cellbender:remove-background: Including 23699 genes that have nonzero counts.
cellbender:remove-background: Prior on counts in empty droplets is 269
cellbender:remove-background: Prior on counts for cells is 826
cellbender:remove-background: Excluding barcodes with counts below 134
cellbender:remove-background: Using 25000 probable cell barcodes, plus an additional 15000 barcodes, and 34305 empty droplets.
cellbender:remove-background: Largest surely-empty droplet has 277.0 UMI counts.
cellbender:remove-background: Running inference...
cellbender:remove-background: [epoch 001]  average training loss: 3424.5182
cellbender:remove-background: [epoch 002]  average training loss: 2913.8064  (28.2 seconds per epoch)
cellbender:remove-background: [epoch 003]  average training loss: 2878.9832
cellbender:remove-background: [epoch 004]  average training loss: 2860.2034
cellbender:remove-background: [epoch 005]  average training loss: 2835.3159
cellbender:remove-background: [epoch 005] average test loss: 2816.9667
cellbender:remove-background: [epoch 006]  average training loss: 2819.2191
cellbender:remove-background: [epoch 007]  average training loss: 2787.7108
cellbender:remove-background: [epoch 008]  average training loss: 2757.6952
cellbender:remove-background: [epoch 009]  average training loss: 2708.8626
cellbender:remove-background: [epoch 010]  average training loss: 2673.3532
cellbender:remove-background: [epoch 010] average test loss: 2649.8403
cellbender:remove-background: [epoch 011]  average training loss: 2652.3721
cellbender:remove-background: [epoch 012]  average training loss: 2640.7827
cellbender:remove-background: [epoch 013]  average training loss: 2633.1877
cellbender:remove-background: [epoch 014]  average training loss: 2624.3155
cellbender:remove-background: [epoch 015]  average training loss: 2600.2909
cellbender:remove-background: [epoch 015] average test loss: 2584.2862
cellbender:remove-background: [epoch 016]  average training loss: 2577.9356
cellbender:remove-background: [epoch 017]  average training loss: 2570.2721
cellbender:remove-background: [epoch 018]  average training loss: 2559.6309
cellbender:remove-background: [epoch 019]  average training loss: 2549.5401
cellbender:remove-background: [epoch 020]  average training loss: 2539.6093
cellbender:remove-background: [epoch 020] average test loss: 2527.7630
cellbender:remove-background: [epoch 021]  average training loss: 2530.1990
cellbender:remove-background: [epoch 022]  average training loss: 2519.9620
cellbender:remove-background: [epoch 023]  average training loss: 2510.5387
cellbender:remove-background: [epoch 024]  average training loss: 2502.8286
cellbender:remove-background: [epoch 025]  average training loss: 2498.0889
cellbender:remove-background: [epoch 025] average test loss: 2489.9613
cellbender:remove-background: [epoch 026]  average training loss: 2494.7819
cellbender:remove-background: [epoch 027]  average training loss: 2489.9052
cellbender:remove-background: [epoch 028]  average training loss: 2488.5195
cellbender:remove-background: [epoch 029]  average training loss: 2486.8759
cellbender:remove-background: [epoch 030]  average training loss: 2486.6447
cellbender:remove-background: [epoch 030] average test loss: 2485.8949
cellbender:remove-background: [epoch 031]  average training loss: 2486.1036
cellbender:remove-background: [epoch 032]  average training loss: 2484.7485
cellbender:remove-background: [epoch 033]  average training loss: 2484.4710
cellbender:remove-background: [epoch 034]  average training loss: 2481.6733
cellbender:remove-background: [epoch 035]  average training loss: 2480.1951
cellbender:remove-background: [epoch 035] average test loss: 2480.7909
cellbender:remove-background: [epoch 036]  average training loss: 2479.8688
cellbender:remove-background: [epoch 037]  average training loss: 2478.7697
cellbender:remove-background: [epoch 038]  average training loss: 2478.1173
cellbender:remove-background: [epoch 039]  average training loss: 2477.2910
cellbender:remove-background: [epoch 040]  average training loss: 2475.9917
cellbender:remove-background: [epoch 040] average test loss: 2473.6252
cellbender:remove-background: [epoch 041]  average training loss: 2474.9845
cellbender:remove-background: [epoch 042]  average training loss: 2474.1906
cellbender:remove-background: [epoch 043]  average training loss: 2473.1121
cellbender:remove-background: [epoch 044]  average training loss: 2472.0146
cellbender:remove-background: [epoch 045]  average training loss: 2469.9672
cellbender:remove-background: [epoch 045] average test loss: 2469.0410
cellbender:remove-background: [epoch 046]  average training loss: 2469.1794
cellbender:remove-background: [epoch 047]  average training loss: 2468.7902
cellbender:remove-background: [epoch 048]  average training loss: 2466.6846
cellbender:remove-background: [epoch 049]  average training loss: 2465.2282
cellbender:remove-background: [epoch 050]  average training loss: 2464.8469
cellbender:remove-background: [epoch 050] average test loss: 2463.0790
cellbender:remove-background: [epoch 051]  average training loss: 2464.0936
cellbender:remove-background: [epoch 052]  average training loss: 2463.4462
cellbender:remove-background: [epoch 053]  average training loss: 2462.2965
cellbender:remove-background: [epoch 054]  average training loss: 2462.3704
cellbender:remove-background: [epoch 055]  average training loss: 2460.7722
cellbender:remove-background: [epoch 055] average test loss: 2461.1352
cellbender:remove-background: [epoch 056]  average training loss: 2460.0072
cellbender:remove-background: [epoch 057]  average training loss: 2458.6913
cellbender:remove-background: [epoch 058]  average training loss: 2457.9640
cellbender:remove-background: [epoch 059]  average training loss: 2458.1476
cellbender:remove-background: [epoch 060]  average training loss: 2456.5805
cellbender:remove-background: [epoch 060] average test loss: 2456.4445
cellbender:remove-background: [epoch 061]  average training loss: 2456.4243
cellbender:remove-background: [epoch 062]  average training loss: 2455.3877
cellbender:remove-background: [epoch 063]  average training loss: 2455.2868
cellbender:remove-background: [epoch 064]  average training loss: 2454.5324
cellbender:remove-background: [epoch 065]  average training loss: 2454.2985
cellbender:remove-background: [epoch 065] average test loss: 2454.4055
cellbender:remove-background: [epoch 066]  average training loss: 2453.1982
cellbender:remove-background: [epoch 067]  average training loss: 2452.8091
cellbender:remove-background: [epoch 068]  average training loss: 2451.6898
cellbender:remove-background: [epoch 069]  average training loss: 2451.5639
cellbender:remove-background: [epoch 070]  average training loss: 2450.4074
cellbender:remove-background: [epoch 070] average test loss: 2450.9789
cellbender:remove-background: [epoch 071]  average training loss: 2449.6612
cellbender:remove-background: [epoch 072]  average training loss: 2448.9363
cellbender:remove-background: [epoch 073]  average training loss: 2448.2133
cellbender:remove-background: [epoch 074]  average training loss: 2447.7587
cellbender:remove-background: [epoch 075]  average training loss: 2446.8416
cellbender:remove-background: [epoch 075] average test loss: 2448.2681
cellbender:remove-background: [epoch 076]  average training loss: 2446.2195
cellbender:remove-background: [epoch 077]  average training loss: 2445.6599
cellbender:remove-background: [epoch 078]  average training loss: 2445.4551
cellbender:remove-background: [epoch 079]  average training loss: 2444.2623
cellbender:remove-background: [epoch 080]  average training loss: 2443.4647
cellbender:remove-background: [epoch 080] average test loss: 2444.7024
cellbender:remove-background: [epoch 081]  average training loss: 2443.0892
cellbender:remove-background: [epoch 082]  average training loss: 2442.8577
cellbender:remove-background: [epoch 083]  average training loss: 2441.9288
cellbender:remove-background: [epoch 084]  average training loss: 2441.6808
cellbender:remove-background: [epoch 085]  average training loss: 2441.4451
cellbender:remove-background: [epoch 085] average test loss: 2440.9270
cellbender:remove-background: [epoch 086]  average training loss: 2441.2059
cellbender:remove-background: [epoch 087]  average training loss: 2441.0317
cellbender:remove-background: [epoch 088]  average training loss: 2440.5546
cellbender:remove-background: [epoch 089]  average training loss: 2440.1743
cellbender:remove-background: [epoch 090]  average training loss: 2439.3625
cellbender:remove-background: [epoch 090] average test loss: 2439.8564
cellbender:remove-background: [epoch 091]  average training loss: 2438.8376
cellbender:remove-background: [epoch 092]  average training loss: 2438.1696
cellbender:remove-background: [epoch 093]  average training loss: 2438.4214
cellbender:remove-background: [epoch 094]  average training loss: 2438.6385
cellbender:remove-background: [epoch 095]  average training loss: 2437.9182
cellbender:remove-background: [epoch 095] average test loss: 2437.0588
cellbender:remove-background: [epoch 096]  average training loss: 2437.1694
cellbender:remove-background: [epoch 097]  average training loss: 2436.9521
cellbender:remove-background: [epoch 098]  average training loss: 2436.5013
cellbender:remove-background: [epoch 099]  average training loss: 2436.4232
cellbender:remove-background: [epoch 100]  average training loss: 2436.1390
cellbender:remove-background: [epoch 100] average test loss: 2437.8096
cellbender:remove-background: [epoch 101]  average training loss: 2435.7069
cellbender:remove-background: [epoch 102]  average training loss: 2435.2443
cellbender:remove-background: [epoch 103]  average training loss: 2435.1209
cellbender:remove-background: [epoch 104]  average training loss: 2434.3830
cellbender:remove-background: [epoch 105]  average training loss: 2434.3328
cellbender:remove-background: [epoch 105] average test loss: 2436.0149
cellbender:remove-background: [epoch 106]  average training loss: 2433.5272
cellbender:remove-background: [epoch 107]  average training loss: 2434.0661
cellbender:remove-background: [epoch 108]  average training loss: 2433.3265
cellbender:remove-background: [epoch 109]  average training loss: 2433.0404
cellbender:remove-background: [epoch 110]  average training loss: 2432.8469
cellbender:remove-background: [epoch 110] average test loss: 2434.4188
cellbender:remove-background: [epoch 111]  average training loss: 2432.5613
cellbender:remove-background: [epoch 112]  average training loss: 2432.2608
cellbender:remove-background: [epoch 113]  average training loss: 2432.3014
cellbender:remove-background: [epoch 114]  average training loss: 2431.4558
cellbender:remove-background: [epoch 115]  average training loss: 2431.3134
cellbender:remove-background: [epoch 115] average test loss: 2433.3022
cellbender:remove-background: [epoch 116]  average training loss: 2431.2601
cellbender:remove-background: [epoch 117]  average training loss: 2431.1651
cellbender:remove-background: [epoch 118]  average training loss: 2430.6221
cellbender:remove-background: [epoch 119]  average training loss: 2430.4738
cellbender:remove-background: [epoch 120]  average training loss: 2430.5141
cellbender:remove-background: [epoch 120] average test loss: 2432.7940
cellbender:remove-background: [epoch 121]  average training loss: 2429.7361
cellbender:remove-background: [epoch 122]  average training loss: 2429.9430
cellbender:remove-background: [epoch 123]  average training loss: 2429.6677
cellbender:remove-background: [epoch 124]  average training loss: 2429.9665
cellbender:remove-background: [epoch 125]  average training loss: 2429.1573
cellbender:remove-background: [epoch 125] average test loss: 2431.4910
cellbender:remove-background: [epoch 126]  average training loss: 2428.9044
cellbender:remove-background: [epoch 127]  average training loss: 2428.9297
cellbender:remove-background: [epoch 128]  average training loss: 2428.8367
cellbender:remove-background: [epoch 129]  average training loss: 2427.9093
cellbender:remove-background: [epoch 130]  average training loss: 2428.8525
cellbender:remove-background: [epoch 130] average test loss: 2430.8872
cellbender:remove-background: [epoch 131]  average training loss: 2428.1428
cellbender:remove-background: [epoch 132]  average training loss: 2428.1253
cellbender:remove-background: [epoch 133]  average training loss: 2427.9029
cellbender:remove-background: [epoch 134]  average training loss: 2427.8679
cellbender:remove-background: [epoch 135]  average training loss: 2427.5891
cellbender:remove-background: [epoch 135] average test loss: 2429.8037
cellbender:remove-background: [epoch 136]  average training loss: 2427.5071
cellbender:remove-background: [epoch 137]  average training loss: 2427.7614
cellbender:remove-background: [epoch 138]  average training loss: 2427.5833
cellbender:remove-background: [epoch 139]  average training loss: 2427.5353
cellbender:remove-background: [epoch 140]  average training loss: 2427.5612
cellbender:remove-background: [epoch 140] average test loss: 2430.5458
cellbender:remove-background: [epoch 141]  average training loss: 2427.1154
cellbender:remove-background: [epoch 142]  average training loss: 2426.8730
cellbender:remove-background: [epoch 143]  average training loss: 2427.5523
cellbender:remove-background: [epoch 144]  average training loss: 2427.0451
cellbender:remove-background: [epoch 145]  average training loss: 2427.1595
cellbender:remove-background: [epoch 145] average test loss: 2430.4624
cellbender:remove-background: [epoch 146]  average training loss: 2427.1091
cellbender:remove-background: [epoch 147]  average training loss: 2427.0855
cellbender:remove-background: [epoch 148]  average training loss: 2427.0975
cellbender:remove-background: [epoch 149]  average training loss: 2427.0919
cellbender:remove-background: [epoch 150]  average training loss: 2426.8069
cellbender:remove-background: [epoch 150] average test loss: 2431.1325
cellbender:remove-background: Inference procedure complete.
cellbender:remove-background: Training succeeded
cellbender:remove-background: 2023-07-16 04:27:13
cellbender:remove-background: Preparing to write outputs to file...
cellbender:remove-background: Optimal posterior regularization factor = 0.61
cellbender:remove-background: Succeeded in writing CellRanger v2 format output to file /home/dennis00/Yi_lab/cellbent_output_RAW/RMB196_4.h5
cellbender:remove-background: Succeeded in writing CellRanger v2 format output to file /home/dennis00/Yi_lab/cellbent_output_RAW/RMB196_4_filtered.h5
cellbender:remove-background: Saved cell barcodes in /home/dennis00/Yi_lab/cellbent_output_RAW/RMB196_4_cell_barcodes.csv
cellbender:remove-background: Saved summary plots as /home/dennis00/Yi_lab/cellbent_output_RAW/RMB196_4.pdf
cellbender:remove-background: Completed remove-background.
cellbender:remove-background: 2023-07-16 04:43:28

