cellbender:remove-background: Command:
cellbender remove-background --input /home/dennis00/Yi_lab/Ma_h5/RMB295_3.h5 --output /home/dennis00/Yi_lab/cellbent_output_RAW/RMB295_3.h5 --cuda --expected-cells 25000 --total-droplets-included 40000 --low-count-threshold 15 --learning-rate 1e-4 --fpr 0.01 --epochs 150
cellbender:remove-background: 2023-07-16 04:43:51
cellbender:remove-background: Running remove-background
cellbender:remove-background: Loading data from file /home/dennis00/Yi_lab/Ma_h5/RMB295_3.h5
cellbender:remove-background: CellRanger v2 format
cellbender:remove-background: Trimming dataset for inference.
cellbender:remove-background: Including 24364 genes that have nonzero counts.
cellbender:remove-background: Prior on counts in empty droplets is 297
cellbender:remove-background: Prior on counts for cells is 1099
cellbender:remove-background: Excluding barcodes with counts below 148
cellbender:remove-background: Using 25000 probable cell barcodes, plus an additional 15000 barcodes, and 36304 empty droplets.
cellbender:remove-background: Largest surely-empty droplet has 337.0 UMI counts.
cellbender:remove-background: Running inference...
cellbender:remove-background: [epoch 001]  average training loss: 3642.7622
cellbender:remove-background: [epoch 002]  average training loss: 3086.6916  (29.0 seconds per epoch)
cellbender:remove-background: [epoch 003]  average training loss: 3041.9128
cellbender:remove-background: [epoch 004]  average training loss: 3016.6498
cellbender:remove-background: [epoch 005]  average training loss: 2986.4035
cellbender:remove-background: [epoch 005] average test loss: 2967.8661
cellbender:remove-background: [epoch 006]  average training loss: 2963.4507
cellbender:remove-background: [epoch 007]  average training loss: 2923.7526
cellbender:remove-background: [epoch 008]  average training loss: 2892.3767
cellbender:remove-background: [epoch 009]  average training loss: 2863.3108
cellbender:remove-background: [epoch 010]  average training loss: 2855.9659
cellbender:remove-background: [epoch 010] average test loss: 2849.8695
cellbender:remove-background: [epoch 011]  average training loss: 2847.0052
cellbender:remove-background: [epoch 012]  average training loss: 2840.0464
cellbender:remove-background: [epoch 013]  average training loss: 2834.4341
cellbender:remove-background: [epoch 014]  average training loss: 2820.9104
cellbender:remove-background: [epoch 015]  average training loss: 2797.4210
cellbender:remove-background: [epoch 015] average test loss: 2790.0050
cellbender:remove-background: [epoch 016]  average training loss: 2783.6635
cellbender:remove-background: [epoch 017]  average training loss: 2776.4772
cellbender:remove-background: [epoch 018]  average training loss: 2763.3327
cellbender:remove-background: [epoch 019]  average training loss: 2753.1182
cellbender:remove-background: [epoch 020]  average training loss: 2745.9326
cellbender:remove-background: [epoch 020] average test loss: 2745.0745
cellbender:remove-background: [epoch 021]  average training loss: 2738.3475
cellbender:remove-background: [epoch 022]  average training loss: 2724.0656
cellbender:remove-background: [epoch 023]  average training loss: 2709.9221
cellbender:remove-background: [epoch 024]  average training loss: 2700.4372
cellbender:remove-background: [epoch 025]  average training loss: 2693.6006
cellbender:remove-background: [epoch 025] average test loss: 2696.0140
cellbender:remove-background: [epoch 026]  average training loss: 2690.6889
cellbender:remove-background: [epoch 027]  average training loss: 2686.8223
cellbender:remove-background: [epoch 028]  average training loss: 2684.2141
cellbender:remove-background: [epoch 029]  average training loss: 2681.0809
cellbender:remove-background: [epoch 030]  average training loss: 2680.0363
cellbender:remove-background: [epoch 030] average test loss: 2680.2097
cellbender:remove-background: [epoch 031]  average training loss: 2677.1990
cellbender:remove-background: [epoch 032]  average training loss: 2674.6094
cellbender:remove-background: [epoch 033]  average training loss: 2672.8658
cellbender:remove-background: [epoch 034]  average training loss: 2670.3555
cellbender:remove-background: [epoch 035]  average training loss: 2668.5888
cellbender:remove-background: [epoch 035] average test loss: 2668.9760
cellbender:remove-background: [epoch 036]  average training loss: 2666.5064
cellbender:remove-background: [epoch 037]  average training loss: 2664.6505
cellbender:remove-background: [epoch 038]  average training loss: 2663.5001
cellbender:remove-background: [epoch 039]  average training loss: 2662.5447
cellbender:remove-background: [epoch 040]  average training loss: 2660.9378
cellbender:remove-background: [epoch 040] average test loss: 2660.2340
cellbender:remove-background: [epoch 041]  average training loss: 2660.6531
cellbender:remove-background: [epoch 042]  average training loss: 2658.7656
cellbender:remove-background: [epoch 043]  average training loss: 2658.4515
cellbender:remove-background: [epoch 044]  average training loss: 2656.9872
cellbender:remove-background: [epoch 045]  average training loss: 2655.9501
cellbender:remove-background: [epoch 045] average test loss: 2659.8931
cellbender:remove-background: [epoch 046]  average training loss: 2655.4608
cellbender:remove-background: [epoch 047]  average training loss: 2653.7688
cellbender:remove-background: [epoch 048]  average training loss: 2652.9316
cellbender:remove-background: [epoch 049]  average training loss: 2652.2649
cellbender:remove-background: [epoch 050]  average training loss: 2650.4274
cellbender:remove-background: [epoch 050] average test loss: 2654.1464
cellbender:remove-background: [epoch 051]  average training loss: 2650.0832
cellbender:remove-background: [epoch 052]  average training loss: 2648.8111
cellbender:remove-background: [epoch 053]  average training loss: 2647.8887
cellbender:remove-background: [epoch 054]  average training loss: 2646.4752
cellbender:remove-background: [epoch 055]  average training loss: 2646.2668
cellbender:remove-background: [epoch 055] average test loss: 2650.5706
cellbender:remove-background: [epoch 056]  average training loss: 2644.5116
cellbender:remove-background: [epoch 057]  average training loss: 2644.3246
cellbender:remove-background: [epoch 058]  average training loss: 2643.7599
cellbender:remove-background: [epoch 059]  average training loss: 2642.4723
cellbender:remove-background: [epoch 060]  average training loss: 2642.1996
cellbender:remove-background: [epoch 060] average test loss: 2645.3690
cellbender:remove-background: [epoch 061]  average training loss: 2642.4753
cellbender:remove-background: [epoch 062]  average training loss: 2640.2316
cellbender:remove-background: [epoch 063]  average training loss: 2639.6696
cellbender:remove-background: [epoch 064]  average training loss: 2639.8277
cellbender:remove-background: [epoch 065]  average training loss: 2638.6720
cellbender:remove-background: [epoch 065] average test loss: 2642.7866
cellbender:remove-background: [epoch 066]  average training loss: 2638.0342
cellbender:remove-background: [epoch 067]  average training loss: 2637.5993
cellbender:remove-background: [epoch 068]  average training loss: 2636.6100
cellbender:remove-background: [epoch 069]  average training loss: 2635.7744
cellbender:remove-background: [epoch 070]  average training loss: 2635.4472
cellbender:remove-background: [epoch 070] average test loss: 2642.7121
cellbender:remove-background: [epoch 071]  average training loss: 2635.0707
cellbender:remove-background: [epoch 072]  average training loss: 2633.6246
cellbender:remove-background: [epoch 073]  average training loss: 2633.9347
cellbender:remove-background: [epoch 074]  average training loss: 2633.6562
cellbender:remove-background: [epoch 075]  average training loss: 2632.0627
cellbender:remove-background: [epoch 075] average test loss: 2638.2411
cellbender:remove-background: [epoch 076]  average training loss: 2631.7575
cellbender:remove-background: [epoch 077]  average training loss: 2631.6616
cellbender:remove-background: [epoch 078]  average training loss: 2630.2030
cellbender:remove-background: [epoch 079]  average training loss: 2629.8437
cellbender:remove-background: [epoch 080]  average training loss: 2629.5853
cellbender:remove-background: [epoch 080] average test loss: 2637.5684
cellbender:remove-background: [epoch 081]  average training loss: 2628.7781
cellbender:remove-background: [epoch 082]  average training loss: 2628.5972
cellbender:remove-background: [epoch 083]  average training loss: 2628.4924
cellbender:remove-background: [epoch 084]  average training loss: 2627.4822
cellbender:remove-background: [epoch 085]  average training loss: 2627.0982
cellbender:remove-background: [epoch 085] average test loss: 2633.0338
cellbender:remove-background: [epoch 086]  average training loss: 2627.1649
cellbender:remove-background: [epoch 087]  average training loss: 2627.0719
cellbender:remove-background: [epoch 088]  average training loss: 2625.8861
cellbender:remove-background: [epoch 089]  average training loss: 2625.6835
cellbender:remove-background: [epoch 090]  average training loss: 2625.2402
cellbender:remove-background: [epoch 090] average test loss: 2633.4878
cellbender:remove-background: [epoch 091]  average training loss: 2624.2037
cellbender:remove-background: [epoch 092]  average training loss: 2623.9831
cellbender:remove-background: [epoch 093]  average training loss: 2624.0687
cellbender:remove-background: [epoch 094]  average training loss: 2623.0330
cellbender:remove-background: [epoch 095]  average training loss: 2622.7146
cellbender:remove-background: [epoch 095] average test loss: 2633.7165
cellbender:remove-background: [epoch 096]  average training loss: 2622.3070
cellbender:remove-background: [epoch 097]  average training loss: 2621.9872
cellbender:remove-background: [epoch 098]  average training loss: 2621.9240
cellbender:remove-background: [epoch 099]  average training loss: 2621.5545
cellbender:remove-background: [epoch 100]  average training loss: 2620.4562
cellbender:remove-background: [epoch 100] average test loss: 2629.6379
cellbender:remove-background: [epoch 101]  average training loss: 2621.0219
cellbender:remove-background: [epoch 102]  average training loss: 2620.3057
cellbender:remove-background: [epoch 103]  average training loss: 2619.8703
cellbender:remove-background: [epoch 104]  average training loss: 2619.0386
cellbender:remove-background: [epoch 105]  average training loss: 2619.3604
cellbender:remove-background: [epoch 105] average test loss: 2630.3786
cellbender:remove-background: [epoch 106]  average training loss: 2618.0179
cellbender:remove-background: [epoch 107]  average training loss: 2618.5753
cellbender:remove-background: [epoch 108]  average training loss: 2618.2208
cellbender:remove-background: [epoch 109]  average training loss: 2618.4575
cellbender:remove-background: [epoch 110]  average training loss: 2617.8165
cellbender:remove-background: [epoch 110] average test loss: 2627.7898
cellbender:remove-background: [epoch 111]  average training loss: 2617.4121
cellbender:remove-background: [epoch 112]  average training loss: 2617.3732
cellbender:remove-background: [epoch 113]  average training loss: 2617.0197
cellbender:remove-background: [epoch 114]  average training loss: 2616.8541
cellbender:remove-background: [epoch 115]  average training loss: 2616.6091
cellbender:remove-background: [epoch 115] average test loss: 2627.1874
cellbender:remove-background: [epoch 116]  average training loss: 2616.4998
cellbender:remove-background: [epoch 117]  average training loss: 2616.3014
cellbender:remove-background: [epoch 118]  average training loss: 2616.0061
cellbender:remove-background: [epoch 119]  average training loss: 2615.4506
cellbender:remove-background: [epoch 120]  average training loss: 2615.9162
cellbender:remove-background: [epoch 120] average test loss: 2625.8108
cellbender:remove-background: [epoch 121]  average training loss: 2615.3684
cellbender:remove-background: [epoch 122]  average training loss: 2615.3196
cellbender:remove-background: [epoch 123]  average training loss: 2615.1352
cellbender:remove-background: [epoch 124]  average training loss: 2614.2417
cellbender:remove-background: [epoch 125]  average training loss: 2614.9381
cellbender:remove-background: [epoch 125] average test loss: 2627.3650
cellbender:remove-background: [epoch 126]  average training loss: 2614.2143
cellbender:remove-background: [epoch 127]  average training loss: 2614.7949
cellbender:remove-background: [epoch 128]  average training loss: 2613.7033
cellbender:remove-background: [epoch 129]  average training loss: 2613.7722
cellbender:remove-background: [epoch 130]  average training loss: 2614.2667
cellbender:remove-background: [epoch 130] average test loss: 2625.7252
cellbender:remove-background: [epoch 131]  average training loss: 2613.9333
cellbender:remove-background: [epoch 132]  average training loss: 2612.8025
cellbender:remove-background: [epoch 133]  average training loss: 2613.8154
cellbender:remove-background: [epoch 134]  average training loss: 2613.5038
cellbender:remove-background: [epoch 135]  average training loss: 2613.6675
cellbender:remove-background: [epoch 135] average test loss: 2626.4528
cellbender:remove-background: [epoch 136]  average training loss: 2612.6543
cellbender:remove-background: [epoch 137]  average training loss: 2612.5738
cellbender:remove-background: [epoch 138]  average training loss: 2613.2608
cellbender:remove-background: [epoch 139]  average training loss: 2612.8019
cellbender:remove-background: [epoch 140]  average training loss: 2613.1344
cellbender:remove-background: [epoch 140] average test loss: 2624.9688
cellbender:remove-background: [epoch 141]  average training loss: 2613.2129
cellbender:remove-background: [epoch 142]  average training loss: 2612.5202
cellbender:remove-background: [epoch 143]  average training loss: 2612.3381
cellbender:remove-background: [epoch 144]  average training loss: 2612.9865
cellbender:remove-background: [epoch 145]  average training loss: 2612.5096
cellbender:remove-background: [epoch 145] average test loss: 2624.4649
cellbender:remove-background: [epoch 146]  average training loss: 2613.0440
cellbender:remove-background: [epoch 147]  average training loss: 2612.8762
cellbender:remove-background: [epoch 148]  average training loss: 2612.8850
cellbender:remove-background: [epoch 149]  average training loss: 2612.6615
cellbender:remove-background: [epoch 150]  average training loss: 2612.5895
cellbender:remove-background: [epoch 150] average test loss: 2625.2916
cellbender:remove-background: Inference procedure complete.
cellbender:remove-background: Training succeeded
cellbender:remove-background: 2023-07-16 06:02:47
cellbender:remove-background: Preparing to write outputs to file...
cellbender:remove-background: Optimal posterior regularization factor = 0.67
cellbender:remove-background: Succeeded in writing CellRanger v2 format output to file /home/dennis00/Yi_lab/cellbent_output_RAW/RMB295_3.h5
cellbender:remove-background: Succeeded in writing CellRanger v2 format output to file /home/dennis00/Yi_lab/cellbent_output_RAW/RMB295_3_filtered.h5
cellbender:remove-background: Saved cell barcodes in /home/dennis00/Yi_lab/cellbent_output_RAW/RMB295_3_cell_barcodes.csv
cellbender:remove-background: Saved summary plots as /home/dennis00/Yi_lab/cellbent_output_RAW/RMB295_3.pdf
cellbender:remove-background: Completed remove-background.
cellbender:remove-background: 2023-07-16 06:19:53

