[1] 0
[1] "/home/local/ADS/dennis00/Yi_Lab/Lab_WorkDir/Dennis/Evolution/pbres/pseudo_bulk_analysis_results_bootAB/Ma/Ma_df_human_chimp.rds_sce.rdscounts_ls.rds/"
[1] "Astro_#chimp-vs-Astro_#human_compare_B_vs_Aboot#_1.csv"    
[2] "Astro_#chimp-vs-Astro_#human_compare_B_vs_Aboot#_10.csv"   
[3] "Astro_#chimp-vs-Astro_#human_compare_B_vs_Aboot#_100.csv"  
[4] "Astro_#chimp-vs-Astro_#human_compare_B_vs_Aboot#_1000.csv" 
[5] "Astro_#chimp-vs-Astro_#human_compare_B_vs_Aboot#_10000.csv"
[6] "Astro_#chimp-vs-Astro_#human_compare_B_vs_Aboot#_1001.csv" 
[1] 25
[1] 50
[1] 75
[1] 100
[1] 125
[1] 150
[1] 175
[1] 200
[1] 225
[1] 250
[1] 275
[1] 300
[1] 325
[1] 350
[1] 375
[1] 400
[1] 425
[1] 450
[1] 475
[1] 500
[1] "Astro"
[1] 25
[1] 50
[1] 75
[1] 100
[1] 125
[1] 150
[1] 175
[1] 200
[1] 225
[1] 250
[1] 275
[1] 300
[1] 325
[1] 350
[1] 375
[1] 400
[1] 425
[1] 450
[1] 475
[1] 500
[1] "Excite"
[1] 25
[1] 50
[1] 75
[1] 100
[1] 125
[1] 150
[1] 175
[1] 200
[1] 225
[1] 250
[1] 275
[1] 300
[1] 325
[1] 350
[1] 375
[1] 400
[1] 425
[1] 450
[1] 475
[1] 500
[1] "Inhibit"
[1] 25
[1] 50
[1] 75
[1] 100
[1] 125
[1] 150
[1] 175
[1] 200
[1] 225
[1] 250
[1] 275
[1] 300
[1] 325
[1] 350
[1] 375
[1] 400
[1] 425
[1] 450
[1] 475
[1] 500
[1] "Microglia"
[1] 25
[1] 50
[1] 75
[1] 100
[1] 125
[1] 150
[1] 175
[1] 200
[1] 225
[1] 250
[1] 275
[1] 300
[1] 325
[1] 350
[1] 375
[1] 400
[1] 425
[1] 450
[1] 475
[1] 500
[1] "Oligo"
[1] 25
[1] 50
[1] 75
[1] 100
[1] 125
[1] 150
[1] 175
[1] 200
[1] 225
[1] 250
[1] 275
[1] 300
[1] 325
[1] 350
[1] 375
[1] 400
[1] 425
[1] 450
[1] 475
[1] 500
[1] "OPC"
confidence_intervals_0.R
SLURM Job ID        : 6083
