[1] 1
[1] "/home/local/ADS/dennis00/Yi_Lab/Lab_WorkDir/Dennis/Evolution/pbres/pseudo_bulk_analysis_results_bootAB/Ma/Ma_df_human_chimp.rds_sce.rdscounts_ls.rds/"
[1] "Astro_#chimp-vs-Astro_#human_compare_B_vs_Aboot#_1.csv"    
[2] "Astro_#chimp-vs-Astro_#human_compare_B_vs_Aboot#_10.csv"   
[3] "Astro_#chimp-vs-Astro_#human_compare_B_vs_Aboot#_100.csv"  
[4] "Astro_#chimp-vs-Astro_#human_compare_B_vs_Aboot#_1000.csv" 
[5] "Astro_#chimp-vs-Astro_#human_compare_B_vs_Aboot#_10000.csv"
[6] "Astro_#chimp-vs-Astro_#human_compare_B_vs_Aboot#_1001.csv" 
[1] 525
[1] 550
[1] 575
[1] 600
[1] 625
[1] 650
[1] 675
[1] 700
[1] 725
[1] 750
[1] 775
[1] 800
[1] 825
[1] 850
[1] 875
[1] 900
[1] 925
[1] 950
[1] 975
[1] 1000
[1] "Astro"
[1] 525
[1] 550
[1] 575
[1] 600
[1] 625
[1] 650
[1] 675
[1] 700
[1] 725
[1] 750
[1] 775
[1] 800
[1] 825
[1] 850
[1] 875
[1] 900
[1] 925
[1] 950
[1] 975
[1] 1000
[1] "Excite"
[1] 525
[1] 550
[1] 575
[1] 600
[1] 625
[1] 650
[1] 675
[1] 700
[1] 725
[1] 750
[1] 775
[1] 800
[1] 825
[1] 850
[1] 875
[1] 900
[1] 925
[1] 950
[1] 975
[1] 1000
[1] "Inhibit"
[1] 525
[1] 550
[1] 575
[1] 600
[1] 625
[1] 650
[1] 675
[1] 700
[1] 725
[1] 750
[1] 775
[1] 800
[1] 825
[1] 850
[1] 875
[1] 900
[1] 925
[1] 950
[1] 975
[1] 1000
[1] "Microglia"
[1] 525
[1] 550
[1] 575
[1] 600
[1] 625
[1] 650
[1] 675
[1] 700
[1] 725
[1] 750
[1] 775
[1] 800
[1] 825
[1] 850
[1] 875
[1] 900
[1] 925
[1] 950
[1] 975
[1] 1000
[1] "Oligo"
[1] 525
[1] 550
[1] 575
[1] 600
[1] 625
[1] 650
[1] 675
[1] 700
[1] 725
[1] 750
[1] 775
[1] 800
[1] 825
[1] 850
[1] 875
[1] 900
[1] 925
[1] 950
[1] 975
[1] 1000
[1] "OPC"
confidence_intervals_1.R
SLURM Job ID        : 6084
