[1] 5
[1] "/home/local/ADS/dennis00/Yi_Lab/Lab_WorkDir/Dennis/Evolution/pbres/pseudo_bulk_analysis_results_bootAB/Ma/Ma_df_human_chimp.rds_sce.rdscounts_ls.rds/"
[1] "Astro_#chimp-vs-Astro_#human_compare_B_vs_Aboot#_1.csv"    
[2] "Astro_#chimp-vs-Astro_#human_compare_B_vs_Aboot#_10.csv"   
[3] "Astro_#chimp-vs-Astro_#human_compare_B_vs_Aboot#_100.csv"  
[4] "Astro_#chimp-vs-Astro_#human_compare_B_vs_Aboot#_1000.csv" 
[5] "Astro_#chimp-vs-Astro_#human_compare_B_vs_Aboot#_10000.csv"
[6] "Astro_#chimp-vs-Astro_#human_compare_B_vs_Aboot#_1001.csv" 
[1] 2525
[1] 2550
[1] 2575
[1] 2600
[1] 2625
[1] 2650
[1] 2675
[1] 2700
[1] 2725
[1] 2750
[1] 2775
[1] 2800
[1] 2825
[1] 2850
[1] 2875
[1] 2900
[1] 2925
[1] 2950
[1] 2975
[1] 3000
[1] "Astro"
[1] 2525
[1] 2550
[1] 2575
[1] 2600
[1] 2625
[1] 2650
[1] 2675
[1] 2700
[1] 2725
[1] 2750
[1] 2775
[1] 2800
[1] 2825
[1] 2850
[1] 2875
[1] 2900
[1] 2925
[1] 2950
[1] 2975
[1] 3000
[1] "Excite"
[1] 2525
[1] 2550
[1] 2575
[1] 2600
[1] 2625
[1] 2650
[1] 2675
[1] 2700
[1] 2725
[1] 2750
[1] 2775
[1] 2800
[1] 2825
[1] 2850
[1] 2875
[1] 2900
[1] 2925
[1] 2950
[1] 2975
[1] 3000
[1] "Inhibit"
[1] 2525
[1] 2550
[1] 2575
[1] 2600
[1] 2625
[1] 2650
[1] 2675
[1] 2700
[1] 2725
[1] 2750
[1] 2775
[1] 2800
[1] 2825
[1] 2850
[1] 2875
[1] 2900
[1] 2925
[1] 2950
[1] 2975
[1] 3000
[1] "Microglia"
[1] 2525
[1] 2550
[1] 2575
[1] 2600
[1] 2625
[1] 2650
[1] 2675
[1] 2700
[1] 2725
[1] 2750
[1] 2775
[1] 2800
[1] 2825
[1] 2850
[1] 2875
[1] 2900
[1] 2925
[1] 2950
[1] 2975
[1] 3000
[1] "Oligo"
[1] 2525
[1] 2550
[1] 2575
[1] 2600
[1] 2625
[1] 2650
[1] 2675
[1] 2700
[1] 2725
[1] 2750
[1] 2775
[1] 2800
[1] 2825
[1] 2850
[1] 2875
[1] 2900
[1] 2925
[1] 2950
[1] 2975
[1] 3000
[1] "OPC"
confidence_intervals_5.R
SLURM Job ID        : 6088
