[1] 7
[1] "/home/local/ADS/dennis00/Yi_Lab/Lab_WorkDir/Dennis/Evolution/pbres/pseudo_bulk_analysis_results_bootAB/Ma/Ma_df_human_chimp.rds_sce.rdscounts_ls.rds/"
[1] "Astro_#chimp-vs-Astro_#human_compare_B_vs_Aboot#_1.csv"    
[2] "Astro_#chimp-vs-Astro_#human_compare_B_vs_Aboot#_10.csv"   
[3] "Astro_#chimp-vs-Astro_#human_compare_B_vs_Aboot#_100.csv"  
[4] "Astro_#chimp-vs-Astro_#human_compare_B_vs_Aboot#_1000.csv" 
[5] "Astro_#chimp-vs-Astro_#human_compare_B_vs_Aboot#_10000.csv"
[6] "Astro_#chimp-vs-Astro_#human_compare_B_vs_Aboot#_1001.csv" 
[1] 3525
[1] 3550
[1] 3575
[1] 3600
[1] 3625
[1] 3650
[1] 3675
[1] 3700
[1] 3725
[1] 3750
[1] 3775
[1] 3800
[1] 3825
[1] 3850
[1] 3875
[1] 3900
[1] 3925
[1] 3950
[1] 3975
[1] 4000
[1] "Astro"
[1] 3525
[1] 3550
[1] 3575
[1] 3600
[1] 3625
[1] 3650
[1] 3675
[1] 3700
[1] 3725
[1] 3750
[1] 3775
[1] 3800
[1] 3825
[1] 3850
[1] 3875
[1] 3900
[1] 3925
[1] 3950
[1] 3975
[1] 4000
[1] "Excite"
[1] 3525
[1] 3550
[1] 3575
[1] 3600
[1] 3625
[1] 3650
[1] 3675
[1] 3700
[1] 3725
[1] 3750
[1] 3775
[1] 3800
[1] 3825
[1] 3850
[1] 3875
[1] 3900
[1] 3925
[1] 3950
[1] 3975
[1] 4000
[1] "Inhibit"
[1] 3525
[1] 3550
[1] 3575
[1] 3600
[1] 3625
[1] 3650
[1] 3675
[1] 3700
[1] 3725
[1] 3750
[1] 3775
[1] 3800
[1] 3825
[1] 3850
[1] 3875
[1] 3900
[1] 3925
[1] 3950
[1] 3975
[1] 4000
[1] "Microglia"
[1] 3525
[1] 3550
[1] 3575
[1] 3600
[1] 3625
[1] 3650
[1] 3675
[1] 3700
[1] 3725
[1] 3750
[1] 3775
[1] 3800
[1] 3825
[1] 3850
[1] 3875
[1] 3900
[1] 3925
[1] 3950
[1] 3975
[1] 4000
[1] "Oligo"
[1] 3525
[1] 3550
[1] 3575
[1] 3600
[1] 3625
[1] 3650
[1] 3675
[1] 3700
[1] 3725
[1] 3750
[1] 3775
[1] 3800
[1] 3825
[1] 3850
[1] 3875
[1] 3900
[1] 3925
[1] 3950
[1] 3975
[1] 4000
[1] "OPC"
confidence_intervals_7.R
SLURM Job ID        : 6090
