[1] 8
[1] "/home/local/ADS/dennis00/Yi_Lab/Lab_WorkDir/Dennis/Evolution/pbres/pseudo_bulk_analysis_results_bootAB/Ma/Ma_df_human_chimp.rds_sce.rdscounts_ls.rds/"
[1] "Astro_#chimp-vs-Astro_#human_compare_B_vs_Aboot#_1.csv"    
[2] "Astro_#chimp-vs-Astro_#human_compare_B_vs_Aboot#_10.csv"   
[3] "Astro_#chimp-vs-Astro_#human_compare_B_vs_Aboot#_100.csv"  
[4] "Astro_#chimp-vs-Astro_#human_compare_B_vs_Aboot#_1000.csv" 
[5] "Astro_#chimp-vs-Astro_#human_compare_B_vs_Aboot#_10000.csv"
[6] "Astro_#chimp-vs-Astro_#human_compare_B_vs_Aboot#_1001.csv" 
[1] 4025
[1] 4050
[1] 4075
[1] 4100
[1] 4125
[1] 4150
[1] 4175
[1] 4200
[1] 4225
[1] 4250
[1] 4275
[1] 4300
[1] 4325
[1] 4350
[1] 4375
[1] 4400
[1] 4425
[1] 4450
[1] 4475
[1] 4500
[1] "Astro"
[1] 4025
[1] 4050
[1] 4075
[1] 4100
[1] 4125
[1] 4150
[1] 4175
[1] 4200
[1] 4225
[1] 4250
[1] 4275
[1] 4300
[1] 4325
[1] 4350
[1] 4375
[1] 4400
[1] 4425
[1] 4450
[1] 4475
[1] 4500
[1] "Excite"
[1] 4025
[1] 4050
[1] 4075
[1] 4100
[1] 4125
[1] 4150
[1] 4175
[1] 4200
[1] 4225
[1] 4250
[1] 4275
[1] 4300
[1] 4325
[1] 4350
[1] 4375
[1] 4400
[1] 4425
[1] 4450
[1] 4475
[1] 4500
[1] "Inhibit"
[1] 4025
[1] 4050
[1] 4075
[1] 4100
[1] 4125
[1] 4150
[1] 4175
[1] 4200
[1] 4225
[1] 4250
[1] 4275
[1] 4300
[1] 4325
[1] 4350
[1] 4375
[1] 4400
[1] 4425
[1] 4450
[1] 4475
[1] 4500
[1] "Microglia"
[1] 4025
[1] 4050
[1] 4075
[1] 4100
[1] 4125
[1] 4150
[1] 4175
[1] 4200
[1] 4225
[1] 4250
[1] 4275
[1] 4300
[1] 4325
[1] 4350
[1] 4375
[1] 4400
[1] 4425
[1] 4450
[1] 4475
[1] 4500
[1] "Oligo"
[1] 4025
[1] 4050
[1] 4075
[1] 4100
[1] 4125
[1] 4150
[1] 4175
[1] 4200
[1] 4225
[1] 4250
[1] 4275
[1] 4300
[1] 4325
[1] 4350
[1] 4375
[1] 4400
[1] 4425
[1] 4450
[1] 4475
[1] 4500
[1] "OPC"
confidence_intervals_8.R
SLURM Job ID        : 6091
