[1] 10
[1] "/home/local/ADS/dennis00/Yi_Lab/Lab_WorkDir/Dennis/Evolution/pbres/pseudo_bulk_analysis_results_bootAB/Ma/Ma_df_human_chimp.rds_sce.rdscounts_ls.rds/"
[1] "Astro_#chimp-vs-Astro_#human_compare_B_vs_Aboot#_1.csv"    
[2] "Astro_#chimp-vs-Astro_#human_compare_B_vs_Aboot#_10.csv"   
[3] "Astro_#chimp-vs-Astro_#human_compare_B_vs_Aboot#_100.csv"  
[4] "Astro_#chimp-vs-Astro_#human_compare_B_vs_Aboot#_1000.csv" 
[5] "Astro_#chimp-vs-Astro_#human_compare_B_vs_Aboot#_10000.csv"
[6] "Astro_#chimp-vs-Astro_#human_compare_B_vs_Aboot#_1001.csv" 
[1] 5025
[1] 5050
[1] 5075
[1] 5100
[1] 5125
[1] 5150
[1] 5175
[1] 5200
[1] 5225
[1] 5250
[1] 5275
[1] 5300
[1] 5325
[1] 5350
[1] 5375
[1] 5400
[1] 5425
[1] 5450
[1] 5475
[1] 5500
[1] "Astro"
[1] 5025
[1] 5050
[1] 5075
[1] 5100
[1] 5125
[1] 5150
[1] 5175
[1] 5200
[1] 5225
[1] 5250
[1] 5275
[1] 5300
[1] 5325
[1] 5350
[1] 5375
[1] 5400
[1] 5425
[1] 5450
[1] 5475
[1] 5500
[1] "Excite"
[1] 5025
[1] 5050
[1] 5075
[1] 5100
[1] 5125
[1] 5150
[1] 5175
[1] 5200
[1] 5225
[1] 5250
[1] 5275
[1] 5300
[1] 5325
[1] 5350
[1] 5375
[1] 5400
[1] 5425
[1] 5450
[1] 5475
[1] 5500
[1] "Inhibit"
[1] 5025
[1] 5050
[1] 5075
[1] 5100
[1] 5125
[1] 5150
[1] 5175
[1] 5200
[1] 5225
[1] 5250
[1] 5275
[1] 5300
[1] 5325
[1] 5350
[1] 5375
[1] 5400
[1] 5425
[1] 5450
[1] 5475
[1] 5500
[1] "Microglia"
[1] 5025
[1] 5050
[1] 5075
[1] 5100
[1] 5125
[1] 5150
[1] 5175
[1] 5200
[1] 5225
[1] 5250
[1] 5275
[1] 5300
[1] 5325
[1] 5350
[1] 5375
[1] 5400
[1] 5425
[1] 5450
[1] 5475
[1] 5500
[1] "Oligo"
[1] 5025
[1] 5050
[1] 5075
[1] 5100
[1] 5125
[1] 5150
[1] 5175
[1] 5200
[1] 5225
[1] 5250
[1] 5275
[1] 5300
[1] 5325
[1] 5350
[1] 5375
[1] 5400
[1] 5425
[1] 5450
[1] 5475
[1] 5500
[1] "OPC"
confidence_intervals_10.R
SLURM Job ID        : 6093
