[1] 13
[1] "/home/local/ADS/dennis00/Yi_Lab/Lab_WorkDir/Dennis/Evolution/pbres/pseudo_bulk_analysis_results_bootAB/Ma/Ma_df_human_chimp.rds_sce.rdscounts_ls.rds/"
[1] "Astro_#chimp-vs-Astro_#human_compare_B_vs_Aboot#_1.csv"    
[2] "Astro_#chimp-vs-Astro_#human_compare_B_vs_Aboot#_10.csv"   
[3] "Astro_#chimp-vs-Astro_#human_compare_B_vs_Aboot#_100.csv"  
[4] "Astro_#chimp-vs-Astro_#human_compare_B_vs_Aboot#_1000.csv" 
[5] "Astro_#chimp-vs-Astro_#human_compare_B_vs_Aboot#_10000.csv"
[6] "Astro_#chimp-vs-Astro_#human_compare_B_vs_Aboot#_1001.csv" 
[1] 6525
[1] 6550
[1] 6575
[1] 6600
[1] 6625
[1] 6650
[1] 6675
[1] 6700
[1] 6725
[1] 6750
[1] 6775
[1] 6800
[1] 6825
[1] 6850
[1] 6875
[1] 6900
[1] 6925
[1] 6950
[1] 6975
[1] 7000
[1] "Astro"
[1] 6525
[1] 6550
[1] 6575
[1] 6600
[1] 6625
[1] 6650
[1] 6675
[1] 6700
[1] 6725
[1] 6750
[1] 6775
[1] 6800
[1] 6825
[1] 6850
[1] 6875
[1] 6900
[1] 6925
[1] 6950
[1] 6975
[1] 7000
[1] "Excite"
[1] 6525
[1] 6550
[1] 6575
[1] 6600
[1] 6625
[1] 6650
[1] 6675
[1] 6700
[1] 6725
[1] 6750
[1] 6775
[1] 6800
[1] 6825
[1] 6850
[1] 6875
[1] 6900
[1] 6925
[1] 6950
[1] 6975
[1] 7000
[1] "Inhibit"
[1] 6525
[1] 6550
[1] 6575
[1] 6600
[1] 6625
[1] 6650
[1] 6675
[1] 6700
[1] 6725
[1] 6750
[1] 6775
[1] 6800
[1] 6825
[1] 6850
[1] 6875
[1] 6900
[1] 6925
[1] 6950
[1] 6975
[1] 7000
[1] "Microglia"
[1] 6525
[1] 6550
[1] 6575
[1] 6600
[1] 6625
[1] 6650
[1] 6675
[1] 6700
[1] 6725
[1] 6750
[1] 6775
[1] 6800
[1] 6825
[1] 6850
[1] 6875
[1] 6900
[1] 6925
[1] 6950
[1] 6975
[1] 7000
[1] "Oligo"
[1] 6525
[1] 6550
[1] 6575
[1] 6600
[1] 6625
[1] 6650
[1] 6675
[1] 6700
[1] 6725
[1] 6750
[1] 6775
[1] 6800
[1] 6825
[1] 6850
[1] 6875
[1] 6900
[1] 6925
[1] 6950
[1] 6975
[1] 7000
[1] "OPC"
confidence_intervals_13.R
SLURM Job ID        : 6096
