[1] 14
[1] "/home/local/ADS/dennis00/Yi_Lab/Lab_WorkDir/Dennis/Evolution/pbres/pseudo_bulk_analysis_results_bootAB/Ma/Ma_df_human_chimp.rds_sce.rdscounts_ls.rds/"
[1] "Astro_#chimp-vs-Astro_#human_compare_B_vs_Aboot#_1.csv"    
[2] "Astro_#chimp-vs-Astro_#human_compare_B_vs_Aboot#_10.csv"   
[3] "Astro_#chimp-vs-Astro_#human_compare_B_vs_Aboot#_100.csv"  
[4] "Astro_#chimp-vs-Astro_#human_compare_B_vs_Aboot#_1000.csv" 
[5] "Astro_#chimp-vs-Astro_#human_compare_B_vs_Aboot#_10000.csv"
[6] "Astro_#chimp-vs-Astro_#human_compare_B_vs_Aboot#_1001.csv" 
[1] 7025
[1] 7050
[1] 7075
[1] 7100
[1] 7125
[1] 7150
[1] 7175
[1] 7200
[1] 7225
[1] 7250
[1] 7275
[1] 7300
[1] 7325
[1] 7350
[1] 7375
[1] 7400
[1] 7425
[1] 7450
[1] 7475
[1] 7500
[1] "Astro"
[1] 7025
[1] 7050
[1] 7075
[1] 7100
[1] 7125
[1] 7150
[1] 7175
[1] 7200
[1] 7225
[1] 7250
[1] 7275
[1] 7300
[1] 7325
[1] 7350
[1] 7375
[1] 7400
[1] 7425
[1] 7450
[1] 7475
[1] 7500
[1] "Excite"
[1] 7025
[1] 7050
[1] 7075
[1] 7100
[1] 7125
[1] 7150
[1] 7175
[1] 7200
[1] 7225
[1] 7250
[1] 7275
[1] 7300
[1] 7325
[1] 7350
[1] 7375
[1] 7400
[1] 7425
[1] 7450
[1] 7475
[1] 7500
[1] "Inhibit"
[1] 7025
[1] 7050
[1] 7075
[1] 7100
[1] 7125
[1] 7150
[1] 7175
[1] 7200
[1] 7225
[1] 7250
[1] 7275
[1] 7300
[1] 7325
[1] 7350
[1] 7375
[1] 7400
[1] 7425
[1] 7450
[1] 7475
[1] 7500
[1] "Microglia"
[1] 7025
[1] 7050
[1] 7075
[1] 7100
[1] 7125
[1] 7150
[1] 7175
[1] 7200
[1] 7225
[1] 7250
[1] 7275
[1] 7300
[1] 7325
[1] 7350
[1] 7375
[1] 7400
[1] 7425
[1] 7450
[1] 7475
[1] 7500
[1] "Oligo"
[1] 7025
[1] 7050
[1] 7075
[1] 7100
[1] 7125
[1] 7150
[1] 7175
[1] 7200
[1] 7225
[1] 7250
[1] 7275
[1] 7300
[1] 7325
[1] 7350
[1] 7375
[1] 7400
[1] 7425
[1] 7450
[1] 7475
[1] 7500
[1] "OPC"
confidence_intervals_14.R
SLURM Job ID        : 6097
