[1] 17
[1] "/home/local/ADS/dennis00/Yi_Lab/Lab_WorkDir/Dennis/Evolution/pbres/pseudo_bulk_analysis_results_bootAB/Ma/Ma_df_human_chimp.rds_sce.rdscounts_ls.rds/"
[1] "Astro_#chimp-vs-Astro_#human_compare_B_vs_Aboot#_1.csv"    
[2] "Astro_#chimp-vs-Astro_#human_compare_B_vs_Aboot#_10.csv"   
[3] "Astro_#chimp-vs-Astro_#human_compare_B_vs_Aboot#_100.csv"  
[4] "Astro_#chimp-vs-Astro_#human_compare_B_vs_Aboot#_1000.csv" 
[5] "Astro_#chimp-vs-Astro_#human_compare_B_vs_Aboot#_10000.csv"
[6] "Astro_#chimp-vs-Astro_#human_compare_B_vs_Aboot#_1001.csv" 
[1] 8525
[1] 8550
[1] 8575
[1] 8600
[1] 8625
[1] 8650
[1] 8675
[1] 8700
[1] 8725
[1] 8750
[1] 8775
[1] 8800
[1] 8825
[1] 8850
[1] 8875
[1] 8900
[1] 8925
[1] 8950
[1] 8975
[1] 9000
[1] "Astro"
[1] 8525
[1] 8550
[1] 8575
[1] 8600
[1] 8625
[1] 8650
[1] 8675
[1] 8700
[1] 8725
[1] 8750
[1] 8775
[1] 8800
[1] 8825
[1] 8850
[1] 8875
[1] 8900
[1] 8925
[1] 8950
[1] 8975
[1] 9000
[1] "Excite"
[1] 8525
[1] 8550
[1] 8575
[1] 8600
[1] 8625
[1] 8650
[1] 8675
[1] 8700
[1] 8725
[1] 8750
[1] 8775
[1] 8800
[1] 8825
[1] 8850
[1] 8875
[1] 8900
[1] 8925
[1] 8950
[1] 8975
[1] 9000
[1] "Inhibit"
[1] 8525
[1] 8550
[1] 8575
[1] 8600
[1] 8625
[1] 8650
[1] 8675
[1] 8700
[1] 8725
[1] 8750
[1] 8775
[1] 8800
[1] 8825
[1] 8850
[1] 8875
[1] 8900
[1] 8925
[1] 8950
[1] 8975
[1] 9000
[1] "Microglia"
[1] 8525
[1] 8550
[1] 8575
[1] 8600
[1] 8625
[1] 8650
[1] 8675
[1] 8700
[1] 8725
[1] 8750
[1] 8775
[1] 8800
[1] 8825
[1] 8850
[1] 8875
[1] 8900
[1] 8925
[1] 8950
[1] 8975
[1] 9000
[1] "Oligo"
[1] 8525
[1] 8550
[1] 8575
[1] 8600
[1] 8625
[1] 8650
[1] 8675
[1] 8700
[1] 8725
[1] 8750
[1] 8775
[1] 8800
[1] 8825
[1] 8850
[1] 8875
[1] 8900
[1] 8925
[1] 8950
[1] 8975
[1] 9000
[1] "OPC"
confidence_intervals_17.R
SLURM Job ID        : 6100
