[1] 18
[1] "/home/local/ADS/dennis00/Yi_Lab/Lab_WorkDir/Dennis/Evolution/pbres/pseudo_bulk_analysis_results_bootAB/Ma/Ma_df_human_chimp.rds_sce.rdscounts_ls.rds/"
[1] "Astro_#chimp-vs-Astro_#human_compare_B_vs_Aboot#_1.csv"    
[2] "Astro_#chimp-vs-Astro_#human_compare_B_vs_Aboot#_10.csv"   
[3] "Astro_#chimp-vs-Astro_#human_compare_B_vs_Aboot#_100.csv"  
[4] "Astro_#chimp-vs-Astro_#human_compare_B_vs_Aboot#_1000.csv" 
[5] "Astro_#chimp-vs-Astro_#human_compare_B_vs_Aboot#_10000.csv"
[6] "Astro_#chimp-vs-Astro_#human_compare_B_vs_Aboot#_1001.csv" 
[1] 9025
[1] 9050
[1] 9075
[1] 9100
[1] 9125
[1] 9150
[1] 9175
[1] 9200
[1] 9225
[1] 9250
[1] 9275
[1] 9300
[1] 9325
[1] 9350
[1] 9375
[1] 9400
[1] 9425
[1] 9450
[1] 9475
[1] 9500
[1] "Astro"
[1] 9025
[1] 9050
[1] 9075
[1] 9100
[1] 9125
[1] 9150
[1] 9175
[1] 9200
[1] 9225
[1] 9250
[1] 9275
[1] 9300
[1] 9325
[1] 9350
[1] 9375
[1] 9400
[1] 9425
[1] 9450
[1] 9475
[1] 9500
[1] "Excite"
[1] 9025
[1] 9050
[1] 9075
[1] 9100
[1] 9125
[1] 9150
[1] 9175
[1] 9200
[1] 9225
[1] 9250
[1] 9275
[1] 9300
[1] 9325
[1] 9350
[1] 9375
[1] 9400
[1] 9425
[1] 9450
[1] 9475
[1] 9500
[1] "Inhibit"
[1] 9025
[1] 9050
[1] 9075
[1] 9100
[1] 9125
[1] 9150
[1] 9175
[1] 9200
[1] 9225
[1] 9250
[1] 9275
[1] 9300
[1] 9325
[1] 9350
[1] 9375
[1] 9400
[1] 9425
[1] 9450
[1] 9475
[1] 9500
[1] "Microglia"
[1] 9025
[1] 9050
[1] 9075
[1] 9100
[1] 9125
[1] 9150
[1] 9175
[1] 9200
[1] 9225
[1] 9250
[1] 9275
[1] 9300
[1] 9325
[1] 9350
[1] 9375
[1] 9400
[1] 9425
[1] 9450
[1] 9475
[1] 9500
[1] "Oligo"
[1] 9025
[1] 9050
[1] 9075
[1] 9100
[1] 9125
[1] 9150
[1] 9175
[1] 9200
[1] 9225
[1] 9250
[1] 9275
[1] 9300
[1] 9325
[1] 9350
[1] 9375
[1] 9400
[1] 9425
[1] 9450
[1] 9475
[1] 9500
[1] "OPC"
confidence_intervals_18.R
SLURM Job ID        : 6101
