[1] 19
[1] "/home/local/ADS/dennis00/Yi_Lab/Lab_WorkDir/Dennis/Evolution/pbres/pseudo_bulk_analysis_results_bootAB/Ma/Ma_df_human_chimp.rds_sce.rdscounts_ls.rds/"
[1] "Astro_#chimp-vs-Astro_#human_compare_B_vs_Aboot#_1.csv"    
[2] "Astro_#chimp-vs-Astro_#human_compare_B_vs_Aboot#_10.csv"   
[3] "Astro_#chimp-vs-Astro_#human_compare_B_vs_Aboot#_100.csv"  
[4] "Astro_#chimp-vs-Astro_#human_compare_B_vs_Aboot#_1000.csv" 
[5] "Astro_#chimp-vs-Astro_#human_compare_B_vs_Aboot#_10000.csv"
[6] "Astro_#chimp-vs-Astro_#human_compare_B_vs_Aboot#_1001.csv" 
[1] 9525
[1] 9550
[1] 9575
[1] 9600
[1] 9625
[1] 9650
[1] 9675
[1] 9700
[1] 9725
[1] 9750
[1] 9775
[1] 9800
[1] 9825
[1] 9850
[1] 9875
[1] 9900
[1] 9925
[1] 9950
[1] 9975
[1] 10000
[1] "Astro"
[1] 9525
[1] 9550
[1] 9575
[1] 9600
[1] 9625
[1] 9650
[1] 9675
[1] 9700
[1] 9725
[1] 9750
[1] 9775
[1] 9800
[1] 9825
[1] 9850
[1] 9875
[1] 9900
[1] 9925
[1] 9950
[1] 9975
[1] 10000
[1] "Excite"
[1] 9525
[1] 9550
[1] 9575
[1] 9600
[1] 9625
[1] 9650
[1] 9675
[1] 9700
[1] 9725
[1] 9750
[1] 9775
[1] 9800
[1] 9825
[1] 9850
[1] 9875
[1] 9900
[1] 9925
[1] 9950
[1] 9975
[1] 10000
[1] "Inhibit"
[1] 9525
[1] 9550
[1] 9575
[1] 9600
[1] 9625
[1] 9650
[1] 9675
[1] 9700
[1] 9725
[1] 9750
[1] 9775
[1] 9800
[1] 9825
[1] 9850
[1] 9875
[1] 9900
[1] 9925
[1] 9950
[1] 9975
[1] 10000
[1] "Microglia"
[1] 9525
[1] 9550
[1] 9575
[1] 9600
[1] 9625
[1] 9650
[1] 9675
[1] 9700
[1] 9725
[1] 9750
[1] 9775
[1] 9800
[1] 9825
[1] 9850
[1] 9875
[1] 9900
[1] 9925
[1] 9950
[1] 9975
[1] 10000
[1] "Oligo"
[1] 9525
[1] 9550
[1] 9575
[1] 9600
[1] 9625
[1] 9650
[1] 9675
[1] 9700
[1] 9725
[1] 9750
[1] 9775
[1] 9800
[1] 9825
[1] 9850
[1] 9875
[1] 9900
[1] 9925
[1] 9950
[1] 9975
[1] 10000
[1] "OPC"
confidence_intervals_19.R
SLURM Job ID        : 6102
