[1] 2
[1] "/home/local/ADS/dennis00/Yi_Lab/Lab_WorkDir/Dennis/Evolution/pbres/pseudo_bulk_analysis_results_bootAB/Ma/Ma_df_human_chimp.rds_sce.rdscounts_ls.rds/"
[1] "Astro_#chimp-vs-Astro_#human_compare_B_vs_Aboot#_1.csv"    
[2] "Astro_#chimp-vs-Astro_#human_compare_B_vs_Aboot#_10.csv"   
[3] "Astro_#chimp-vs-Astro_#human_compare_B_vs_Aboot#_100.csv"  
[4] "Astro_#chimp-vs-Astro_#human_compare_B_vs_Aboot#_1000.csv" 
[5] "Astro_#chimp-vs-Astro_#human_compare_B_vs_Aboot#_10000.csv"
[6] "Astro_#chimp-vs-Astro_#human_compare_B_vs_Aboot#_1001.csv" 
[1] 1025
[1] 1050
[1] 1075
[1] 1100
[1] 1125
[1] 1150
[1] 1175
[1] 1200
[1] 1225
[1] 1250
[1] 1275
[1] 1300
[1] 1325
[1] 1350
[1] 1375
[1] 1400
[1] 1425
[1] 1450
[1] 1475
[1] 1500
[1] "Astro"
[1] 1025
[1] 1050
[1] 1075
[1] 1100
[1] 1125
[1] 1150
[1] 1175
[1] 1200
[1] 1225
[1] 1250
[1] 1275
[1] 1300
[1] 1325
[1] 1350
[1] 1375
[1] 1400
[1] 1425
[1] 1450
[1] 1475
[1] 1500
[1] "Excite"
[1] 1025
[1] 1050
[1] 1075
[1] 1100
[1] 1125
[1] 1150
[1] 1175
[1] 1200
[1] 1225
[1] 1250
[1] 1275
[1] 1300
[1] 1325
[1] 1350
[1] 1375
[1] 1400
[1] 1425
[1] 1450
[1] 1475
[1] 1500
[1] "Inhibit"
[1] 1025
[1] 1050
[1] 1075
[1] 1100
[1] 1125
[1] 1150
[1] 1175
[1] 1200
[1] 1225
[1] 1250
[1] 1275
[1] 1300
[1] 1325
[1] 1350
[1] 1375
[1] 1400
[1] 1425
[1] 1450
[1] 1475
[1] 1500
[1] "Microglia"
[1] 1025
[1] 1050
[1] 1075
[1] 1100
[1] 1125
[1] 1150
[1] 1175
[1] 1200
[1] 1225
[1] 1250
[1] 1275
[1] 1300
[1] 1325
[1] 1350
[1] 1375
[1] 1400
[1] 1425
[1] 1450
[1] 1475
[1] 1500
[1] "Oligo"
[1] 1025
[1] 1050
[1] 1075
[1] 1100
[1] 1125
[1] 1150
[1] 1175
[1] 1200
[1] 1225
[1] 1250
[1] 1275
[1] 1300
[1] 1325
[1] 1350
[1] 1375
[1] 1400
[1] 1425
[1] 1450
[1] 1475
[1] 1500
[1] "OPC"
confidence_intervals_2.R
SLURM Job ID        : 6085
