[1] 3
[1] "/home/local/ADS/dennis00/Yi_Lab/Lab_WorkDir/Dennis/Evolution/pbres/pseudo_bulk_analysis_results_bootAB/Ma/Ma_df_human_chimp.rds_sce.rdscounts_ls.rds/"
[1] "Astro_#chimp-vs-Astro_#human_compare_B_vs_Aboot#_1.csv"    
[2] "Astro_#chimp-vs-Astro_#human_compare_B_vs_Aboot#_10.csv"   
[3] "Astro_#chimp-vs-Astro_#human_compare_B_vs_Aboot#_100.csv"  
[4] "Astro_#chimp-vs-Astro_#human_compare_B_vs_Aboot#_1000.csv" 
[5] "Astro_#chimp-vs-Astro_#human_compare_B_vs_Aboot#_10000.csv"
[6] "Astro_#chimp-vs-Astro_#human_compare_B_vs_Aboot#_1001.csv" 
[1] 1525
[1] 1550
[1] 1575
[1] 1600
[1] 1625
[1] 1650
[1] 1675
[1] 1700
[1] 1725
[1] 1750
[1] 1775
[1] 1800
[1] 1825
[1] 1850
[1] 1875
[1] 1900
[1] 1925
[1] 1950
[1] 1975
[1] 2000
[1] "Astro"
[1] 1525
[1] 1550
[1] 1575
[1] 1600
[1] 1625
[1] 1650
[1] 1675
[1] 1700
[1] 1725
[1] 1750
[1] 1775
[1] 1800
[1] 1825
[1] 1850
[1] 1875
[1] 1900
[1] 1925
[1] 1950
[1] 1975
[1] 2000
[1] "Excite"
[1] 1525
[1] 1550
[1] 1575
[1] 1600
[1] 1625
[1] 1650
[1] 1675
[1] 1700
[1] 1725
[1] 1750
[1] 1775
[1] 1800
[1] 1825
[1] 1850
[1] 1875
[1] 1900
[1] 1925
[1] 1950
[1] 1975
[1] 2000
[1] "Inhibit"
[1] 1525
[1] 1550
[1] 1575
[1] 1600
[1] 1625
[1] 1650
[1] 1675
[1] 1700
[1] 1725
[1] 1750
[1] 1775
[1] 1800
[1] 1825
[1] 1850
[1] 1875
[1] 1900
[1] 1925
[1] 1950
[1] 1975
[1] 2000
[1] "Microglia"
[1] 1525
[1] 1550
[1] 1575
[1] 1600
[1] 1625
[1] 1650
[1] 1675
[1] 1700
[1] 1725
[1] 1750
[1] 1775
[1] 1800
[1] 1825
[1] 1850
[1] 1875
[1] 1900
[1] 1925
[1] 1950
[1] 1975
[1] 2000
[1] "Oligo"
[1] 1525
[1] 1550
[1] 1575
[1] 1600
[1] 1625
[1] 1650
[1] 1675
[1] 1700
[1] 1725
[1] 1750
[1] 1775
[1] 1800
[1] 1825
[1] 1850
[1] 1875
[1] 1900
[1] 1925
[1] 1950
[1] 1975
[1] 2000
[1] "OPC"
confidence_intervals_3.R
SLURM Job ID        : 6086
