[1] 4
[1] "/home/local/ADS/dennis00/Yi_Lab/Lab_WorkDir/Dennis/Evolution/pbres/pseudo_bulk_analysis_results_bootAB/Ma/Ma_df_human_chimp.rds_sce.rdscounts_ls.rds/"
[1] "Astro_#chimp-vs-Astro_#human_compare_B_vs_Aboot#_1.csv"    
[2] "Astro_#chimp-vs-Astro_#human_compare_B_vs_Aboot#_10.csv"   
[3] "Astro_#chimp-vs-Astro_#human_compare_B_vs_Aboot#_100.csv"  
[4] "Astro_#chimp-vs-Astro_#human_compare_B_vs_Aboot#_1000.csv" 
[5] "Astro_#chimp-vs-Astro_#human_compare_B_vs_Aboot#_10000.csv"
[6] "Astro_#chimp-vs-Astro_#human_compare_B_vs_Aboot#_1001.csv" 
[1] 2025
[1] 2050
[1] 2075
[1] 2100
[1] 2125
[1] 2150
[1] 2175
[1] 2200
[1] 2225
[1] 2250
[1] 2275
[1] 2300
[1] 2325
[1] 2350
[1] 2375
[1] 2400
[1] 2425
[1] 2450
[1] 2475
[1] 2500
[1] "Astro"
[1] 2025
[1] 2050
[1] 2075
[1] 2100
[1] 2125
[1] 2150
[1] 2175
[1] 2200
[1] 2225
[1] 2250
[1] 2275
[1] 2300
[1] 2325
[1] 2350
[1] 2375
[1] 2400
[1] 2425
[1] 2450
[1] 2475
[1] 2500
[1] "Excite"
[1] 2025
[1] 2050
[1] 2075
[1] 2100
[1] 2125
[1] 2150
[1] 2175
[1] 2200
[1] 2225
[1] 2250
[1] 2275
[1] 2300
[1] 2325
[1] 2350
[1] 2375
[1] 2400
[1] 2425
[1] 2450
[1] 2475
[1] 2500
[1] "Inhibit"
[1] 2025
[1] 2050
[1] 2075
[1] 2100
[1] 2125
[1] 2150
[1] 2175
[1] 2200
[1] 2225
[1] 2250
[1] 2275
[1] 2300
[1] 2325
[1] 2350
[1] 2375
[1] 2400
[1] 2425
[1] 2450
[1] 2475
[1] 2500
[1] "Microglia"
[1] 2025
[1] 2050
[1] 2075
[1] 2100
[1] 2125
[1] 2150
[1] 2175
[1] 2200
[1] 2225
[1] 2250
[1] 2275
[1] 2300
[1] 2325
[1] 2350
[1] 2375
[1] 2400
[1] 2425
[1] 2450
[1] 2475
[1] 2500
[1] "Oligo"
[1] 2025
[1] 2050
[1] 2075
[1] 2100
[1] 2125
[1] 2150
[1] 2175
[1] 2200
[1] 2225
[1] 2250
[1] 2275
[1] 2300
[1] 2325
[1] 2350
[1] 2375
[1] 2400
[1] 2425
[1] 2450
[1] 2475
[1] 2500
[1] "OPC"
confidence_intervals_4.R
SLURM Job ID        : 6087
