[1] 6
[1] "/home/local/ADS/dennis00/Yi_Lab/Lab_WorkDir/Dennis/Evolution/pbres/pseudo_bulk_analysis_results_bootAB/Ma/Ma_df_human_chimp.rds_sce.rdscounts_ls.rds/"
[1] "Astro_#chimp-vs-Astro_#human_compare_B_vs_Aboot#_1.csv"    
[2] "Astro_#chimp-vs-Astro_#human_compare_B_vs_Aboot#_10.csv"   
[3] "Astro_#chimp-vs-Astro_#human_compare_B_vs_Aboot#_100.csv"  
[4] "Astro_#chimp-vs-Astro_#human_compare_B_vs_Aboot#_1000.csv" 
[5] "Astro_#chimp-vs-Astro_#human_compare_B_vs_Aboot#_10000.csv"
[6] "Astro_#chimp-vs-Astro_#human_compare_B_vs_Aboot#_1001.csv" 
[1] 3025
[1] 3050
[1] 3075
[1] 3100
[1] 3125
[1] 3150
[1] 3175
[1] 3200
[1] 3225
[1] 3250
[1] 3275
[1] 3300
[1] 3325
[1] 3350
[1] 3375
[1] 3400
[1] 3425
[1] 3450
[1] 3475
[1] 3500
[1] "Astro"
[1] 3025
[1] 3050
[1] 3075
[1] 3100
[1] 3125
[1] 3150
[1] 3175
[1] 3200
[1] 3225
[1] 3250
[1] 3275
[1] 3300
[1] 3325
[1] 3350
[1] 3375
[1] 3400
[1] 3425
[1] 3450
[1] 3475
[1] 3500
[1] "Excite"
[1] 3025
[1] 3050
[1] 3075
[1] 3100
[1] 3125
[1] 3150
[1] 3175
[1] 3200
[1] 3225
[1] 3250
[1] 3275
[1] 3300
[1] 3325
[1] 3350
[1] 3375
[1] 3400
[1] 3425
[1] 3450
[1] 3475
[1] 3500
[1] "Inhibit"
[1] 3025
[1] 3050
[1] 3075
[1] 3100
[1] 3125
[1] 3150
[1] 3175
[1] 3200
[1] 3225
[1] 3250
[1] 3275
[1] 3300
[1] 3325
[1] 3350
[1] 3375
[1] 3400
[1] 3425
[1] 3450
[1] 3475
[1] 3500
[1] "Microglia"
[1] 3025
[1] 3050
[1] 3075
[1] 3100
[1] 3125
[1] 3150
[1] 3175
[1] 3200
[1] 3225
[1] 3250
[1] 3275
[1] 3300
[1] 3325
[1] 3350
[1] 3375
[1] 3400
[1] 3425
[1] 3450
[1] 3475
[1] 3500
[1] "Oligo"
[1] 3025
[1] 3050
[1] 3075
[1] 3100
[1] 3125
[1] 3150
[1] 3175
[1] 3200
[1] 3225
[1] 3250
[1] 3275
[1] 3300
[1] 3325
[1] 3350
[1] 3375
[1] 3400
[1] 3425
[1] 3450
[1] 3475
[1] 3500
[1] "OPC"
confidence_intervals_6.R
SLURM Job ID        : 6089
