[1] 9
[1] "/home/local/ADS/dennis00/Yi_Lab/Lab_WorkDir/Dennis/Evolution/pbres/pseudo_bulk_analysis_results_bootAB/Ma/Ma_df_human_chimp.rds_sce.rdscounts_ls.rds/"
[1] "Astro_#chimp-vs-Astro_#human_compare_B_vs_Aboot#_1.csv"    
[2] "Astro_#chimp-vs-Astro_#human_compare_B_vs_Aboot#_10.csv"   
[3] "Astro_#chimp-vs-Astro_#human_compare_B_vs_Aboot#_100.csv"  
[4] "Astro_#chimp-vs-Astro_#human_compare_B_vs_Aboot#_1000.csv" 
[5] "Astro_#chimp-vs-Astro_#human_compare_B_vs_Aboot#_10000.csv"
[6] "Astro_#chimp-vs-Astro_#human_compare_B_vs_Aboot#_1001.csv" 
[1] 4525
[1] 4550
[1] 4575
[1] 4600
[1] 4625
[1] 4650
[1] 4675
[1] 4700
[1] 4725
[1] 4750
[1] 4775
[1] 4800
[1] 4825
[1] 4850
[1] 4875
[1] 4900
[1] 4925
[1] 4950
[1] 4975
[1] 5000
[1] "Astro"
[1] 4525
[1] 4550
[1] 4575
[1] 4600
[1] 4625
[1] 4650
[1] 4675
[1] 4700
[1] 4725
[1] 4750
[1] 4775
[1] 4800
[1] 4825
[1] 4850
[1] 4875
[1] 4900
[1] 4925
[1] 4950
[1] 4975
[1] 5000
[1] "Excite"
[1] 4525
[1] 4550
[1] 4575
[1] 4600
[1] 4625
[1] 4650
[1] 4675
[1] 4700
[1] 4725
[1] 4750
[1] 4775
[1] 4800
[1] 4825
[1] 4850
[1] 4875
[1] 4900
[1] 4925
[1] 4950
[1] 4975
[1] 5000
[1] "Inhibit"
[1] 4525
[1] 4550
[1] 4575
[1] 4600
[1] 4625
[1] 4650
[1] 4675
[1] 4700
[1] 4725
[1] 4750
[1] 4775
[1] 4800
[1] 4825
[1] 4850
[1] 4875
[1] 4900
[1] 4925
[1] 4950
[1] 4975
[1] 5000
[1] "Microglia"
[1] 4525
[1] 4550
[1] 4575
[1] 4600
[1] 4625
[1] 4650
[1] 4675
[1] 4700
[1] 4725
[1] 4750
[1] 4775
[1] 4800
[1] 4825
[1] 4850
[1] 4875
[1] 4900
[1] 4925
[1] 4950
[1] 4975
[1] 5000
[1] "Oligo"
[1] 4525
[1] 4550
[1] 4575
[1] 4600
[1] 4625
[1] 4650
[1] 4675
[1] 4700
[1] 4725
[1] 4750
[1] 4775
[1] 4800
[1] 4825
[1] 4850
[1] 4875
[1] 4900
[1] 4925
[1] 4950
[1] 4975
[1] 5000
[1] "OPC"
confidence_intervals_9.R
SLURM Job ID        : 6092
