[1] 11
[1] "/home/local/ADS/dennis00/Yi_Lab/Lab_WorkDir/Dennis/Evolution/pbres/pseudo_bulk_analysis_results_bootAB/Ma/Ma_df_human_chimp.rds_sce.rdscounts_ls.rds/"
[1] "Astro_#chimp-vs-Astro_#human_compare_B_vs_Aboot#_1.csv"    
[2] "Astro_#chimp-vs-Astro_#human_compare_B_vs_Aboot#_10.csv"   
[3] "Astro_#chimp-vs-Astro_#human_compare_B_vs_Aboot#_100.csv"  
[4] "Astro_#chimp-vs-Astro_#human_compare_B_vs_Aboot#_1000.csv" 
[5] "Astro_#chimp-vs-Astro_#human_compare_B_vs_Aboot#_10000.csv"
[6] "Astro_#chimp-vs-Astro_#human_compare_B_vs_Aboot#_1001.csv" 
[1] 5525
[1] 5550
[1] 5575
[1] 5600
[1] 5625
[1] 5650
[1] 5675
[1] 5700
[1] 5725
[1] 5750
[1] 5775
[1] 5800
[1] 5825
[1] 5850
[1] 5875
[1] 5900
[1] 5925
[1] 5950
[1] 5975
[1] 6000
[1] "Astro"
[1] 5525
[1] 5550
[1] 5575
[1] 5600
[1] 5625
[1] 5650
[1] 5675
[1] 5700
[1] 5725
[1] 5750
[1] 5775
[1] 5800
[1] 5825
[1] 5850
[1] 5875
[1] 5900
[1] 5925
[1] 5950
[1] 5975
[1] 6000
[1] "Excite"
[1] 5525
[1] 5550
[1] 5575
[1] 5600
[1] 5625
[1] 5650
[1] 5675
[1] 5700
[1] 5725
[1] 5750
[1] 5775
[1] 5800
[1] 5825
[1] 5850
[1] 5875
[1] 5900
[1] 5925
[1] 5950
[1] 5975
[1] 6000
[1] "Inhibit"
[1] 5525
[1] 5550
[1] 5575
[1] 5600
[1] 5625
[1] 5650
[1] 5675
[1] 5700
[1] 5725
[1] 5750
[1] 5775
[1] 5800
[1] 5825
[1] 5850
[1] 5875
[1] 5900
[1] 5925
[1] 5950
[1] 5975
[1] 6000
[1] "Microglia"
[1] 5525
[1] 5550
[1] 5575
[1] 5600
[1] 5625
[1] 5650
[1] 5675
[1] 5700
[1] 5725
[1] 5750
[1] 5775
[1] 5800
[1] 5825
[1] 5850
[1] 5875
[1] 5900
[1] 5925
[1] 5950
[1] 5975
[1] 6000
[1] "Oligo"
[1] 5525
[1] 5550
[1] 5575
[1] 5600
[1] 5625
[1] 5650
[1] 5675
[1] 5700
[1] 5725
[1] 5750
[1] 5775
[1] 5800
[1] 5825
[1] 5850
[1] 5875
[1] 5900
[1] 5925
[1] 5950
[1] 5975
[1] 6000
[1] "OPC"
confidence_intervals_11.R
SLURM Job ID        : 6094
