[1] 12
[1] "/home/local/ADS/dennis00/Yi_Lab/Lab_WorkDir/Dennis/Evolution/pbres/pseudo_bulk_analysis_results_bootAB/Ma/Ma_df_human_chimp.rds_sce.rdscounts_ls.rds/"
[1] "Astro_#chimp-vs-Astro_#human_compare_B_vs_Aboot#_1.csv"    
[2] "Astro_#chimp-vs-Astro_#human_compare_B_vs_Aboot#_10.csv"   
[3] "Astro_#chimp-vs-Astro_#human_compare_B_vs_Aboot#_100.csv"  
[4] "Astro_#chimp-vs-Astro_#human_compare_B_vs_Aboot#_1000.csv" 
[5] "Astro_#chimp-vs-Astro_#human_compare_B_vs_Aboot#_10000.csv"
[6] "Astro_#chimp-vs-Astro_#human_compare_B_vs_Aboot#_1001.csv" 
[1] 6025
[1] 6050
[1] 6075
[1] 6100
[1] 6125
[1] 6150
[1] 6175
[1] 6200
[1] 6225
[1] 6250
[1] 6275
[1] 6300
[1] 6325
[1] 6350
[1] 6375
[1] 6400
[1] 6425
[1] 6450
[1] 6475
[1] 6500
[1] "Astro"
[1] 6025
[1] 6050
[1] 6075
[1] 6100
[1] 6125
[1] 6150
[1] 6175
[1] 6200
[1] 6225
[1] 6250
[1] 6275
[1] 6300
[1] 6325
[1] 6350
[1] 6375
[1] 6400
[1] 6425
[1] 6450
[1] 6475
[1] 6500
[1] "Excite"
[1] 6025
[1] 6050
[1] 6075
[1] 6100
[1] 6125
[1] 6150
[1] 6175
[1] 6200
[1] 6225
[1] 6250
[1] 6275
[1] 6300
[1] 6325
[1] 6350
[1] 6375
[1] 6400
[1] 6425
[1] 6450
[1] 6475
[1] 6500
[1] "Inhibit"
[1] 6025
[1] 6050
[1] 6075
[1] 6100
[1] 6125
[1] 6150
[1] 6175
[1] 6200
[1] 6225
[1] 6250
[1] 6275
[1] 6300
[1] 6325
[1] 6350
[1] 6375
[1] 6400
[1] 6425
[1] 6450
[1] 6475
[1] 6500
[1] "Microglia"
[1] 6025
[1] 6050
[1] 6075
[1] 6100
[1] 6125
[1] 6150
[1] 6175
[1] 6200
[1] 6225
[1] 6250
[1] 6275
[1] 6300
[1] 6325
[1] 6350
[1] 6375
[1] 6400
[1] 6425
[1] 6450
[1] 6475
[1] 6500
[1] "Oligo"
[1] 6025
[1] 6050
[1] 6075
[1] 6100
[1] 6125
[1] 6150
[1] 6175
[1] 6200
[1] 6225
[1] 6250
[1] 6275
[1] 6300
[1] 6325
[1] 6350
[1] 6375
[1] 6400
[1] 6425
[1] 6450
[1] 6475
[1] 6500
[1] "OPC"
confidence_intervals_12.R
SLURM Job ID        : 6095
