[1] 15
[1] "/home/local/ADS/dennis00/Yi_Lab/Lab_WorkDir/Dennis/Evolution/pbres/pseudo_bulk_analysis_results_bootAB/Ma/Ma_df_human_chimp.rds_sce.rdscounts_ls.rds/"
[1] "Astro_#chimp-vs-Astro_#human_compare_B_vs_Aboot#_1.csv"    
[2] "Astro_#chimp-vs-Astro_#human_compare_B_vs_Aboot#_10.csv"   
[3] "Astro_#chimp-vs-Astro_#human_compare_B_vs_Aboot#_100.csv"  
[4] "Astro_#chimp-vs-Astro_#human_compare_B_vs_Aboot#_1000.csv" 
[5] "Astro_#chimp-vs-Astro_#human_compare_B_vs_Aboot#_10000.csv"
[6] "Astro_#chimp-vs-Astro_#human_compare_B_vs_Aboot#_1001.csv" 
[1] 7525
[1] 7550
[1] 7575
[1] 7600
[1] 7625
[1] 7650
[1] 7675
[1] 7700
[1] 7725
[1] 7750
[1] 7775
[1] 7800
[1] 7825
[1] 7850
[1] 7875
[1] 7900
[1] 7925
[1] 7950
[1] 7975
[1] 8000
[1] "Astro"
[1] 7525
[1] 7550
[1] 7575
[1] 7600
[1] 7625
[1] 7650
[1] 7675
[1] 7700
[1] 7725
[1] 7750
[1] 7775
[1] 7800
[1] 7825
[1] 7850
[1] 7875
[1] 7900
[1] 7925
[1] 7950
[1] 7975
[1] 8000
[1] "Excite"
[1] 7525
[1] 7550
[1] 7575
[1] 7600
[1] 7625
[1] 7650
[1] 7675
[1] 7700
[1] 7725
[1] 7750
[1] 7775
[1] 7800
[1] 7825
[1] 7850
[1] 7875
[1] 7900
[1] 7925
[1] 7950
[1] 7975
[1] 8000
[1] "Inhibit"
[1] 7525
[1] 7550
[1] 7575
[1] 7600
[1] 7625
[1] 7650
[1] 7675
[1] 7700
[1] 7725
[1] 7750
[1] 7775
[1] 7800
[1] 7825
[1] 7850
[1] 7875
[1] 7900
[1] 7925
[1] 7950
[1] 7975
[1] 8000
[1] "Microglia"
[1] 7525
[1] 7550
[1] 7575
[1] 7600
[1] 7625
[1] 7650
[1] 7675
[1] 7700
[1] 7725
[1] 7750
[1] 7775
[1] 7800
[1] 7825
[1] 7850
[1] 7875
[1] 7900
[1] 7925
[1] 7950
[1] 7975
[1] 8000
[1] "Oligo"
[1] 7525
[1] 7550
[1] 7575
[1] 7600
[1] 7625
[1] 7650
[1] 7675
[1] 7700
[1] 7725
[1] 7750
[1] 7775
[1] 7800
[1] 7825
[1] 7850
[1] 7875
[1] 7900
[1] 7925
[1] 7950
[1] 7975
[1] 8000
[1] "OPC"
confidence_intervals_15.R
SLURM Job ID        : 6098
