[1] 16
[1] "/home/local/ADS/dennis00/Yi_Lab/Lab_WorkDir/Dennis/Evolution/pbres/pseudo_bulk_analysis_results_bootAB/Ma/Ma_df_human_chimp.rds_sce.rdscounts_ls.rds/"
[1] "Astro_#chimp-vs-Astro_#human_compare_B_vs_Aboot#_1.csv"    
[2] "Astro_#chimp-vs-Astro_#human_compare_B_vs_Aboot#_10.csv"   
[3] "Astro_#chimp-vs-Astro_#human_compare_B_vs_Aboot#_100.csv"  
[4] "Astro_#chimp-vs-Astro_#human_compare_B_vs_Aboot#_1000.csv" 
[5] "Astro_#chimp-vs-Astro_#human_compare_B_vs_Aboot#_10000.csv"
[6] "Astro_#chimp-vs-Astro_#human_compare_B_vs_Aboot#_1001.csv" 
[1] 8025
[1] 8050
[1] 8075
[1] 8100
[1] 8125
[1] 8150
[1] 8175
[1] 8200
[1] 8225
[1] 8250
[1] 8275
[1] 8300
[1] 8325
[1] 8350
[1] 8375
[1] 8400
[1] 8425
[1] 8450
[1] 8475
[1] 8500
[1] "Astro"
[1] 8025
[1] 8050
[1] 8075
[1] 8100
[1] 8125
[1] 8150
[1] 8175
[1] 8200
[1] 8225
[1] 8250
[1] 8275
[1] 8300
[1] 8325
[1] 8350
[1] 8375
[1] 8400
[1] 8425
[1] 8450
[1] 8475
[1] 8500
[1] "Excite"
[1] 8025
[1] 8050
[1] 8075
[1] 8100
[1] 8125
[1] 8150
[1] 8175
[1] 8200
[1] 8225
[1] 8250
[1] 8275
[1] 8300
[1] 8325
[1] 8350
[1] 8375
[1] 8400
[1] 8425
[1] 8450
[1] 8475
[1] 8500
[1] "Inhibit"
[1] 8025
[1] 8050
[1] 8075
[1] 8100
[1] 8125
[1] 8150
[1] 8175
[1] 8200
[1] 8225
[1] 8250
[1] 8275
[1] 8300
[1] 8325
[1] 8350
[1] 8375
[1] 8400
[1] 8425
[1] 8450
[1] 8475
[1] 8500
[1] "Microglia"
[1] 8025
[1] 8050
[1] 8075
[1] 8100
[1] 8125
[1] 8150
[1] 8175
[1] 8200
[1] 8225
[1] 8250
[1] 8275
[1] 8300
[1] 8325
[1] 8350
[1] 8375
[1] 8400
[1] 8425
[1] 8450
[1] 8475
[1] 8500
[1] "Oligo"
[1] 8025
[1] 8050
[1] 8075
[1] 8100
[1] 8125
[1] 8150
[1] 8175
[1] 8200
[1] 8225
[1] 8250
[1] 8275
[1] 8300
[1] 8325
[1] 8350
[1] 8375
[1] 8400
[1] 8425
[1] 8450
[1] 8475
[1] 8500
[1] "OPC"
confidence_intervals_16.R
SLURM Job ID        : 6099
