cellbender:remove-background: Command:
cellbender remove-background --input /home/dennis00/Yi_lab/Ma_h5/HSB340_1.h5 --output /home/dennis00/Yi_lab/cellbent_output_RAW/HSB340_1.h5 --cuda --expected-cells 25000 --total-droplets-included 40000 --low-count-threshold 15 --learning-rate 1e-4 --fpr 0.01 --epochs 150
cellbender:remove-background: 2023-07-16 18:19:17
cellbender:remove-background: Running remove-background
cellbender:remove-background: Loading data from file /home/dennis00/Yi_lab/Ma_h5/HSB340_1.h5
cellbender:remove-background: CellRanger v2 format
cellbender:remove-background: Trimming dataset for inference.
cellbender:remove-background: Including 24658 genes that have nonzero counts.
cellbender:remove-background: Prior on counts in empty droplets is 133
cellbender:remove-background: Prior on counts for cells is 1909
cellbender:remove-background: Excluding barcodes with counts below 66
cellbender:remove-background: Using 25000 probable cell barcodes, plus an additional 15000 barcodes, and 34974 empty droplets.
cellbender:remove-background: Largest surely-empty droplet has 173.0 UMI counts.
cellbender:remove-background: Running inference...
cellbender:remove-background: [epoch 001]  average training loss: 3451.9109
cellbender:remove-background: [epoch 002]  average training loss: 2904.0034  (59.9 seconds per epoch)
cellbender:remove-background: [epoch 003]  average training loss: 2858.3464
cellbender:remove-background: [epoch 004]  average training loss: 2835.5147
cellbender:remove-background: [epoch 005]  average training loss: 2812.5664
cellbender:remove-background: [epoch 005] average test loss: 2823.9177
cellbender:remove-background: [epoch 006]  average training loss: 2805.4614
cellbender:remove-background: [epoch 007]  average training loss: 2792.7692
cellbender:remove-background: [epoch 008]  average training loss: 2791.7265
cellbender:remove-background: [epoch 009]  average training loss: 2780.3658
cellbender:remove-background: [epoch 010]  average training loss: 2779.2336
cellbender:remove-background: [epoch 010] average test loss: 2782.6679
cellbender:remove-background: [epoch 011]  average training loss: 2771.7309
cellbender:remove-background: [epoch 012]  average training loss: 2764.3415
cellbender:remove-background: [epoch 013]  average training loss: 2748.2414
cellbender:remove-background: [epoch 014]  average training loss: 2697.5989
cellbender:remove-background: [epoch 015]  average training loss: 2674.5133
cellbender:remove-background: [epoch 015] average test loss: 2675.2802
cellbender:remove-background: [epoch 016]  average training loss: 2647.9366
cellbender:remove-background: [epoch 017]  average training loss: 2616.8107
cellbender:remove-background: [epoch 018]  average training loss: 2574.6369
cellbender:remove-background: [epoch 019]  average training loss: 2551.0729
cellbender:remove-background: [epoch 020]  average training loss: 2536.4040
cellbender:remove-background: [epoch 020] average test loss: 2536.2580
cellbender:remove-background: [epoch 021]  average training loss: 2526.8918
cellbender:remove-background: [epoch 022]  average training loss: 2518.9356
cellbender:remove-background: [epoch 023]  average training loss: 2509.1252
cellbender:remove-background: [epoch 024]  average training loss: 2504.0997
cellbender:remove-background: [epoch 025]  average training loss: 2499.3666
cellbender:remove-background: [epoch 025] average test loss: 2503.7097
cellbender:remove-background: [epoch 026]  average training loss: 2495.3525
cellbender:remove-background: [epoch 027]  average training loss: 2492.2324
cellbender:remove-background: [epoch 028]  average training loss: 2488.7099
cellbender:remove-background: [epoch 029]  average training loss: 2485.3699
cellbender:remove-background: [epoch 030]  average training loss: 2481.1945
cellbender:remove-background: [epoch 030] average test loss: 2490.4702
cellbender:remove-background: [epoch 031]  average training loss: 2478.0450
cellbender:remove-background: [epoch 032]  average training loss: 2474.6487
cellbender:remove-background: [epoch 033]  average training loss: 2471.4008
cellbender:remove-background: [epoch 034]  average training loss: 2469.0530
cellbender:remove-background: [epoch 035]  average training loss: 2467.2165
cellbender:remove-background: [epoch 035] average test loss: 2474.4328
cellbender:remove-background: [epoch 036]  average training loss: 2465.9381
cellbender:remove-background: [epoch 037]  average training loss: 2463.9404
cellbender:remove-background: [epoch 038]  average training loss: 2463.0098
cellbender:remove-background: [epoch 039]  average training loss: 2460.1205
cellbender:remove-background: [epoch 040]  average training loss: 2458.5463
cellbender:remove-background: [epoch 040] average test loss: 2465.0846
cellbender:remove-background: [epoch 041]  average training loss: 2458.6925
cellbender:remove-background: [epoch 042]  average training loss: 2457.9953
cellbender:remove-background: [epoch 043]  average training loss: 2454.9709
cellbender:remove-background: [epoch 044]  average training loss: 2454.1713
cellbender:remove-background: [epoch 045]  average training loss: 2452.5160
cellbender:remove-background: [epoch 045] average test loss: 2464.7933
cellbender:remove-background: [epoch 046]  average training loss: 2452.5848
cellbender:remove-background: [epoch 047]  average training loss: 2450.7578
cellbender:remove-background: [epoch 048]  average training loss: 2449.2693
cellbender:remove-background: [epoch 049]  average training loss: 2447.9651
cellbender:remove-background: [epoch 050]  average training loss: 2447.1894
cellbender:remove-background: [epoch 050] average test loss: 2454.9962
cellbender:remove-background: [epoch 051]  average training loss: 2445.5807
cellbender:remove-background: [epoch 052]  average training loss: 2444.4776
cellbender:remove-background: [epoch 053]  average training loss: 2443.3747
cellbender:remove-background: [epoch 054]  average training loss: 2440.0752
cellbender:remove-background: [epoch 055]  average training loss: 2438.8518
cellbender:remove-background: [epoch 055] average test loss: 2446.0820
cellbender:remove-background: [epoch 056]  average training loss: 2438.0740
cellbender:remove-background: [epoch 057]  average training loss: 2436.6886
cellbender:remove-background: [epoch 058]  average training loss: 2435.3134
cellbender:remove-background: [epoch 059]  average training loss: 2438.0226
cellbender:remove-background: [epoch 060]  average training loss: 2436.9194
cellbender:remove-background: [epoch 060] average test loss: 2445.9650
cellbender:remove-background: [epoch 061]  average training loss: 2436.5910
cellbender:remove-background: [epoch 062]  average training loss: 2435.5758
cellbender:remove-background: [epoch 063]  average training loss: 2435.2106
cellbender:remove-background: [epoch 064]  average training loss: 2433.6963
cellbender:remove-background: [epoch 065]  average training loss: 2433.3566
cellbender:remove-background: [epoch 065] average test loss: 2448.0065
cellbender:remove-background: [epoch 066]  average training loss: 2432.6655
cellbender:remove-background: [epoch 067]  average training loss: 2431.8605
cellbender:remove-background: [epoch 068]  average training loss: 2430.7392
cellbender:remove-background: [epoch 069]  average training loss: 2430.7786
cellbender:remove-background: [epoch 070]  average training loss: 2429.7967
cellbender:remove-background: [epoch 070] average test loss: 2440.0683
cellbender:remove-background: [epoch 071]  average training loss: 2428.5670
cellbender:remove-background: [epoch 072]  average training loss: 2428.6652
cellbender:remove-background: [epoch 073]  average training loss: 2427.8876
cellbender:remove-background: [epoch 074]  average training loss: 2426.8896
cellbender:remove-background: [epoch 075]  average training loss: 2425.6344
cellbender:remove-background: [epoch 075] average test loss: 2435.8893
cellbender:remove-background: [epoch 076]  average training loss: 2425.3783
cellbender:remove-background: [epoch 077]  average training loss: 2423.9987
cellbender:remove-background: [epoch 078]  average training loss: 2424.3482
cellbender:remove-background: [epoch 079]  average training loss: 2423.2061
cellbender:remove-background: [epoch 080]  average training loss: 2422.7303
cellbender:remove-background: [epoch 080] average test loss: 2436.0836
cellbender:remove-background: [epoch 081]  average training loss: 2422.1899
cellbender:remove-background: [epoch 082]  average training loss: 2421.8660
cellbender:remove-background: [epoch 083]  average training loss: 2421.2544
cellbender:remove-background: [epoch 084]  average training loss: 2420.0275
cellbender:remove-background: [epoch 085]  average training loss: 2419.6080
cellbender:remove-background: [epoch 085] average test loss: 2432.0669
cellbender:remove-background: [epoch 086]  average training loss: 2419.1889
cellbender:remove-background: [epoch 087]  average training loss: 2419.0106
cellbender:remove-background: [epoch 088]  average training loss: 2418.4208
cellbender:remove-background: [epoch 089]  average training loss: 2418.4036
cellbender:remove-background: [epoch 090]  average training loss: 2417.2505
cellbender:remove-background: [epoch 090] average test loss: 2429.8491
cellbender:remove-background: [epoch 091]  average training loss: 2416.8058
cellbender:remove-background: [epoch 092]  average training loss: 2416.7805
cellbender:remove-background: [epoch 093]  average training loss: 2415.9153
cellbender:remove-background: [epoch 094]  average training loss: 2415.2198
cellbender:remove-background: [epoch 095]  average training loss: 2415.2778
cellbender:remove-background: [epoch 095] average test loss: 2428.0762
cellbender:remove-background: [epoch 096]  average training loss: 2414.1628
cellbender:remove-background: [epoch 097]  average training loss: 2414.3757
cellbender:remove-background: [epoch 098]  average training loss: 2413.8849
cellbender:remove-background: [epoch 099]  average training loss: 2413.2927
cellbender:remove-background: [epoch 100]  average training loss: 2412.9323
cellbender:remove-background: [epoch 100] average test loss: 2425.8537
cellbender:remove-background: [epoch 101]  average training loss: 2412.6104
cellbender:remove-background: [epoch 102]  average training loss: 2412.1778
cellbender:remove-background: [epoch 103]  average training loss: 2411.5604
cellbender:remove-background: [epoch 104]  average training loss: 2411.6363
cellbender:remove-background: [epoch 105]  average training loss: 2410.9901
cellbender:remove-background: [epoch 105] average test loss: 2424.5762
cellbender:remove-background: [epoch 106]  average training loss: 2410.2632
cellbender:remove-background: [epoch 107]  average training loss: 2410.4121
cellbender:remove-background: [epoch 108]  average training loss: 2409.8462
cellbender:remove-background: [epoch 109]  average training loss: 2409.4960
cellbender:remove-background: [epoch 110]  average training loss: 2409.3039
cellbender:remove-background: [epoch 110] average test loss: 2424.4145
cellbender:remove-background: [epoch 111]  average training loss: 2408.6538
cellbender:remove-background: [epoch 112]  average training loss: 2408.3318
cellbender:remove-background: [epoch 113]  average training loss: 2408.1911
cellbender:remove-background: [epoch 114]  average training loss: 2408.3467
cellbender:remove-background: [epoch 115]  average training loss: 2407.7103
cellbender:remove-background: [epoch 115] average test loss: 2422.9246
cellbender:remove-background: [epoch 116]  average training loss: 2406.7447
cellbender:remove-background: [epoch 117]  average training loss: 2407.0362
cellbender:remove-background: [epoch 118]  average training loss: 2407.2755
cellbender:remove-background: [epoch 119]  average training loss: 2406.5190
cellbender:remove-background: [epoch 120]  average training loss: 2406.4417
cellbender:remove-background: [epoch 120] average test loss: 2421.6955
cellbender:remove-background: [epoch 121]  average training loss: 2406.4303
cellbender:remove-background: [epoch 122]  average training loss: 2405.5691
cellbender:remove-background: [epoch 123]  average training loss: 2405.9195
cellbender:remove-background: [epoch 124]  average training loss: 2405.5637
cellbender:remove-background: [epoch 125]  average training loss: 2405.7910
cellbender:remove-background: [epoch 125] average test loss: 2421.0137
cellbender:remove-background: [epoch 126]  average training loss: 2404.6766
cellbender:remove-background: [epoch 127]  average training loss: 2404.6461
cellbender:remove-background: [epoch 128]  average training loss: 2404.8828
cellbender:remove-background: [epoch 129]  average training loss: 2404.5049
cellbender:remove-background: [epoch 130]  average training loss: 2403.4326
cellbender:remove-background: [epoch 130] average test loss: 2420.6781
cellbender:remove-background: [epoch 131]  average training loss: 2404.1938
cellbender:remove-background: [epoch 132]  average training loss: 2403.9055
cellbender:remove-background: [epoch 133]  average training loss: 2403.7903
cellbender:remove-background: [epoch 134]  average training loss: 2403.5708
cellbender:remove-background: [epoch 135]  average training loss: 2403.5192
cellbender:remove-background: [epoch 135] average test loss: 2418.3961
cellbender:remove-background: [epoch 136]  average training loss: 2403.3623
cellbender:remove-background: [epoch 137]  average training loss: 2403.5563
cellbender:remove-background: [epoch 138]  average training loss: 2403.5595
cellbender:remove-background: [epoch 139]  average training loss: 2403.2142
cellbender:remove-background: [epoch 140]  average training loss: 2403.1526
cellbender:remove-background: [epoch 140] average test loss: 2420.6865
cellbender:remove-background: [epoch 141]  average training loss: 2402.9375
cellbender:remove-background: [epoch 142]  average training loss: 2402.9571
cellbender:remove-background: [epoch 143]  average training loss: 2402.5584
cellbender:remove-background: [epoch 144]  average training loss: 2403.1539
cellbender:remove-background: [epoch 145]  average training loss: 2402.7802
cellbender:remove-background: [epoch 145] average test loss: 2419.6044
cellbender:remove-background: [epoch 146]  average training loss: 2402.8771
cellbender:remove-background: [epoch 147]  average training loss: 2402.7175
cellbender:remove-background: [epoch 148]  average training loss: 2402.4404
cellbender:remove-background: [epoch 149]  average training loss: 2402.4842
cellbender:remove-background: [epoch 150]  average training loss: 2402.7244
cellbender:remove-background: [epoch 150] average test loss: 2418.6238
cellbender:remove-background: Inference procedure complete.
cellbender:remove-background: Training succeeded
cellbender:remove-background: 2023-07-16 21:00:22
cellbender:remove-background: Preparing to write outputs to file...
cellbender:remove-background: Optimal posterior regularization factor = 1.48
cellbender:remove-background: Succeeded in writing CellRanger v2 format output to file /home/dennis00/Yi_lab/cellbent_output_RAW/HSB340_1.h5
cellbender:remove-background: Succeeded in writing CellRanger v2 format output to file /home/dennis00/Yi_lab/cellbent_output_RAW/HSB340_1_filtered.h5
cellbender:remove-background: Saved cell barcodes in /home/dennis00/Yi_lab/cellbent_output_RAW/HSB340_1_cell_barcodes.csv
cellbender:remove-background: Saved summary plots as /home/dennis00/Yi_lab/cellbent_output_RAW/HSB340_1.pdf
cellbender:remove-background: Completed remove-background.
cellbender:remove-background: 2023-07-16 21:37:50

