cellbender:remove-background: Command:
cellbender remove-background --input /home/dennis00/Yi_lab/Ma_h5/PTB1841_1.h5 --output /home/dennis00/Yi_lab/cellbent_output_RAW/PTB1841_1.h5 --cuda --expected-cells 25000 --total-droplets-included 40000 --low-count-threshold 15 --learning-rate 1e-4 --fpr 0.01 --epochs 150
cellbender:remove-background: 2023-07-16 02:07:36
cellbender:remove-background: Running remove-background
cellbender:remove-background: Loading data from file /home/dennis00/Yi_lab/Ma_h5/PTB1841_1.h5
cellbender:remove-background: CellRanger v2 format
cellbender:remove-background: Trimming dataset for inference.
cellbender:remove-background: Including 24761 genes that have nonzero counts.
cellbender:remove-background: Prior on counts in empty droplets is 491
cellbender:remove-background: Prior on counts for cells is 1691
cellbender:remove-background: Excluding barcodes with counts below 245
cellbender:remove-background: Using 25000 probable cell barcodes, plus an additional 15000 barcodes, and 44060 empty droplets.
cellbender:remove-background: Largest surely-empty droplet has 558.0 UMI counts.
cellbender:remove-background: Running inference...
cellbender:remove-background: [epoch 001]  average training loss: 4273.1300
cellbender:remove-background: [epoch 002]  average training loss: 3723.7630  (16.3 seconds per epoch)
cellbender:remove-background: [epoch 003]  average training loss: 3676.5203
cellbender:remove-background: [epoch 004]  average training loss: 3651.6645
cellbender:remove-background: [epoch 005]  average training loss: 3626.2943
cellbender:remove-background: [epoch 005] average test loss: 3614.0661
cellbender:remove-background: [epoch 006]  average training loss: 3607.4095
cellbender:remove-background: [epoch 007]  average training loss: 3580.3523
cellbender:remove-background: [epoch 008]  average training loss: 3562.9272
cellbender:remove-background: [epoch 009]  average training loss: 3537.6886
cellbender:remove-background: [epoch 010]  average training loss: 3529.9796
cellbender:remove-background: [epoch 010] average test loss: 3522.7737
cellbender:remove-background: [epoch 011]  average training loss: 3520.5301
cellbender:remove-background: [epoch 012]  average training loss: 3512.6484
cellbender:remove-background: [epoch 013]  average training loss: 3503.0204
cellbender:remove-background: [epoch 014]  average training loss: 3476.3782
cellbender:remove-background: [epoch 015]  average training loss: 3460.7886
cellbender:remove-background: [epoch 015] average test loss: 3457.3056
cellbender:remove-background: [epoch 016]  average training loss: 3448.5108
cellbender:remove-background: [epoch 017]  average training loss: 3446.8832
cellbender:remove-background: [epoch 018]  average training loss: 3438.0544
cellbender:remove-background: [epoch 019]  average training loss: 3424.3199
cellbender:remove-background: [epoch 020]  average training loss: 3409.3366
cellbender:remove-background: [epoch 020] average test loss: 3407.7999
cellbender:remove-background: [epoch 021]  average training loss: 3388.3103
cellbender:remove-background: [epoch 022]  average training loss: 3371.0224
cellbender:remove-background: [epoch 023]  average training loss: 3354.2237
cellbender:remove-background: [epoch 024]  average training loss: 3343.6708
cellbender:remove-background: [epoch 025]  average training loss: 3336.7713
cellbender:remove-background: [epoch 025] average test loss: 3331.8164
cellbender:remove-background: [epoch 026]  average training loss: 3328.8669
cellbender:remove-background: [epoch 027]  average training loss: 3320.7348
cellbender:remove-background: [epoch 028]  average training loss: 3321.6528
cellbender:remove-background: [epoch 029]  average training loss: 3315.5908
cellbender:remove-background: [epoch 030]  average training loss: 3311.2155
cellbender:remove-background: [epoch 030] average test loss: 3317.0555
cellbender:remove-background: [epoch 031]  average training loss: 3311.3116
cellbender:remove-background: [epoch 032]  average training loss: 3308.0877
cellbender:remove-background: [epoch 033]  average training loss: 3306.4972
cellbender:remove-background: [epoch 034]  average training loss: 3304.2105
cellbender:remove-background: [epoch 035]  average training loss: 3300.7966
cellbender:remove-background: [epoch 035] average test loss: 3304.6042
cellbender:remove-background: [epoch 036]  average training loss: 3298.9258
cellbender:remove-background: [epoch 037]  average training loss: 3297.3608
cellbender:remove-background: [epoch 038]  average training loss: 3294.6190
cellbender:remove-background: [epoch 039]  average training loss: 3293.1930
cellbender:remove-background: [epoch 040]  average training loss: 3291.6132
cellbender:remove-background: [epoch 040] average test loss: 3295.3284
cellbender:remove-background: [epoch 041]  average training loss: 3290.5157
cellbender:remove-background: [epoch 042]  average training loss: 3287.2587
cellbender:remove-background: [epoch 043]  average training loss: 3286.6329
cellbender:remove-background: [epoch 044]  average training loss: 3285.5085
cellbender:remove-background: [epoch 045]  average training loss: 3283.6206
cellbender:remove-background: [epoch 045] average test loss: 3290.2436
cellbender:remove-background: [epoch 046]  average training loss: 3282.2530
cellbender:remove-background: [epoch 047]  average training loss: 3281.7440
cellbender:remove-background: [epoch 048]  average training loss: 3279.9779
cellbender:remove-background: [epoch 049]  average training loss: 3277.4378
cellbender:remove-background: [epoch 050]  average training loss: 3274.8694
cellbender:remove-background: [epoch 050] average test loss: 3276.8496
cellbender:remove-background: [epoch 051]  average training loss: 3274.6245
cellbender:remove-background: [epoch 052]  average training loss: 3273.7581
cellbender:remove-background: [epoch 053]  average training loss: 3269.5469
cellbender:remove-background: [epoch 054]  average training loss: 3267.1137
cellbender:remove-background: [epoch 055]  average training loss: 3265.8635
cellbender:remove-background: [epoch 055] average test loss: 3271.4638
cellbender:remove-background: [epoch 056]  average training loss: 3266.6480
cellbender:remove-background: [epoch 057]  average training loss: 3266.2490
cellbender:remove-background: [epoch 058]  average training loss: 3265.3064
cellbender:remove-background: [epoch 059]  average training loss: 3263.1102
cellbender:remove-background: [epoch 060]  average training loss: 3262.6885
cellbender:remove-background: [epoch 060] average test loss: 3266.2214
cellbender:remove-background: [epoch 061]  average training loss: 3263.1477
cellbender:remove-background: [epoch 062]  average training loss: 3260.9909
cellbender:remove-background: [epoch 063]  average training loss: 3261.2147
cellbender:remove-background: [epoch 064]  average training loss: 3259.6336
cellbender:remove-background: [epoch 065]  average training loss: 3259.9470
cellbender:remove-background: [epoch 065] average test loss: 3271.7844
cellbender:remove-background: [epoch 066]  average training loss: 3258.6347
cellbender:remove-background: [epoch 067]  average training loss: 3257.8400
cellbender:remove-background: [epoch 068]  average training loss: 3256.2342
cellbender:remove-background: [epoch 069]  average training loss: 3255.7614
cellbender:remove-background: [epoch 070]  average training loss: 3255.6057
cellbender:remove-background: [epoch 070] average test loss: 3264.2349
cellbender:remove-background: [epoch 071]  average training loss: 3255.3817
cellbender:remove-background: [epoch 072]  average training loss: 3253.8043
cellbender:remove-background: [epoch 073]  average training loss: 3252.4815
cellbender:remove-background: [epoch 074]  average training loss: 3252.5473
cellbender:remove-background: [epoch 075]  average training loss: 3251.6284
cellbender:remove-background: [epoch 075] average test loss: 3256.9298
cellbender:remove-background: [epoch 076]  average training loss: 3252.1977
cellbender:remove-background: [epoch 077]  average training loss: 3251.2485
cellbender:remove-background: [epoch 078]  average training loss: 3250.6370
cellbender:remove-background: [epoch 079]  average training loss: 3249.7996
cellbender:remove-background: [epoch 080]  average training loss: 3249.7368
cellbender:remove-background: [epoch 080] average test loss: 3259.6144
cellbender:remove-background: [epoch 081]  average training loss: 3248.3590
cellbender:remove-background: [epoch 082]  average training loss: 3248.4418
cellbender:remove-background: [epoch 083]  average training loss: 3247.2962
cellbender:remove-background: [epoch 084]  average training loss: 3246.4740
cellbender:remove-background: [epoch 085]  average training loss: 3246.4764
cellbender:remove-background: [epoch 085] average test loss: 3256.1259
cellbender:remove-background: [epoch 086]  average training loss: 3245.9773
cellbender:remove-background: [epoch 087]  average training loss: 3244.9506
cellbender:remove-background: [epoch 088]  average training loss: 3244.9958
cellbender:remove-background: [epoch 089]  average training loss: 3244.8769
cellbender:remove-background: [epoch 090]  average training loss: 3244.3755
cellbender:remove-background: [epoch 090] average test loss: 3250.9703
cellbender:remove-background: [epoch 091]  average training loss: 3243.0597
cellbender:remove-background: [epoch 092]  average training loss: 3242.3084
cellbender:remove-background: [epoch 093]  average training loss: 3242.8322
cellbender:remove-background: [epoch 094]  average training loss: 3242.2695
cellbender:remove-background: [epoch 095]  average training loss: 3241.7490
cellbender:remove-background: [epoch 095] average test loss: 3251.0582
cellbender:remove-background: [epoch 096]  average training loss: 3240.8908
cellbender:remove-background: [epoch 097]  average training loss: 3241.7127
cellbender:remove-background: [epoch 098]  average training loss: 3240.5310
cellbender:remove-background: [epoch 099]  average training loss: 3239.8526
cellbender:remove-background: [epoch 100]  average training loss: 3239.9453
cellbender:remove-background: [epoch 100] average test loss: 3250.4694
cellbender:remove-background: [epoch 101]  average training loss: 3239.9296
cellbender:remove-background: [epoch 102]  average training loss: 3239.2156
cellbender:remove-background: [epoch 103]  average training loss: 3239.4644
cellbender:remove-background: [epoch 104]  average training loss: 3238.3120
cellbender:remove-background: [epoch 105]  average training loss: 3238.7738
cellbender:remove-background: [epoch 105] average test loss: 3248.1719
cellbender:remove-background: [epoch 106]  average training loss: 3238.8848
cellbender:remove-background: [epoch 107]  average training loss: 3238.0040
cellbender:remove-background: [epoch 108]  average training loss: 3236.1257
cellbender:remove-background: [epoch 109]  average training loss: 3237.2875
cellbender:remove-background: [epoch 110]  average training loss: 3236.8999
cellbender:remove-background: [epoch 110] average test loss: 3245.6428
cellbender:remove-background: [epoch 111]  average training loss: 3236.3283
cellbender:remove-background: [epoch 112]  average training loss: 3236.4476
cellbender:remove-background: [epoch 113]  average training loss: 3235.6457
cellbender:remove-background: [epoch 114]  average training loss: 3235.3836
cellbender:remove-background: [epoch 115]  average training loss: 3234.4023
cellbender:remove-background: [epoch 115] average test loss: 3246.0017
cellbender:remove-background: [epoch 116]  average training loss: 3234.9529
cellbender:remove-background: [epoch 117]  average training loss: 3234.8407
cellbender:remove-background: [epoch 118]  average training loss: 3234.2975
cellbender:remove-background: [epoch 119]  average training loss: 3233.8186
cellbender:remove-background: [epoch 120]  average training loss: 3233.7557
cellbender:remove-background: [epoch 120] average test loss: 3244.2670
cellbender:remove-background: [epoch 121]  average training loss: 3233.0117
cellbender:remove-background: [epoch 122]  average training loss: 3233.8400
cellbender:remove-background: [epoch 123]  average training loss: 3232.7199
cellbender:remove-background: [epoch 124]  average training loss: 3232.9677
cellbender:remove-background: [epoch 125]  average training loss: 3232.8080
cellbender:remove-background: [epoch 125] average test loss: 3242.4680
cellbender:remove-background: [epoch 126]  average training loss: 3232.2266
cellbender:remove-background: [epoch 127]  average training loss: 3232.5908
cellbender:remove-background: [epoch 128]  average training loss: 3232.2477
cellbender:remove-background: [epoch 129]  average training loss: 3232.7583
cellbender:remove-background: [epoch 130]  average training loss: 3231.3080
cellbender:remove-background: [epoch 130] average test loss: 3243.2608
cellbender:remove-background: [epoch 131]  average training loss: 3231.5924
cellbender:remove-background: [epoch 132]  average training loss: 3231.2825
cellbender:remove-background: [epoch 133]  average training loss: 3231.6171
cellbender:remove-background: [epoch 134]  average training loss: 3231.7365
cellbender:remove-background: [epoch 135]  average training loss: 3230.9432
cellbender:remove-background: [epoch 135] average test loss: 3241.6912
cellbender:remove-background: [epoch 136]  average training loss: 3231.2425
cellbender:remove-background: [epoch 137]  average training loss: 3230.9225
cellbender:remove-background: [epoch 138]  average training loss: 3230.9623
cellbender:remove-background: [epoch 139]  average training loss: 3231.5267
cellbender:remove-background: [epoch 140]  average training loss: 3230.4399
cellbender:remove-background: [epoch 140] average test loss: 3239.8321
cellbender:remove-background: [epoch 141]  average training loss: 3231.3839
cellbender:remove-background: [epoch 142]  average training loss: 3230.7175
cellbender:remove-background: [epoch 143]  average training loss: 3231.2363
cellbender:remove-background: [epoch 144]  average training loss: 3230.7486
cellbender:remove-background: [epoch 145]  average training loss: 3230.0941
cellbender:remove-background: [epoch 145] average test loss: 3241.0996
cellbender:remove-background: [epoch 146]  average training loss: 3230.6046
cellbender:remove-background: [epoch 147]  average training loss: 3230.7094
cellbender:remove-background: [epoch 148]  average training loss: 3230.9980
cellbender:remove-background: [epoch 149]  average training loss: 3231.4129
cellbender:remove-background: [epoch 150]  average training loss: 3230.5453
cellbender:remove-background: [epoch 150] average test loss: 3240.9530
cellbender:remove-background: Inference procedure complete.
cellbender:remove-background: Training succeeded
cellbender:remove-background: 2023-07-16 02:51:10
cellbender:remove-background: Preparing to write outputs to file...
cellbender:remove-background: Optimal posterior regularization factor = 0.72
cellbender:remove-background: Succeeded in writing CellRanger v2 format output to file /home/dennis00/Yi_lab/cellbent_output_RAW/PTB1841_1.h5
cellbender:remove-background: Succeeded in writing CellRanger v2 format output to file /home/dennis00/Yi_lab/cellbent_output_RAW/PTB1841_1_filtered.h5
cellbender:remove-background: Saved cell barcodes in /home/dennis00/Yi_lab/cellbent_output_RAW/PTB1841_1_cell_barcodes.csv
cellbender:remove-background: Saved summary plots as /home/dennis00/Yi_lab/cellbent_output_RAW/PTB1841_1.pdf
cellbender:remove-background: Completed remove-background.
cellbender:remove-background: 2023-07-16 03:02:22

